CRITICAL - 2020-08-27 01:05:17 --> fclose() expects parameter 1 to be resource, string given
#0 [internal function]: CodeIgniter\Debug\Exceptions->errorHandler(2, 'fclose() expect...', '/Volumes/Storag...', 34, Array)
#1 /Volumes/Storage/WWW/webincms/app/Controllers/Backend/Asset.php(34): fclose('/Volumes/Storag...')
#2 /Volumes/Storage/WWW/webincms/vendor/codeigniter4/framework/system/CodeIgniter.php(918): App\Controllers\Backend\Asset->static('img', 'pexels-athena-2...')
#3 /Volumes/Storage/WWW/webincms/vendor/codeigniter4/framework/system/CodeIgniter.php(404): CodeIgniter\CodeIgniter->runController(Object(App\Controllers\Backend\Asset))
#4 /Volumes/Storage/WWW/webincms/vendor/codeigniter4/framework/system/CodeIgniter.php(312): CodeIgniter\CodeIgniter->handleRequest(NULL, Object(Config\Cache), false)
#5 /Volumes/Storage/WWW/webincms/public/index.php(45): CodeIgniter\CodeIgniter->run()
#6 {main}
CRITICAL - 2020-08-27 01:05:18 --> Uncaught CodeIgniter\Format\Exceptions\FormatException: Failed to parse json string, error: "Type is not supported". in /Volumes/Storage/WWW/webincms/vendor/codeigniter4/framework/system/Format/Exceptions/FormatException.php:9
Stack trace:
#0 /Volumes/Storage/WWW/webincms/vendor/codeigniter4/framework/system/Format/JSONFormatter.php(71): CodeIgniter\Format\Exceptions\FormatException::forInvalidJSON('Type is not sup...')
#1 /Volumes/Storage/WWW/webincms/vendor/codeigniter4/framework/system/API/ResponseTrait.php(414): CodeIgniter\Format\JSONFormatter->format(Array)
#2 /Volumes/Storage/WWW/webincms/vendor/codeigniter4/framework/system/API/ResponseTrait.php(134): CodeIgniter\Debug\Exceptions->format(Array)
#3 /Volumes/Storage/WWW/webincms/vendor/codeigniter4/framework/system/Debug/Exceptions.php(168): CodeIgniter\Debug\Exceptions->respond(Array, 500)
#4 [internal function]: CodeIgniter\Debug\Exceptions->exceptionHandler(Object(ErrorException))
#5 {main}
  thrown
#0 [internal function]: CodeIgniter\Debug\Exceptions->shutdownHandler()
#1 {main}
CRITICAL - 2020-08-27 01:05:26 --> fclose() expects parameter 1 to be resource, string given
#0 [internal function]: CodeIgniter\Debug\Exceptions->errorHandler(2, 'fclose() expect...', '/Volumes/Storag...', 34, Array)
#1 /Volumes/Storage/WWW/webincms/app/Controllers/Backend/Asset.php(34): fclose('/Volumes/Storag...')
#2 /Volumes/Storage/WWW/webincms/vendor/codeigniter4/framework/system/CodeIgniter.php(918): App\Controllers\Backend\Asset->static('img', 'pexels-pixabay-...')
#3 /Volumes/Storage/WWW/webincms/vendor/codeigniter4/framework/system/CodeIgniter.php(404): CodeIgniter\CodeIgniter->runController(Object(App\Controllers\Backend\Asset))
#4 /Volumes/Storage/WWW/webincms/vendor/codeigniter4/framework/system/CodeIgniter.php(312): CodeIgniter\CodeIgniter->handleRequest(NULL, Object(Config\Cache), false)
#5 /Volumes/Storage/WWW/webincms/public/index.php(45): CodeIgniter\CodeIgniter->run()
#6 {main}
CRITICAL - 2020-08-27 01:05:26 --> Uncaught CodeIgniter\Format\Exceptions\FormatException: Failed to parse json string, error: "Type is not supported". in /Volumes/Storage/WWW/webincms/vendor/codeigniter4/framework/system/Format/Exceptions/FormatException.php:9
Stack trace:
#0 /Volumes/Storage/WWW/webincms/vendor/codeigniter4/framework/system/Format/JSONFormatter.php(71): CodeIgniter\Format\Exceptions\FormatException::forInvalidJSON('Type is not sup...')
#1 /Volumes/Storage/WWW/webincms/vendor/codeigniter4/framework/system/API/ResponseTrait.php(414): CodeIgniter\Format\JSONFormatter->format(Array)
#2 /Volumes/Storage/WWW/webincms/vendor/codeigniter4/framework/system/API/ResponseTrait.php(134): CodeIgniter\Debug\Exceptions->format(Array)
#3 /Volumes/Storage/WWW/webincms/vendor/codeigniter4/framework/system/Debug/Exceptions.php(168): CodeIgniter\Debug\Exceptions->respond(Array, 500)
#4 [internal function]: CodeIgniter\Debug\Exceptions->exceptionHandler(Object(ErrorException))
#5 {main}
  thrown
#0 [internal function]: CodeIgniter\Debug\Exceptions->shutdownHandler()
#1 {main}
CRITICAL - 2020-08-27 09:14:53 --> fclose() expects parameter 1 to be resource, string given
#0 [internal function]: CodeIgniter\Debug\Exceptions->errorHandler(2, 'fclose() expect...', '/Volumes/Storag...', 34, Array)
#1 /Volumes/Storage/WWW/webincms/app/Controllers/Backend/Asset.php(34): fclose('/Volumes/Storag...')
#2 /Volumes/Storage/WWW/webincms/vendor/codeigniter4/framework/system/CodeIgniter.php(918): App\Controllers\Backend\Asset->static('img', 'pexels-athena-2...')
#3 /Volumes/Storage/WWW/webincms/vendor/codeigniter4/framework/system/CodeIgniter.php(404): CodeIgniter\CodeIgniter->runController(Object(App\Controllers\Backend\Asset))
#4 /Volumes/Storage/WWW/webincms/vendor/codeigniter4/framework/system/CodeIgniter.php(312): CodeIgniter\CodeIgniter->handleRequest(NULL, Object(Config\Cache), false)
#5 /Volumes/Storage/WWW/webincms/public/index.php(45): CodeIgniter\CodeIgniter->run()
#6 {main}
CRITICAL - 2020-08-27 09:14:53 --> Uncaught CodeIgniter\Format\Exceptions\FormatException: Failed to parse json string, error: "Type is not supported". in /Volumes/Storage/WWW/webincms/vendor/codeigniter4/framework/system/Format/Exceptions/FormatException.php:9
Stack trace:
#0 /Volumes/Storage/WWW/webincms/vendor/codeigniter4/framework/system/Format/JSONFormatter.php(71): CodeIgniter\Format\Exceptions\FormatException::forInvalidJSON('Type is not sup...')
#1 /Volumes/Storage/WWW/webincms/vendor/codeigniter4/framework/system/API/ResponseTrait.php(414): CodeIgniter\Format\JSONFormatter->format(Array)
#2 /Volumes/Storage/WWW/webincms/vendor/codeigniter4/framework/system/API/ResponseTrait.php(134): CodeIgniter\Debug\Exceptions->format(Array)
#3 /Volumes/Storage/WWW/webincms/vendor/codeigniter4/framework/system/Debug/Exceptions.php(168): CodeIgniter\Debug\Exceptions->respond(Array, 500)
#4 [internal function]: CodeIgniter\Debug\Exceptions->exceptionHandler(Object(ErrorException))
#5 {main}
  thrown
#0 [internal function]: CodeIgniter\Debug\Exceptions->shutdownHandler()
#1 {main}
CRITICAL - 2020-08-27 09:15:01 --> fclose() expects parameter 1 to be resource, string given
#0 [internal function]: CodeIgniter\Debug\Exceptions->errorHandler(2, 'fclose() expect...', '/Volumes/Storag...', 34, Array)
#1 /Volumes/Storage/WWW/webincms/app/Controllers/Backend/Asset.php(34): fclose('/Volumes/Storag...')
#2 /Volumes/Storage/WWW/webincms/vendor/codeigniter4/framework/system/CodeIgniter.php(918): App\Controllers\Backend\Asset->static('img', 'pexels-pixabay-...')
#3 /Volumes/Storage/WWW/webincms/vendor/codeigniter4/framework/system/CodeIgniter.php(404): CodeIgniter\CodeIgniter->runController(Object(App\Controllers\Backend\Asset))
#4 /Volumes/Storage/WWW/webincms/vendor/codeigniter4/framework/system/CodeIgniter.php(312): CodeIgniter\CodeIgniter->handleRequest(NULL, Object(Config\Cache), false)
#5 /Volumes/Storage/WWW/webincms/public/index.php(45): CodeIgniter\CodeIgniter->run()
#6 {main}
CRITICAL - 2020-08-27 09:15:01 --> Uncaught CodeIgniter\Format\Exceptions\FormatException: Failed to parse json string, error: "Type is not supported". in /Volumes/Storage/WWW/webincms/vendor/codeigniter4/framework/system/Format/Exceptions/FormatException.php:9
Stack trace:
#0 /Volumes/Storage/WWW/webincms/vendor/codeigniter4/framework/system/Format/JSONFormatter.php(71): CodeIgniter\Format\Exceptions\FormatException::forInvalidJSON('Type is not sup...')
#1 /Volumes/Storage/WWW/webincms/vendor/codeigniter4/framework/system/API/ResponseTrait.php(414): CodeIgniter\Format\JSONFormatter->format(Array)
#2 /Volumes/Storage/WWW/webincms/vendor/codeigniter4/framework/system/API/ResponseTrait.php(134): CodeIgniter\Debug\Exceptions->format(Array)
#3 /Volumes/Storage/WWW/webincms/vendor/codeigniter4/framework/system/Debug/Exceptions.php(168): CodeIgniter\Debug\Exceptions->respond(Array, 500)
#4 [internal function]: CodeIgniter\Debug\Exceptions->exceptionHandler(Object(ErrorException))
#5 {main}
  thrown
#0 [internal function]: CodeIgniter\Debug\Exceptions->shutdownHandler()
#1 {main}
CRITICAL - 2020-08-27 09:15:24 --> fclose() expects parameter 1 to be resource, string given
#0 [internal function]: CodeIgniter\Debug\Exceptions->errorHandler(2, 'fclose() expect...', '/Volumes/Storag...', 34, Array)
#1 /Volumes/Storage/WWW/webincms/app/Controllers/Backend/Asset.php(34): fclose('/Volumes/Storag...')
#2 /Volumes/Storage/WWW/webincms/vendor/codeigniter4/framework/system/CodeIgniter.php(918): App\Controllers\Backend\Asset->static('img', 'pexels-pixabay-...')
#3 /Volumes/Storage/WWW/webincms/vendor/codeigniter4/framework/system/CodeIgniter.php(404): CodeIgniter\CodeIgniter->runController(Object(App\Controllers\Backend\Asset))
#4 /Volumes/Storage/WWW/webincms/vendor/codeigniter4/framework/system/CodeIgniter.php(312): CodeIgniter\CodeIgniter->handleRequest(NULL, Object(Config\Cache), false)
#5 /Volumes/Storage/WWW/webincms/public/index.php(45): CodeIgniter\CodeIgniter->run()
#6 {main}
CRITICAL - 2020-08-27 09:15:24 --> Uncaught CodeIgniter\Format\Exceptions\FormatException: Failed to parse json string, error: "Type is not supported". in /Volumes/Storage/WWW/webincms/vendor/codeigniter4/framework/system/Format/Exceptions/FormatException.php:9
Stack trace:
#0 /Volumes/Storage/WWW/webincms/vendor/codeigniter4/framework/system/Format/JSONFormatter.php(71): CodeIgniter\Format\Exceptions\FormatException::forInvalidJSON('Type is not sup...')
#1 /Volumes/Storage/WWW/webincms/vendor/codeigniter4/framework/system/API/ResponseTrait.php(414): CodeIgniter\Format\JSONFormatter->format(Array)
#2 /Volumes/Storage/WWW/webincms/vendor/codeigniter4/framework/system/API/ResponseTrait.php(134): CodeIgniter\Debug\Exceptions->format(Array)
#3 /Volumes/Storage/WWW/webincms/vendor/codeigniter4/framework/system/Debug/Exceptions.php(168): CodeIgniter\Debug\Exceptions->respond(Array, 500)
#4 [internal function]: CodeIgniter\Debug\Exceptions->exceptionHandler(Object(ErrorException))
#5 {main}
  thrown
#0 [internal function]: CodeIgniter\Debug\Exceptions->shutdownHandler()
#1 {main}
CRITICAL - 2020-08-27 09:25:28 --> fclose() expects parameter 1 to be resource, string given
#0 [internal function]: CodeIgniter\Debug\Exceptions->errorHandler(2, 'fclose() expect...', '/Volumes/Storag...', 34, Array)
#1 /Volumes/Storage/WWW/webincms/app/Controllers/Backend/Asset.php(34): fclose('/Volumes/Storag...')
#2 /Volumes/Storage/WWW/webincms/vendor/codeigniter4/framework/system/CodeIgniter.php(918): App\Controllers\Backend\Asset->static('img', 'pexels-pixabay-...')
#3 /Volumes/Storage/WWW/webincms/vendor/codeigniter4/framework/system/CodeIgniter.php(404): CodeIgniter\CodeIgniter->runController(Object(App\Controllers\Backend\Asset))
#4 /Volumes/Storage/WWW/webincms/vendor/codeigniter4/framework/system/CodeIgniter.php(312): CodeIgniter\CodeIgniter->handleRequest(NULL, Object(Config\Cache), false)
#5 /Volumes/Storage/WWW/webincms/public/index.php(45): CodeIgniter\CodeIgniter->run()
#6 {main}
CRITICAL - 2020-08-27 09:25:28 --> Uncaught CodeIgniter\Format\Exceptions\FormatException: Failed to parse json string, error: "Type is not supported". in /Volumes/Storage/WWW/webincms/vendor/codeigniter4/framework/system/Format/Exceptions/FormatException.php:9
Stack trace:
#0 /Volumes/Storage/WWW/webincms/vendor/codeigniter4/framework/system/Format/JSONFormatter.php(71): CodeIgniter\Format\Exceptions\FormatException::forInvalidJSON('Type is not sup...')
#1 /Volumes/Storage/WWW/webincms/vendor/codeigniter4/framework/system/API/ResponseTrait.php(414): CodeIgniter\Format\JSONFormatter->format(Array)
#2 /Volumes/Storage/WWW/webincms/vendor/codeigniter4/framework/system/API/ResponseTrait.php(134): CodeIgniter\Debug\Exceptions->format(Array)
#3 /Volumes/Storage/WWW/webincms/vendor/codeigniter4/framework/system/Debug/Exceptions.php(168): CodeIgniter\Debug\Exceptions->respond(Array, 500)
#4 [internal function]: CodeIgniter\Debug\Exceptions->exceptionHandler(Object(ErrorException))
#5 {main}
  thrown
#0 [internal function]: CodeIgniter\Debug\Exceptions->shutdownHandler()
#1 {main}
CRITICAL - 2020-08-27 09:25:31 --> Undefined variable: post
#0 /Volumes/Storage/WWW/webincms/app/Views/page/edit.php(65): CodeIgniter\Debug\Exceptions->errorHandler(8, 'Undefined varia...', '/Volumes/Storag...', 65, Array)
#1 /Volumes/Storage/WWW/webincms/vendor/codeigniter4/framework/system/View/View.php(246): include('/Volumes/Storag...')
#2 /Volumes/Storage/WWW/webincms/vendor/codeigniter4/framework/system/Common.php(1119): CodeIgniter\View\View->render('page/edit', Array, true)
#3 /Volumes/Storage/WWW/webincms/app/Controllers/Backend/Page.php(88): view('page/edit', Array)
#4 /Volumes/Storage/WWW/webincms/vendor/codeigniter4/framework/system/CodeIgniter.php(918): App\Controllers\Backend\Page->edit('4')
#5 /Volumes/Storage/WWW/webincms/vendor/codeigniter4/framework/system/CodeIgniter.php(404): CodeIgniter\CodeIgniter->runController(Object(App\Controllers\Backend\Page))
#6 /Volumes/Storage/WWW/webincms/vendor/codeigniter4/framework/system/CodeIgniter.php(312): CodeIgniter\CodeIgniter->handleRequest(NULL, Object(Config\Cache), false)
#7 /Volumes/Storage/WWW/webincms/public/index.php(45): CodeIgniter\CodeIgniter->run()
#8 {main}
CRITICAL - 2020-08-27 09:25:31 --> Uncaught ErrorException: Undefined variable: viewFile in /Volumes/Storage/WWW/webincms/vendor/codeigniter4/framework/system/Debug/Exceptions.php:308
Stack trace:
#0 /Volumes/Storage/WWW/webincms/vendor/codeigniter4/framework/system/Debug/Exceptions.php(308): CodeIgniter\Debug\Exceptions->errorHandler(8, 'Undefined varia...', '/Volumes/Storag...', 308, Array)
#1 /Volumes/Storage/WWW/webincms/vendor/codeigniter4/framework/system/Debug/Exceptions.php(308): include()
#2 /Volumes/Storage/WWW/webincms/vendor/codeigniter4/framework/system/Debug/Exceptions.php(174): CodeIgniter\Debug\Exceptions->render(Object(ErrorException), 500)
#3 [internal function]: CodeIgniter\Debug\Exceptions->exceptionHandler(Object(ErrorException))
#4 {main}
  thrown
#0 [internal function]: CodeIgniter\Debug\Exceptions->shutdownHandler()
#1 {main}
CRITICAL - 2020-08-27 09:26:52 --> fclose() expects parameter 1 to be resource, string given
#0 [internal function]: CodeIgniter\Debug\Exceptions->errorHandler(2, 'fclose() expect...', '/Volumes/Storag...', 34, Array)
#1 /Volumes/Storage/WWW/webincms/app/Controllers/Backend/Asset.php(34): fclose('/Volumes/Storag...')
#2 /Volumes/Storage/WWW/webincms/vendor/codeigniter4/framework/system/CodeIgniter.php(918): App\Controllers\Backend\Asset->static('img', 'pexels-pixabay-...')
#3 /Volumes/Storage/WWW/webincms/vendor/codeigniter4/framework/system/CodeIgniter.php(404): CodeIgniter\CodeIgniter->runController(Object(App\Controllers\Backend\Asset))
#4 /Volumes/Storage/WWW/webincms/vendor/codeigniter4/framework/system/CodeIgniter.php(312): CodeIgniter\CodeIgniter->handleRequest(NULL, Object(Config\Cache), false)
#5 /Volumes/Storage/WWW/webincms/public/index.php(45): CodeIgniter\CodeIgniter->run()
#6 {main}
CRITICAL - 2020-08-27 09:26:52 --> Uncaught CodeIgniter\Format\Exceptions\FormatException: Failed to parse json string, error: "Type is not supported". in /Volumes/Storage/WWW/webincms/vendor/codeigniter4/framework/system/Format/Exceptions/FormatException.php:9
Stack trace:
#0 /Volumes/Storage/WWW/webincms/vendor/codeigniter4/framework/system/Format/JSONFormatter.php(71): CodeIgniter\Format\Exceptions\FormatException::forInvalidJSON('Type is not sup...')
#1 /Volumes/Storage/WWW/webincms/vendor/codeigniter4/framework/system/API/ResponseTrait.php(414): CodeIgniter\Format\JSONFormatter->format(Array)
#2 /Volumes/Storage/WWW/webincms/vendor/codeigniter4/framework/system/API/ResponseTrait.php(134): CodeIgniter\Debug\Exceptions->format(Array)
#3 /Volumes/Storage/WWW/webincms/vendor/codeigniter4/framework/system/Debug/Exceptions.php(168): CodeIgniter\Debug\Exceptions->respond(Array, 500)
#4 [internal function]: CodeIgniter\Debug\Exceptions->exceptionHandler(Object(ErrorException))
#5 {main}
  thrown
#0 [internal function]: CodeIgniter\Debug\Exceptions->shutdownHandler()
#1 {main}
CRITICAL - 2020-08-27 09:27:00 --> fclose() expects parameter 1 to be resource, string given
#0 [internal function]: CodeIgniter\Debug\Exceptions->errorHandler(2, 'fclose() expect...', '/Volumes/Storag...', 34, Array)
#1 /Volumes/Storage/WWW/webincms/app/Controllers/Backend/Asset.php(34): fclose('/Volumes/Storag...')
#2 /Volumes/Storage/WWW/webincms/vendor/codeigniter4/framework/system/CodeIgniter.php(918): App\Controllers\Backend\Asset->static('img', 'pexels-pixabay-...')
#3 /Volumes/Storage/WWW/webincms/vendor/codeigniter4/framework/system/CodeIgniter.php(404): CodeIgniter\CodeIgniter->runController(Object(App\Controllers\Backend\Asset))
#4 /Volumes/Storage/WWW/webincms/vendor/codeigniter4/framework/system/CodeIgniter.php(312): CodeIgniter\CodeIgniter->handleRequest(NULL, Object(Config\Cache), false)
#5 /Volumes/Storage/WWW/webincms/public/index.php(45): CodeIgniter\CodeIgniter->run()
#6 {main}
CRITICAL - 2020-08-27 09:27:00 --> Uncaught CodeIgniter\Format\Exceptions\FormatException: Failed to parse json string, error: "Type is not supported". in /Volumes/Storage/WWW/webincms/vendor/codeigniter4/framework/system/Format/Exceptions/FormatException.php:9
Stack trace:
#0 /Volumes/Storage/WWW/webincms/vendor/codeigniter4/framework/system/Format/JSONFormatter.php(71): CodeIgniter\Format\Exceptions\FormatException::forInvalidJSON('Type is not sup...')
#1 /Volumes/Storage/WWW/webincms/vendor/codeigniter4/framework/system/API/ResponseTrait.php(414): CodeIgniter\Format\JSONFormatter->format(Array)
#2 /Volumes/Storage/WWW/webincms/vendor/codeigniter4/framework/system/API/ResponseTrait.php(134): CodeIgniter\Debug\Exceptions->format(Array)
#3 /Volumes/Storage/WWW/webincms/vendor/codeigniter4/framework/system/Debug/Exceptions.php(168): CodeIgniter\Debug\Exceptions->respond(Array, 500)
#4 [internal function]: CodeIgniter\Debug\Exceptions->exceptionHandler(Object(ErrorException))
#5 {main}
  thrown
#0 [internal function]: CodeIgniter\Debug\Exceptions->shutdownHandler()
#1 {main}
CRITICAL - 2020-08-27 09:27:54 --> fclose() expects parameter 1 to be resource, string given
#0 [internal function]: CodeIgniter\Debug\Exceptions->errorHandler(2, 'fclose() expect...', '/Volumes/Storag...', 34, Array)
#1 /Volumes/Storage/WWW/webincms/app/Controllers/Backend/Asset.php(34): fclose('/Volumes/Storag...')
#2 /Volumes/Storage/WWW/webincms/vendor/codeigniter4/framework/system/CodeIgniter.php(918): App\Controllers\Backend\Asset->static('img', 'pexels-pixabay-...')
#3 /Volumes/Storage/WWW/webincms/vendor/codeigniter4/framework/system/CodeIgniter.php(404): CodeIgniter\CodeIgniter->runController(Object(App\Controllers\Backend\Asset))
#4 /Volumes/Storage/WWW/webincms/vendor/codeigniter4/framework/system/CodeIgniter.php(312): CodeIgniter\CodeIgniter->handleRequest(NULL, Object(Config\Cache), false)
#5 /Volumes/Storage/WWW/webincms/public/index.php(45): CodeIgniter\CodeIgniter->run()
#6 {main}
CRITICAL - 2020-08-27 09:27:54 --> Uncaught CodeIgniter\Format\Exceptions\FormatException: Failed to parse json string, error: "Type is not supported". in /Volumes/Storage/WWW/webincms/vendor/codeigniter4/framework/system/Format/Exceptions/FormatException.php:9
Stack trace:
#0 /Volumes/Storage/WWW/webincms/vendor/codeigniter4/framework/system/Format/JSONFormatter.php(71): CodeIgniter\Format\Exceptions\FormatException::forInvalidJSON('Type is not sup...')
#1 /Volumes/Storage/WWW/webincms/vendor/codeigniter4/framework/system/API/ResponseTrait.php(414): CodeIgniter\Format\JSONFormatter->format(Array)
#2 /Volumes/Storage/WWW/webincms/vendor/codeigniter4/framework/system/API/ResponseTrait.php(134): CodeIgniter\Debug\Exceptions->format(Array)
#3 /Volumes/Storage/WWW/webincms/vendor/codeigniter4/framework/system/Debug/Exceptions.php(168): CodeIgniter\Debug\Exceptions->respond(Array, 500)
#4 [internal function]: CodeIgniter\Debug\Exceptions->exceptionHandler(Object(ErrorException))
#5 {main}
  thrown
#0 [internal function]: CodeIgniter\Debug\Exceptions->shutdownHandler()
#1 {main}
CRITICAL - 2020-08-27 09:30:05 --> fclose() expects parameter 1 to be resource, string given
#0 [internal function]: CodeIgniter\Debug\Exceptions->errorHandler(2, 'fclose() expect...', '/Volumes/Storag...', 34, Array)
#1 /Volumes/Storage/WWW/webincms/app/Controllers/Backend/Asset.php(34): fclose('/Volumes/Storag...')
#2 /Volumes/Storage/WWW/webincms/vendor/codeigniter4/framework/system/CodeIgniter.php(918): App\Controllers\Backend\Asset->static('img', 'pexels-pixabay-...')
#3 /Volumes/Storage/WWW/webincms/vendor/codeigniter4/framework/system/CodeIgniter.php(404): CodeIgniter\CodeIgniter->runController(Object(App\Controllers\Backend\Asset))
#4 /Volumes/Storage/WWW/webincms/vendor/codeigniter4/framework/system/CodeIgniter.php(312): CodeIgniter\CodeIgniter->handleRequest(NULL, Object(Config\Cache), false)
#5 /Volumes/Storage/WWW/webincms/public/index.php(45): CodeIgniter\CodeIgniter->run()
#6 {main}
CRITICAL - 2020-08-27 09:30:05 --> Uncaught CodeIgniter\Format\Exceptions\FormatException: Failed to parse json string, error: "Type is not supported". in /Volumes/Storage/WWW/webincms/vendor/codeigniter4/framework/system/Format/Exceptions/FormatException.php:9
Stack trace:
#0 /Volumes/Storage/WWW/webincms/vendor/codeigniter4/framework/system/Format/JSONFormatter.php(71): CodeIgniter\Format\Exceptions\FormatException::forInvalidJSON('Type is not sup...')
#1 /Volumes/Storage/WWW/webincms/vendor/codeigniter4/framework/system/API/ResponseTrait.php(414): CodeIgniter\Format\JSONFormatter->format(Array)
#2 /Volumes/Storage/WWW/webincms/vendor/codeigniter4/framework/system/API/ResponseTrait.php(134): CodeIgniter\Debug\Exceptions->format(Array)
#3 /Volumes/Storage/WWW/webincms/vendor/codeigniter4/framework/system/Debug/Exceptions.php(168): CodeIgniter\Debug\Exceptions->respond(Array, 500)
#4 [internal function]: CodeIgniter\Debug\Exceptions->exceptionHandler(Object(ErrorException))
#5 {main}
  thrown
#0 [internal function]: CodeIgniter\Debug\Exceptions->shutdownHandler()
#1 {main}
CRITICAL - 2020-08-27 09:30:10 --> fclose() expects parameter 1 to be resource, string given
#0 [internal function]: CodeIgniter\Debug\Exceptions->errorHandler(2, 'fclose() expect...', '/Volumes/Storag...', 34, Array)
#1 /Volumes/Storage/WWW/webincms/app/Controllers/Backend/Asset.php(34): fclose('/Volumes/Storag...')
#2 /Volumes/Storage/WWW/webincms/vendor/codeigniter4/framework/system/CodeIgniter.php(918): App\Controllers\Backend\Asset->static('img', 'pexels-pixabay-...')
#3 /Volumes/Storage/WWW/webincms/vendor/codeigniter4/framework/system/CodeIgniter.php(404): CodeIgniter\CodeIgniter->runController(Object(App\Controllers\Backend\Asset))
#4 /Volumes/Storage/WWW/webincms/vendor/codeigniter4/framework/system/CodeIgniter.php(312): CodeIgniter\CodeIgniter->handleRequest(NULL, Object(Config\Cache), false)
#5 /Volumes/Storage/WWW/webincms/public/index.php(45): CodeIgniter\CodeIgniter->run()
#6 {main}
CRITICAL - 2020-08-27 09:30:10 --> Uncaught CodeIgniter\Format\Exceptions\FormatException: Failed to parse json string, error: "Type is not supported". in /Volumes/Storage/WWW/webincms/vendor/codeigniter4/framework/system/Format/Exceptions/FormatException.php:9
Stack trace:
#0 /Volumes/Storage/WWW/webincms/vendor/codeigniter4/framework/system/Format/JSONFormatter.php(71): CodeIgniter\Format\Exceptions\FormatException::forInvalidJSON('Type is not sup...')
#1 /Volumes/Storage/WWW/webincms/vendor/codeigniter4/framework/system/API/ResponseTrait.php(414): CodeIgniter\Format\JSONFormatter->format(Array)
#2 /Volumes/Storage/WWW/webincms/vendor/codeigniter4/framework/system/API/ResponseTrait.php(134): CodeIgniter\Debug\Exceptions->format(Array)
#3 /Volumes/Storage/WWW/webincms/vendor/codeigniter4/framework/system/Debug/Exceptions.php(168): CodeIgniter\Debug\Exceptions->respond(Array, 500)
#4 [internal function]: CodeIgniter\Debug\Exceptions->exceptionHandler(Object(ErrorException))
#5 {main}
  thrown
#0 [internal function]: CodeIgniter\Debug\Exceptions->shutdownHandler()
#1 {main}
CRITICAL - 2020-08-27 09:30:31 --> fclose() expects parameter 1 to be resource, string given
#0 [internal function]: CodeIgniter\Debug\Exceptions->errorHandler(2, 'fclose() expect...', '/Volumes/Storag...', 34, Array)
#1 /Volumes/Storage/WWW/webincms/app/Controllers/Backend/Asset.php(34): fclose('/Volumes/Storag...')
#2 /Volumes/Storage/WWW/webincms/vendor/codeigniter4/framework/system/CodeIgniter.php(918): App\Controllers\Backend\Asset->static('img', 'pexels-pixabay-...')
#3 /Volumes/Storage/WWW/webincms/vendor/codeigniter4/framework/system/CodeIgniter.php(404): CodeIgniter\CodeIgniter->runController(Object(App\Controllers\Backend\Asset))
#4 /Volumes/Storage/WWW/webincms/vendor/codeigniter4/framework/system/CodeIgniter.php(312): CodeIgniter\CodeIgniter->handleRequest(NULL, Object(Config\Cache), false)
#5 /Volumes/Storage/WWW/webincms/public/index.php(45): CodeIgniter\CodeIgniter->run()
#6 {main}
CRITICAL - 2020-08-27 09:30:31 --> Uncaught CodeIgniter\Format\Exceptions\FormatException: Failed to parse json string, error: "Type is not supported". in /Volumes/Storage/WWW/webincms/vendor/codeigniter4/framework/system/Format/Exceptions/FormatException.php:9
Stack trace:
#0 /Volumes/Storage/WWW/webincms/vendor/codeigniter4/framework/system/Format/JSONFormatter.php(71): CodeIgniter\Format\Exceptions\FormatException::forInvalidJSON('Type is not sup...')
#1 /Volumes/Storage/WWW/webincms/vendor/codeigniter4/framework/system/API/ResponseTrait.php(414): CodeIgniter\Format\JSONFormatter->format(Array)
#2 /Volumes/Storage/WWW/webincms/vendor/codeigniter4/framework/system/API/ResponseTrait.php(134): CodeIgniter\Debug\Exceptions->format(Array)
#3 /Volumes/Storage/WWW/webincms/vendor/codeigniter4/framework/system/Debug/Exceptions.php(168): CodeIgniter\Debug\Exceptions->respond(Array, 500)
#4 [internal function]: CodeIgniter\Debug\Exceptions->exceptionHandler(Object(ErrorException))
#5 {main}
  thrown
#0 [internal function]: CodeIgniter\Debug\Exceptions->shutdownHandler()
#1 {main}
CRITICAL - 2020-08-27 09:31:25 --> fclose() expects parameter 1 to be resource, string given
#0 [internal function]: CodeIgniter\Debug\Exceptions->errorHandler(2, 'fclose() expect...', '/Volumes/Storag...', 34, Array)
#1 /Volumes/Storage/WWW/webincms/app/Controllers/Backend/Asset.php(34): fclose('/Volumes/Storag...')
#2 /Volumes/Storage/WWW/webincms/vendor/codeigniter4/framework/system/CodeIgniter.php(918): App\Controllers\Backend\Asset->static('img', 'pexels-pixabay-...')
#3 /Volumes/Storage/WWW/webincms/vendor/codeigniter4/framework/system/CodeIgniter.php(404): CodeIgniter\CodeIgniter->runController(Object(App\Controllers\Backend\Asset))
#4 /Volumes/Storage/WWW/webincms/vendor/codeigniter4/framework/system/CodeIgniter.php(312): CodeIgniter\CodeIgniter->handleRequest(NULL, Object(Config\Cache), false)
#5 /Volumes/Storage/WWW/webincms/public/index.php(45): CodeIgniter\CodeIgniter->run()
#6 {main}
CRITICAL - 2020-08-27 09:31:25 --> Uncaught CodeIgniter\Format\Exceptions\FormatException: Failed to parse json string, error: "Type is not supported". in /Volumes/Storage/WWW/webincms/vendor/codeigniter4/framework/system/Format/Exceptions/FormatException.php:9
Stack trace:
#0 /Volumes/Storage/WWW/webincms/vendor/codeigniter4/framework/system/Format/JSONFormatter.php(71): CodeIgniter\Format\Exceptions\FormatException::forInvalidJSON('Type is not sup...')
#1 /Volumes/Storage/WWW/webincms/vendor/codeigniter4/framework/system/API/ResponseTrait.php(414): CodeIgniter\Format\JSONFormatter->format(Array)
#2 /Volumes/Storage/WWW/webincms/vendor/codeigniter4/framework/system/API/ResponseTrait.php(134): CodeIgniter\Debug\Exceptions->format(Array)
#3 /Volumes/Storage/WWW/webincms/vendor/codeigniter4/framework/system/Debug/Exceptions.php(168): CodeIgniter\Debug\Exceptions->respond(Array, 500)
#4 [internal function]: CodeIgniter\Debug\Exceptions->exceptionHandler(Object(ErrorException))
#5 {main}
  thrown
#0 [internal function]: CodeIgniter\Debug\Exceptions->shutdownHandler()
#1 {main}
CRITICAL - 2020-08-27 09:31:28 --> fclose() expects parameter 1 to be resource, string given
#0 [internal function]: CodeIgniter\Debug\Exceptions->errorHandler(2, 'fclose() expect...', '/Volumes/Storag...', 34, Array)
#1 /Volumes/Storage/WWW/webincms/app/Controllers/Backend/Asset.php(34): fclose('/Volumes/Storag...')
#2 /Volumes/Storage/WWW/webincms/vendor/codeigniter4/framework/system/CodeIgniter.php(918): App\Controllers\Backend\Asset->static('img', 'pexels-pixabay-...')
#3 /Volumes/Storage/WWW/webincms/vendor/codeigniter4/framework/system/CodeIgniter.php(404): CodeIgniter\CodeIgniter->runController(Object(App\Controllers\Backend\Asset))
#4 /Volumes/Storage/WWW/webincms/vendor/codeigniter4/framework/system/CodeIgniter.php(312): CodeIgniter\CodeIgniter->handleRequest(NULL, Object(Config\Cache), false)
#5 /Volumes/Storage/WWW/webincms/public/index.php(45): CodeIgniter\CodeIgniter->run()
#6 {main}
CRITICAL - 2020-08-27 09:31:28 --> Uncaught CodeIgniter\Format\Exceptions\FormatException: Failed to parse json string, error: "Type is not supported". in /Volumes/Storage/WWW/webincms/vendor/codeigniter4/framework/system/Format/Exceptions/FormatException.php:9
Stack trace:
#0 /Volumes/Storage/WWW/webincms/vendor/codeigniter4/framework/system/Format/JSONFormatter.php(71): CodeIgniter\Format\Exceptions\FormatException::forInvalidJSON('Type is not sup...')
#1 /Volumes/Storage/WWW/webincms/vendor/codeigniter4/framework/system/API/ResponseTrait.php(414): CodeIgniter\Format\JSONFormatter->format(Array)
#2 /Volumes/Storage/WWW/webincms/vendor/codeigniter4/framework/system/API/ResponseTrait.php(134): CodeIgniter\Debug\Exceptions->format(Array)
#3 /Volumes/Storage/WWW/webincms/vendor/codeigniter4/framework/system/Debug/Exceptions.php(168): CodeIgniter\Debug\Exceptions->respond(Array, 500)
#4 [internal function]: CodeIgniter\Debug\Exceptions->exceptionHandler(Object(ErrorException))
#5 {main}
  thrown
#0 [internal function]: CodeIgniter\Debug\Exceptions->shutdownHandler()
#1 {main}
CRITICAL - 2020-08-27 09:31:30 --> fclose() expects parameter 1 to be resource, string given
#0 [internal function]: CodeIgniter\Debug\Exceptions->errorHandler(2, 'fclose() expect...', '/Volumes/Storag...', 34, Array)
#1 /Volumes/Storage/WWW/webincms/app/Controllers/Backend/Asset.php(34): fclose('/Volumes/Storag...')
#2 /Volumes/Storage/WWW/webincms/vendor/codeigniter4/framework/system/CodeIgniter.php(918): App\Controllers\Backend\Asset->static('img', 'pexels-pixabay-...')
#3 /Volumes/Storage/WWW/webincms/vendor/codeigniter4/framework/system/CodeIgniter.php(404): CodeIgniter\CodeIgniter->runController(Object(App\Controllers\Backend\Asset))
#4 /Volumes/Storage/WWW/webincms/vendor/codeigniter4/framework/system/CodeIgniter.php(312): CodeIgniter\CodeIgniter->handleRequest(NULL, Object(Config\Cache), false)
#5 /Volumes/Storage/WWW/webincms/public/index.php(45): CodeIgniter\CodeIgniter->run()
#6 {main}
CRITICAL - 2020-08-27 09:31:30 --> Uncaught CodeIgniter\Format\Exceptions\FormatException: Failed to parse json string, error: "Type is not supported". in /Volumes/Storage/WWW/webincms/vendor/codeigniter4/framework/system/Format/Exceptions/FormatException.php:9
Stack trace:
#0 /Volumes/Storage/WWW/webincms/vendor/codeigniter4/framework/system/Format/JSONFormatter.php(71): CodeIgniter\Format\Exceptions\FormatException::forInvalidJSON('Type is not sup...')
#1 /Volumes/Storage/WWW/webincms/vendor/codeigniter4/framework/system/API/ResponseTrait.php(414): CodeIgniter\Format\JSONFormatter->format(Array)
#2 /Volumes/Storage/WWW/webincms/vendor/codeigniter4/framework/system/API/ResponseTrait.php(134): CodeIgniter\Debug\Exceptions->format(Array)
#3 /Volumes/Storage/WWW/webincms/vendor/codeigniter4/framework/system/Debug/Exceptions.php(168): CodeIgniter\Debug\Exceptions->respond(Array, 500)
#4 [internal function]: CodeIgniter\Debug\Exceptions->exceptionHandler(Object(ErrorException))
#5 {main}
  thrown
#0 [internal function]: CodeIgniter\Debug\Exceptions->shutdownHandler()
#1 {main}
CRITICAL - 2020-08-27 09:31:35 --> fclose() expects parameter 1 to be resource, string given
#0 [internal function]: CodeIgniter\Debug\Exceptions->errorHandler(2, 'fclose() expect...', '/Volumes/Storag...', 34, Array)
#1 /Volumes/Storage/WWW/webincms/app/Controllers/Backend/Asset.php(34): fclose('/Volumes/Storag...')
#2 /Volumes/Storage/WWW/webincms/vendor/codeigniter4/framework/system/CodeIgniter.php(918): App\Controllers\Backend\Asset->static('img', 'pexels-pixabay-...')
#3 /Volumes/Storage/WWW/webincms/vendor/codeigniter4/framework/system/CodeIgniter.php(404): CodeIgniter\CodeIgniter->runController(Object(App\Controllers\Backend\Asset))
#4 /Volumes/Storage/WWW/webincms/vendor/codeigniter4/framework/system/CodeIgniter.php(312): CodeIgniter\CodeIgniter->handleRequest(NULL, Object(Config\Cache), false)
#5 /Volumes/Storage/WWW/webincms/public/index.php(45): CodeIgniter\CodeIgniter->run()
#6 {main}
CRITICAL - 2020-08-27 09:31:35 --> Uncaught CodeIgniter\Format\Exceptions\FormatException: Failed to parse json string, error: "Type is not supported". in /Volumes/Storage/WWW/webincms/vendor/codeigniter4/framework/system/Format/Exceptions/FormatException.php:9
Stack trace:
#0 /Volumes/Storage/WWW/webincms/vendor/codeigniter4/framework/system/Format/JSONFormatter.php(71): CodeIgniter\Format\Exceptions\FormatException::forInvalidJSON('Type is not sup...')
#1 /Volumes/Storage/WWW/webincms/vendor/codeigniter4/framework/system/API/ResponseTrait.php(414): CodeIgniter\Format\JSONFormatter->format(Array)
#2 /Volumes/Storage/WWW/webincms/vendor/codeigniter4/framework/system/API/ResponseTrait.php(134): CodeIgniter\Debug\Exceptions->format(Array)
#3 /Volumes/Storage/WWW/webincms/vendor/codeigniter4/framework/system/Debug/Exceptions.php(168): CodeIgniter\Debug\Exceptions->respond(Array, 500)
#4 [internal function]: CodeIgniter\Debug\Exceptions->exceptionHandler(Object(ErrorException))
#5 {main}
  thrown
#0 [internal function]: CodeIgniter\Debug\Exceptions->shutdownHandler()
#1 {main}
CRITICAL - 2020-08-27 09:31:37 --> fclose() expects parameter 1 to be resource, string given
#0 [internal function]: CodeIgniter\Debug\Exceptions->errorHandler(2, 'fclose() expect...', '/Volumes/Storag...', 34, Array)
#1 /Volumes/Storage/WWW/webincms/app/Controllers/Backend/Asset.php(34): fclose('/Volumes/Storag...')
#2 /Volumes/Storage/WWW/webincms/vendor/codeigniter4/framework/system/CodeIgniter.php(918): App\Controllers\Backend\Asset->static('img', 'pexels-pixabay-...')
#3 /Volumes/Storage/WWW/webincms/vendor/codeigniter4/framework/system/CodeIgniter.php(404): CodeIgniter\CodeIgniter->runController(Object(App\Controllers\Backend\Asset))
#4 /Volumes/Storage/WWW/webincms/vendor/codeigniter4/framework/system/CodeIgniter.php(312): CodeIgniter\CodeIgniter->handleRequest(NULL, Object(Config\Cache), false)
#5 /Volumes/Storage/WWW/webincms/public/index.php(45): CodeIgniter\CodeIgniter->run()
#6 {main}
CRITICAL - 2020-08-27 09:31:37 --> Uncaught CodeIgniter\Format\Exceptions\FormatException: Failed to parse json string, error: "Type is not supported". in /Volumes/Storage/WWW/webincms/vendor/codeigniter4/framework/system/Format/Exceptions/FormatException.php:9
Stack trace:
#0 /Volumes/Storage/WWW/webincms/vendor/codeigniter4/framework/system/Format/JSONFormatter.php(71): CodeIgniter\Format\Exceptions\FormatException::forInvalidJSON('Type is not sup...')
#1 /Volumes/Storage/WWW/webincms/vendor/codeigniter4/framework/system/API/ResponseTrait.php(414): CodeIgniter\Format\JSONFormatter->format(Array)
#2 /Volumes/Storage/WWW/webincms/vendor/codeigniter4/framework/system/API/ResponseTrait.php(134): CodeIgniter\Debug\Exceptions->format(Array)
#3 /Volumes/Storage/WWW/webincms/vendor/codeigniter4/framework/system/Debug/Exceptions.php(168): CodeIgniter\Debug\Exceptions->respond(Array, 500)
#4 [internal function]: CodeIgniter\Debug\Exceptions->exceptionHandler(Object(ErrorException))
#5 {main}
  thrown
#0 [internal function]: CodeIgniter\Debug\Exceptions->shutdownHandler()
#1 {main}
CRITICAL - 2020-08-27 16:00:28 --> fclose() expects parameter 1 to be resource, string given
#0 [internal function]: CodeIgniter\Debug\Exceptions->errorHandler(2, 'fclose() expect...', '/Volumes/Storag...', 34, Array)
#1 /Volumes/Storage/WWW/webincms/app/Controllers/Backend/Asset.php(34): fclose('/Volumes/Storag...')
#2 /Volumes/Storage/WWW/webincms/vendor/codeigniter4/framework/system/CodeIgniter.php(918): App\Controllers\Backend\Asset->static('img', 'pexels-athena-2...')
#3 /Volumes/Storage/WWW/webincms/vendor/codeigniter4/framework/system/CodeIgniter.php(404): CodeIgniter\CodeIgniter->runController(Object(App\Controllers\Backend\Asset))
#4 /Volumes/Storage/WWW/webincms/vendor/codeigniter4/framework/system/CodeIgniter.php(312): CodeIgniter\CodeIgniter->handleRequest(NULL, Object(Config\Cache), false)
#5 /Volumes/Storage/WWW/webincms/public/index.php(45): CodeIgniter\CodeIgniter->run()
#6 {main}
CRITICAL - 2020-08-27 16:00:28 --> Uncaught CodeIgniter\Format\Exceptions\FormatException: Failed to parse json string, error: "Type is not supported". in /Volumes/Storage/WWW/webincms/vendor/codeigniter4/framework/system/Format/Exceptions/FormatException.php:9
Stack trace:
#0 /Volumes/Storage/WWW/webincms/vendor/codeigniter4/framework/system/Format/JSONFormatter.php(71): CodeIgniter\Format\Exceptions\FormatException::forInvalidJSON('Type is not sup...')
#1 /Volumes/Storage/WWW/webincms/vendor/codeigniter4/framework/system/API/ResponseTrait.php(414): CodeIgniter\Format\JSONFormatter->format(Array)
#2 /Volumes/Storage/WWW/webincms/vendor/codeigniter4/framework/system/API/ResponseTrait.php(134): CodeIgniter\Debug\Exceptions->format(Array)
#3 /Volumes/Storage/WWW/webincms/vendor/codeigniter4/framework/system/Debug/Exceptions.php(168): CodeIgniter\Debug\Exceptions->respond(Array, 500)
#4 [internal function]: CodeIgniter\Debug\Exceptions->exceptionHandler(Object(ErrorException))
#5 {main}
  thrown
#0 [internal function]: CodeIgniter\Debug\Exceptions->shutdownHandler()
#1 {main}
CRITICAL - 2020-08-27 16:00:33 --> fclose() expects parameter 1 to be resource, string given
#0 [internal function]: CodeIgniter\Debug\Exceptions->errorHandler(2, 'fclose() expect...', '/Volumes/Storag...', 34, Array)
#1 /Volumes/Storage/WWW/webincms/app/Controllers/Backend/Asset.php(34): fclose('/Volumes/Storag...')
#2 /Volumes/Storage/WWW/webincms/vendor/codeigniter4/framework/system/CodeIgniter.php(918): App\Controllers\Backend\Asset->static('img', 'pexels-pixabay-...')
#3 /Volumes/Storage/WWW/webincms/vendor/codeigniter4/framework/system/CodeIgniter.php(404): CodeIgniter\CodeIgniter->runController(Object(App\Controllers\Backend\Asset))
#4 /Volumes/Storage/WWW/webincms/vendor/codeigniter4/framework/system/CodeIgniter.php(312): CodeIgniter\CodeIgniter->handleRequest(NULL, Object(Config\Cache), false)
#5 /Volumes/Storage/WWW/webincms/public/index.php(45): CodeIgniter\CodeIgniter->run()
#6 {main}
CRITICAL - 2020-08-27 16:00:33 --> Uncaught CodeIgniter\Format\Exceptions\FormatException: Failed to parse json string, error: "Type is not supported". in /Volumes/Storage/WWW/webincms/vendor/codeigniter4/framework/system/Format/Exceptions/FormatException.php:9
Stack trace:
#0 /Volumes/Storage/WWW/webincms/vendor/codeigniter4/framework/system/Format/JSONFormatter.php(71): CodeIgniter\Format\Exceptions\FormatException::forInvalidJSON('Type is not sup...')
#1 /Volumes/Storage/WWW/webincms/vendor/codeigniter4/framework/system/API/ResponseTrait.php(414): CodeIgniter\Format\JSONFormatter->format(Array)
#2 /Volumes/Storage/WWW/webincms/vendor/codeigniter4/framework/system/API/ResponseTrait.php(134): CodeIgniter\Debug\Exceptions->format(Array)
#3 /Volumes/Storage/WWW/webincms/vendor/codeigniter4/framework/system/Debug/Exceptions.php(168): CodeIgniter\Debug\Exceptions->respond(Array, 500)
#4 [internal function]: CodeIgniter\Debug\Exceptions->exceptionHandler(Object(ErrorException))
#5 {main}
  thrown
#0 [internal function]: CodeIgniter\Debug\Exceptions->shutdownHandler()
#1 {main}
CRITICAL - 2020-08-27 16:10:48 --> syntax error, unexpected ';', expecting ']'
#0 /Volumes/Storage/WWW/webincms/vendor/codeigniter4/framework/system/Autoloader/Autoloader.php(296): CodeIgniter\Autoloader\Autoloader->requireFile('/Volumes/Storag...')
#1 /Volumes/Storage/WWW/webincms/vendor/codeigniter4/framework/system/Autoloader/Autoloader.php(258): CodeIgniter\Autoloader\Autoloader->loadInNamespace('App\\Controllers...')
#2 [internal function]: CodeIgniter\Autoloader\Autoloader->loadClass('App\\Controllers...')
#3 [internal function]: spl_autoload_call('App\\Controllers...')
#4 /Volumes/Storage/WWW/webincms/vendor/codeigniter4/framework/system/CodeIgniter.php(869): class_exists('\\App\\Controller...', true)
#5 /Volumes/Storage/WWW/webincms/vendor/codeigniter4/framework/system/CodeIgniter.php(394): CodeIgniter\CodeIgniter->startController()
#6 /Volumes/Storage/WWW/webincms/vendor/codeigniter4/framework/system/CodeIgniter.php(312): CodeIgniter\CodeIgniter->handleRequest(NULL, Object(Config\Cache), false)
#7 /Volumes/Storage/WWW/webincms/public/index.php(45): CodeIgniter\CodeIgniter->run()
#8 {main}
CRITICAL - 2020-08-27 16:10:48 --> Uncaught ErrorException: Undefined variable: viewFile in /Volumes/Storage/WWW/webincms/vendor/codeigniter4/framework/system/Debug/Exceptions.php:308
Stack trace:
#0 /Volumes/Storage/WWW/webincms/vendor/codeigniter4/framework/system/Debug/Exceptions.php(308): CodeIgniter\Debug\Exceptions->errorHandler(8, 'Undefined varia...', '/Volumes/Storag...', 308, Array)
#1 /Volumes/Storage/WWW/webincms/vendor/codeigniter4/framework/system/Debug/Exceptions.php(308): include()
#2 /Volumes/Storage/WWW/webincms/vendor/codeigniter4/framework/system/Debug/Exceptions.php(174): CodeIgniter\Debug\Exceptions->render(Object(ParseError), 500)
#3 [internal function]: CodeIgniter\Debug\Exceptions->exceptionHandler(Object(ParseError))
#4 {main}
  thrown
#0 [internal function]: CodeIgniter\Debug\Exceptions->shutdownHandler()
#1 {main}
CRITICAL - 2020-08-27 20:02:14 --> fclose() expects parameter 1 to be resource, string given
#0 [internal function]: CodeIgniter\Debug\Exceptions->errorHandler(2, 'fclose() expect...', '/Volumes/Storag...', 34, Array)
#1 /Volumes/Storage/WWW/webincms/app/Controllers/Backend/Asset.php(34): fclose('/Volumes/Storag...')
#2 /Volumes/Storage/WWW/webincms/vendor/codeigniter4/framework/system/CodeIgniter.php(918): App\Controllers\Backend\Asset->static('img', 'pexels-athena-2...')
#3 /Volumes/Storage/WWW/webincms/vendor/codeigniter4/framework/system/CodeIgniter.php(404): CodeIgniter\CodeIgniter->runController(Object(App\Controllers\Backend\Asset))
#4 /Volumes/Storage/WWW/webincms/vendor/codeigniter4/framework/system/CodeIgniter.php(312): CodeIgniter\CodeIgniter->handleRequest(NULL, Object(Config\Cache), false)
#5 /Volumes/Storage/WWW/webincms/public/index.php(45): CodeIgniter\CodeIgniter->run()
#6 {main}
CRITICAL - 2020-08-27 20:02:14 --> Uncaught CodeIgniter\Format\Exceptions\FormatException: Failed to parse json string, error: "Type is not supported". in /Volumes/Storage/WWW/webincms/vendor/codeigniter4/framework/system/Format/Exceptions/FormatException.php:9
Stack trace:
#0 /Volumes/Storage/WWW/webincms/vendor/codeigniter4/framework/system/Format/JSONFormatter.php(71): CodeIgniter\Format\Exceptions\FormatException::forInvalidJSON('Type is not sup...')
#1 /Volumes/Storage/WWW/webincms/vendor/codeigniter4/framework/system/API/ResponseTrait.php(414): CodeIgniter\Format\JSONFormatter->format(Array)
#2 /Volumes/Storage/WWW/webincms/vendor/codeigniter4/framework/system/API/ResponseTrait.php(134): CodeIgniter\Debug\Exceptions->format(Array)
#3 /Volumes/Storage/WWW/webincms/vendor/codeigniter4/framework/system/Debug/Exceptions.php(168): CodeIgniter\Debug\Exceptions->respond(Array, 500)
#4 [internal function]: CodeIgniter\Debug\Exceptions->exceptionHandler(Object(ErrorException))
#5 {main}
  thrown
#0 [internal function]: CodeIgniter\Debug\Exceptions->shutdownHandler()
#1 {main}
CRITICAL - 2020-08-27 20:02:18 --> fclose() expects parameter 1 to be resource, string given
#0 [internal function]: CodeIgniter\Debug\Exceptions->errorHandler(2, 'fclose() expect...', '/Volumes/Storag...', 34, Array)
#1 /Volumes/Storage/WWW/webincms/app/Controllers/Backend/Asset.php(34): fclose('/Volumes/Storag...')
#2 /Volumes/Storage/WWW/webincms/vendor/codeigniter4/framework/system/CodeIgniter.php(918): App\Controllers\Backend\Asset->static('img', 'pexels-pixabay-...')
#3 /Volumes/Storage/WWW/webincms/vendor/codeigniter4/framework/system/CodeIgniter.php(404): CodeIgniter\CodeIgniter->runController(Object(App\Controllers\Backend\Asset))
#4 /Volumes/Storage/WWW/webincms/vendor/codeigniter4/framework/system/CodeIgniter.php(312): CodeIgniter\CodeIgniter->handleRequest(NULL, Object(Config\Cache), false)
#5 /Volumes/Storage/WWW/webincms/public/index.php(45): CodeIgniter\CodeIgniter->run()
#6 {main}
CRITICAL - 2020-08-27 20:02:18 --> Uncaught CodeIgniter\Format\Exceptions\FormatException: Failed to parse json string, error: "Type is not supported". in /Volumes/Storage/WWW/webincms/vendor/codeigniter4/framework/system/Format/Exceptions/FormatException.php:9
Stack trace:
#0 /Volumes/Storage/WWW/webincms/vendor/codeigniter4/framework/system/Format/JSONFormatter.php(71): CodeIgniter\Format\Exceptions\FormatException::forInvalidJSON('Type is not sup...')
#1 /Volumes/Storage/WWW/webincms/vendor/codeigniter4/framework/system/API/ResponseTrait.php(414): CodeIgniter\Format\JSONFormatter->format(Array)
#2 /Volumes/Storage/WWW/webincms/vendor/codeigniter4/framework/system/API/ResponseTrait.php(134): CodeIgniter\Debug\Exceptions->format(Array)
#3 /Volumes/Storage/WWW/webincms/vendor/codeigniter4/framework/system/Debug/Exceptions.php(168): CodeIgniter\Debug\Exceptions->respond(Array, 500)
#4 [internal function]: CodeIgniter\Debug\Exceptions->exceptionHandler(Object(ErrorException))
#5 {main}
  thrown
#0 [internal function]: CodeIgniter\Debug\Exceptions->shutdownHandler()
#1 {main}
