CRITICAL - 2020-09-01 01:15:54 --> Undefined index: widget_area
#0 /Volumes/Storage/WWW/webincms/app/Helpers/theme_helper.php(26): CodeIgniter\Debug\Exceptions->errorHandler(8, 'Undefined index...', '/Volumes/Storag...', 26, Array)
#1 /Volumes/Storage/WWW/webincms/app/Controllers/Backend/Widget.php(12): themeInfo('widget_area')
#2 /Volumes/Storage/WWW/webincms/vendor/codeigniter4/framework/system/CodeIgniter.php(918): App\Controllers\Backend\Widget->index()
#3 /Volumes/Storage/WWW/webincms/vendor/codeigniter4/framework/system/CodeIgniter.php(404): CodeIgniter\CodeIgniter->runController(Object(App\Controllers\Backend\Widget))
#4 /Volumes/Storage/WWW/webincms/vendor/codeigniter4/framework/system/CodeIgniter.php(312): CodeIgniter\CodeIgniter->handleRequest(NULL, Object(Config\Cache), false)
#5 /Volumes/Storage/WWW/webincms/public/index.php(45): CodeIgniter\CodeIgniter->run()
#6 {main}
CRITICAL - 2020-09-01 01:15:54 --> Uncaught ErrorException: Undefined variable: viewFile in /Volumes/Storage/WWW/webincms/vendor/codeigniter4/framework/system/Debug/Exceptions.php:308
Stack trace:
#0 /Volumes/Storage/WWW/webincms/vendor/codeigniter4/framework/system/Debug/Exceptions.php(308): CodeIgniter\Debug\Exceptions->errorHandler(8, 'Undefined varia...', '/Volumes/Storag...', 308, Array)
#1 /Volumes/Storage/WWW/webincms/vendor/codeigniter4/framework/system/Debug/Exceptions.php(308): include()
#2 /Volumes/Storage/WWW/webincms/vendor/codeigniter4/framework/system/Debug/Exceptions.php(174): CodeIgniter\Debug\Exceptions->render(Object(ErrorException), 500)
#3 [internal function]: CodeIgniter\Debug\Exceptions->exceptionHandler(Object(ErrorException))
#4 {main}
  thrown
#0 [internal function]: CodeIgniter\Debug\Exceptions->shutdownHandler()
#1 {main}
CRITICAL - 2020-09-01 01:16:08 --> Undefined index: widget_area
#0 /Volumes/Storage/WWW/webincms/app/Helpers/theme_helper.php(26): CodeIgniter\Debug\Exceptions->errorHandler(8, 'Undefined index...', '/Volumes/Storag...', 26, Array)
#1 /Volumes/Storage/WWW/webincms/app/Controllers/Backend/Widget.php(12): themeInfo('widget_area')
#2 /Volumes/Storage/WWW/webincms/vendor/codeigniter4/framework/system/CodeIgniter.php(918): App\Controllers\Backend\Widget->index()
#3 /Volumes/Storage/WWW/webincms/vendor/codeigniter4/framework/system/CodeIgniter.php(404): CodeIgniter\CodeIgniter->runController(Object(App\Controllers\Backend\Widget))
#4 /Volumes/Storage/WWW/webincms/vendor/codeigniter4/framework/system/CodeIgniter.php(312): CodeIgniter\CodeIgniter->handleRequest(NULL, Object(Config\Cache), false)
#5 /Volumes/Storage/WWW/webincms/public/index.php(45): CodeIgniter\CodeIgniter->run()
#6 {main}
CRITICAL - 2020-09-01 01:16:08 --> Uncaught ErrorException: Undefined variable: viewFile in /Volumes/Storage/WWW/webincms/vendor/codeigniter4/framework/system/Debug/Exceptions.php:308
Stack trace:
#0 /Volumes/Storage/WWW/webincms/vendor/codeigniter4/framework/system/Debug/Exceptions.php(308): CodeIgniter\Debug\Exceptions->errorHandler(8, 'Undefined varia...', '/Volumes/Storag...', 308, Array)
#1 /Volumes/Storage/WWW/webincms/vendor/codeigniter4/framework/system/Debug/Exceptions.php(308): include()
#2 /Volumes/Storage/WWW/webincms/vendor/codeigniter4/framework/system/Debug/Exceptions.php(174): CodeIgniter\Debug\Exceptions->render(Object(ErrorException), 500)
#3 [internal function]: CodeIgniter\Debug\Exceptions->exceptionHandler(Object(ErrorException))
#4 {main}
  thrown
#0 [internal function]: CodeIgniter\Debug\Exceptions->shutdownHandler()
#1 {main}
CRITICAL - 2020-09-01 01:17:25 --> Undefined index: widget_area
#0 /Volumes/Storage/WWW/webincms/app/Helpers/theme_helper.php(26): CodeIgniter\Debug\Exceptions->errorHandler(8, 'Undefined index...', '/Volumes/Storag...', 26, Array)
#1 /Volumes/Storage/WWW/webincms/app/Controllers/Backend/Widget.php(12): themeInfo('widget_area')
#2 /Volumes/Storage/WWW/webincms/vendor/codeigniter4/framework/system/CodeIgniter.php(918): App\Controllers\Backend\Widget->index()
#3 /Volumes/Storage/WWW/webincms/vendor/codeigniter4/framework/system/CodeIgniter.php(404): CodeIgniter\CodeIgniter->runController(Object(App\Controllers\Backend\Widget))
#4 /Volumes/Storage/WWW/webincms/vendor/codeigniter4/framework/system/CodeIgniter.php(312): CodeIgniter\CodeIgniter->handleRequest(NULL, Object(Config\Cache), false)
#5 /Volumes/Storage/WWW/webincms/public/index.php(45): CodeIgniter\CodeIgniter->run()
#6 {main}
CRITICAL - 2020-09-01 01:17:25 --> Uncaught ErrorException: Undefined variable: viewFile in /Volumes/Storage/WWW/webincms/vendor/codeigniter4/framework/system/Debug/Exceptions.php:308
Stack trace:
#0 /Volumes/Storage/WWW/webincms/vendor/codeigniter4/framework/system/Debug/Exceptions.php(308): CodeIgniter\Debug\Exceptions->errorHandler(8, 'Undefined varia...', '/Volumes/Storag...', 308, Array)
#1 /Volumes/Storage/WWW/webincms/vendor/codeigniter4/framework/system/Debug/Exceptions.php(308): include()
#2 /Volumes/Storage/WWW/webincms/vendor/codeigniter4/framework/system/Debug/Exceptions.php(174): CodeIgniter\Debug\Exceptions->render(Object(ErrorException), 500)
#3 [internal function]: CodeIgniter\Debug\Exceptions->exceptionHandler(Object(ErrorException))
#4 {main}
  thrown
#0 [internal function]: CodeIgniter\Debug\Exceptions->shutdownHandler()
#1 {main}
CRITICAL - 2020-09-01 01:17:27 --> Undefined index: widget_area
#0 /Volumes/Storage/WWW/webincms/app/Helpers/theme_helper.php(26): CodeIgniter\Debug\Exceptions->errorHandler(8, 'Undefined index...', '/Volumes/Storag...', 26, Array)
#1 /Volumes/Storage/WWW/webincms/app/Controllers/Backend/Widget.php(12): themeInfo('widget_area')
#2 /Volumes/Storage/WWW/webincms/vendor/codeigniter4/framework/system/CodeIgniter.php(918): App\Controllers\Backend\Widget->index()
#3 /Volumes/Storage/WWW/webincms/vendor/codeigniter4/framework/system/CodeIgniter.php(404): CodeIgniter\CodeIgniter->runController(Object(App\Controllers\Backend\Widget))
#4 /Volumes/Storage/WWW/webincms/vendor/codeigniter4/framework/system/CodeIgniter.php(312): CodeIgniter\CodeIgniter->handleRequest(NULL, Object(Config\Cache), false)
#5 /Volumes/Storage/WWW/webincms/public/index.php(45): CodeIgniter\CodeIgniter->run()
#6 {main}
CRITICAL - 2020-09-01 01:17:27 --> Uncaught ErrorException: Undefined variable: viewFile in /Volumes/Storage/WWW/webincms/vendor/codeigniter4/framework/system/Debug/Exceptions.php:308
Stack trace:
#0 /Volumes/Storage/WWW/webincms/vendor/codeigniter4/framework/system/Debug/Exceptions.php(308): CodeIgniter\Debug\Exceptions->errorHandler(8, 'Undefined varia...', '/Volumes/Storag...', 308, Array)
#1 /Volumes/Storage/WWW/webincms/vendor/codeigniter4/framework/system/Debug/Exceptions.php(308): include()
#2 /Volumes/Storage/WWW/webincms/vendor/codeigniter4/framework/system/Debug/Exceptions.php(174): CodeIgniter\Debug\Exceptions->render(Object(ErrorException), 500)
#3 [internal function]: CodeIgniter\Debug\Exceptions->exceptionHandler(Object(ErrorException))
#4 {main}
  thrown
#0 [internal function]: CodeIgniter\Debug\Exceptions->shutdownHandler()
#1 {main}
CRITICAL - 2020-09-01 01:17:38 --> Undefined index: widget_area
#0 /Volumes/Storage/WWW/webincms/app/Helpers/theme_helper.php(26): CodeIgniter\Debug\Exceptions->errorHandler(8, 'Undefined index...', '/Volumes/Storag...', 26, Array)
#1 /Volumes/Storage/WWW/webincms/app/Controllers/Backend/Widget.php(12): themeInfo('widget_area')
#2 /Volumes/Storage/WWW/webincms/vendor/codeigniter4/framework/system/CodeIgniter.php(918): App\Controllers\Backend\Widget->index()
#3 /Volumes/Storage/WWW/webincms/vendor/codeigniter4/framework/system/CodeIgniter.php(404): CodeIgniter\CodeIgniter->runController(Object(App\Controllers\Backend\Widget))
#4 /Volumes/Storage/WWW/webincms/vendor/codeigniter4/framework/system/CodeIgniter.php(312): CodeIgniter\CodeIgniter->handleRequest(NULL, Object(Config\Cache), false)
#5 /Volumes/Storage/WWW/webincms/public/index.php(45): CodeIgniter\CodeIgniter->run()
#6 {main}
CRITICAL - 2020-09-01 01:17:38 --> Uncaught ErrorException: Undefined variable: viewFile in /Volumes/Storage/WWW/webincms/vendor/codeigniter4/framework/system/Debug/Exceptions.php:308
Stack trace:
#0 /Volumes/Storage/WWW/webincms/vendor/codeigniter4/framework/system/Debug/Exceptions.php(308): CodeIgniter\Debug\Exceptions->errorHandler(8, 'Undefined varia...', '/Volumes/Storag...', 308, Array)
#1 /Volumes/Storage/WWW/webincms/vendor/codeigniter4/framework/system/Debug/Exceptions.php(308): include()
#2 /Volumes/Storage/WWW/webincms/vendor/codeigniter4/framework/system/Debug/Exceptions.php(174): CodeIgniter\Debug\Exceptions->render(Object(ErrorException), 500)
#3 [internal function]: CodeIgniter\Debug\Exceptions->exceptionHandler(Object(ErrorException))
#4 {main}
  thrown
#0 [internal function]: CodeIgniter\Debug\Exceptions->shutdownHandler()
#1 {main}
CRITICAL - 2020-09-01 01:17:51 --> Undefined index: widget_area
#0 /Volumes/Storage/WWW/webincms/app/Helpers/theme_helper.php(26): CodeIgniter\Debug\Exceptions->errorHandler(8, 'Undefined index...', '/Volumes/Storag...', 26, Array)
#1 /Volumes/Storage/WWW/webincms/app/Controllers/Backend/Widget.php(12): themeInfo('widget_area')
#2 /Volumes/Storage/WWW/webincms/vendor/codeigniter4/framework/system/CodeIgniter.php(918): App\Controllers\Backend\Widget->index()
#3 /Volumes/Storage/WWW/webincms/vendor/codeigniter4/framework/system/CodeIgniter.php(404): CodeIgniter\CodeIgniter->runController(Object(App\Controllers\Backend\Widget))
#4 /Volumes/Storage/WWW/webincms/vendor/codeigniter4/framework/system/CodeIgniter.php(312): CodeIgniter\CodeIgniter->handleRequest(NULL, Object(Config\Cache), false)
#5 /Volumes/Storage/WWW/webincms/public/index.php(45): CodeIgniter\CodeIgniter->run()
#6 {main}
CRITICAL - 2020-09-01 01:17:51 --> Uncaught ErrorException: Undefined variable: viewFile in /Volumes/Storage/WWW/webincms/vendor/codeigniter4/framework/system/Debug/Exceptions.php:308
Stack trace:
#0 /Volumes/Storage/WWW/webincms/vendor/codeigniter4/framework/system/Debug/Exceptions.php(308): CodeIgniter\Debug\Exceptions->errorHandler(8, 'Undefined varia...', '/Volumes/Storag...', 308, Array)
#1 /Volumes/Storage/WWW/webincms/vendor/codeigniter4/framework/system/Debug/Exceptions.php(308): include()
#2 /Volumes/Storage/WWW/webincms/vendor/codeigniter4/framework/system/Debug/Exceptions.php(174): CodeIgniter\Debug\Exceptions->render(Object(ErrorException), 500)
#3 [internal function]: CodeIgniter\Debug\Exceptions->exceptionHandler(Object(ErrorException))
#4 {main}
  thrown
#0 [internal function]: CodeIgniter\Debug\Exceptions->shutdownHandler()
#1 {main}
CRITICAL - 2020-09-01 01:18:47 --> Undefined index: widget_area
#0 /Volumes/Storage/WWW/webincms/app/Helpers/theme_helper.php(27): CodeIgniter\Debug\Exceptions->errorHandler(8, 'Undefined index...', '/Volumes/Storag...', 27, Array)
#1 /Volumes/Storage/WWW/webincms/app/Controllers/Backend/Widget.php(12): themeInfo('widget_area')
#2 /Volumes/Storage/WWW/webincms/vendor/codeigniter4/framework/system/CodeIgniter.php(918): App\Controllers\Backend\Widget->index()
#3 /Volumes/Storage/WWW/webincms/vendor/codeigniter4/framework/system/CodeIgniter.php(404): CodeIgniter\CodeIgniter->runController(Object(App\Controllers\Backend\Widget))
#4 /Volumes/Storage/WWW/webincms/vendor/codeigniter4/framework/system/CodeIgniter.php(312): CodeIgniter\CodeIgniter->handleRequest(NULL, Object(Config\Cache), false)
#5 /Volumes/Storage/WWW/webincms/public/index.php(45): CodeIgniter\CodeIgniter->run()
#6 {main}
CRITICAL - 2020-09-01 01:18:47 --> Uncaught ErrorException: Undefined variable: viewFile in /Volumes/Storage/WWW/webincms/vendor/codeigniter4/framework/system/Debug/Exceptions.php:308
Stack trace:
#0 /Volumes/Storage/WWW/webincms/vendor/codeigniter4/framework/system/Debug/Exceptions.php(308): CodeIgniter\Debug\Exceptions->errorHandler(8, 'Undefined varia...', '/Volumes/Storag...', 308, Array)
#1 /Volumes/Storage/WWW/webincms/vendor/codeigniter4/framework/system/Debug/Exceptions.php(308): include()
#2 /Volumes/Storage/WWW/webincms/vendor/codeigniter4/framework/system/Debug/Exceptions.php(174): CodeIgniter\Debug\Exceptions->render(Object(ErrorException), 500)
#3 [internal function]: CodeIgniter\Debug\Exceptions->exceptionHandler(Object(ErrorException))
#4 {main}
  thrown
#0 [internal function]: CodeIgniter\Debug\Exceptions->shutdownHandler()
#1 {main}
CRITICAL - 2020-09-01 01:19:53 --> Undefined index: widget_area
#0 /Volumes/Storage/WWW/webincms/app/Helpers/theme_helper.php(28): CodeIgniter\Debug\Exceptions->errorHandler(8, 'Undefined index...', '/Volumes/Storag...', 28, Array)
#1 /Volumes/Storage/WWW/webincms/app/Controllers/Backend/Widget.php(12): themeInfo('widget_area')
#2 /Volumes/Storage/WWW/webincms/vendor/codeigniter4/framework/system/CodeIgniter.php(918): App\Controllers\Backend\Widget->index()
#3 /Volumes/Storage/WWW/webincms/vendor/codeigniter4/framework/system/CodeIgniter.php(404): CodeIgniter\CodeIgniter->runController(Object(App\Controllers\Backend\Widget))
#4 /Volumes/Storage/WWW/webincms/vendor/codeigniter4/framework/system/CodeIgniter.php(312): CodeIgniter\CodeIgniter->handleRequest(NULL, Object(Config\Cache), false)
#5 /Volumes/Storage/WWW/webincms/public/index.php(45): CodeIgniter\CodeIgniter->run()
#6 {main}
CRITICAL - 2020-09-01 01:19:53 --> Uncaught ErrorException: Undefined variable: viewFile in /Volumes/Storage/WWW/webincms/vendor/codeigniter4/framework/system/Debug/Exceptions.php:308
Stack trace:
#0 /Volumes/Storage/WWW/webincms/vendor/codeigniter4/framework/system/Debug/Exceptions.php(308): CodeIgniter\Debug\Exceptions->errorHandler(8, 'Undefined varia...', '/Volumes/Storag...', 308, Array)
#1 /Volumes/Storage/WWW/webincms/vendor/codeigniter4/framework/system/Debug/Exceptions.php(308): include()
#2 /Volumes/Storage/WWW/webincms/vendor/codeigniter4/framework/system/Debug/Exceptions.php(174): CodeIgniter\Debug\Exceptions->render(Object(ErrorException), 500)
#3 [internal function]: CodeIgniter\Debug\Exceptions->exceptionHandler(Object(ErrorException))
#4 {main}
  thrown
#0 [internal function]: CodeIgniter\Debug\Exceptions->shutdownHandler()
#1 {main}
CRITICAL - 2020-09-01 01:43:13 --> Invalid file: widget/widget_empty.php
#0 /Volumes/Storage/WWW/webincms/vendor/codeigniter4/framework/system/View/View.php(228): CodeIgniter\Exceptions\FrameworkException::forInvalidFile('widget/widget_e...')
#1 /Volumes/Storage/WWW/webincms/vendor/codeigniter4/framework/system/Common.php(1119): CodeIgniter\View\View->render('widget/widget_e...', Array, true)
#2 /Volumes/Storage/WWW/webincms/app/Controllers/Backend/Widget.php(21): view('widget/widget_e...', Array)
#3 /Volumes/Storage/WWW/webincms/vendor/codeigniter4/framework/system/CodeIgniter.php(918): App\Controllers\Backend\Widget->index()
#4 /Volumes/Storage/WWW/webincms/vendor/codeigniter4/framework/system/CodeIgniter.php(404): CodeIgniter\CodeIgniter->runController(Object(App\Controllers\Backend\Widget))
#5 /Volumes/Storage/WWW/webincms/vendor/codeigniter4/framework/system/CodeIgniter.php(312): CodeIgniter\CodeIgniter->handleRequest(NULL, Object(Config\Cache), false)
#6 /Volumes/Storage/WWW/webincms/public/index.php(45): CodeIgniter\CodeIgniter->run()
#7 {main}
CRITICAL - 2020-09-01 01:43:14 --> Uncaught ErrorException: Undefined variable: viewFile in /Volumes/Storage/WWW/webincms/vendor/codeigniter4/framework/system/Debug/Exceptions.php:308
Stack trace:
#0 /Volumes/Storage/WWW/webincms/vendor/codeigniter4/framework/system/Debug/Exceptions.php(308): CodeIgniter\Debug\Exceptions->errorHandler(8, 'Undefined varia...', '/Volumes/Storag...', 308, Array)
#1 /Volumes/Storage/WWW/webincms/vendor/codeigniter4/framework/system/Debug/Exceptions.php(308): include()
#2 /Volumes/Storage/WWW/webincms/vendor/codeigniter4/framework/system/Debug/Exceptions.php(174): CodeIgniter\Debug\Exceptions->render(Object(CodeIgniter\View\Exceptions\ViewException), 500)
#3 [internal function]: CodeIgniter\Debug\Exceptions->exceptionHandler(Object(CodeIgniter\View\Exceptions\ViewException))
#4 {main}
  thrown
#0 [internal function]: CodeIgniter\Debug\Exceptions->shutdownHandler()
#1 {main}
CRITICAL - 2020-09-01 01:44:28 --> Invalid file: widget/widget_empty.php
#0 /Volumes/Storage/WWW/webincms/vendor/codeigniter4/framework/system/View/View.php(228): CodeIgniter\Exceptions\FrameworkException::forInvalidFile('widget/widget_e...')
#1 /Volumes/Storage/WWW/webincms/vendor/codeigniter4/framework/system/Common.php(1119): CodeIgniter\View\View->render('widget/widget_e...', Array, true)
#2 /Volumes/Storage/WWW/webincms/app/Controllers/Backend/Widget.php(21): view('widget/widget_e...', Array)
#3 /Volumes/Storage/WWW/webincms/vendor/codeigniter4/framework/system/CodeIgniter.php(918): App\Controllers\Backend\Widget->index()
#4 /Volumes/Storage/WWW/webincms/vendor/codeigniter4/framework/system/CodeIgniter.php(404): CodeIgniter\CodeIgniter->runController(Object(App\Controllers\Backend\Widget))
#5 /Volumes/Storage/WWW/webincms/vendor/codeigniter4/framework/system/CodeIgniter.php(312): CodeIgniter\CodeIgniter->handleRequest(NULL, Object(Config\Cache), false)
#6 /Volumes/Storage/WWW/webincms/public/index.php(45): CodeIgniter\CodeIgniter->run()
#7 {main}
CRITICAL - 2020-09-01 01:44:28 --> Uncaught ErrorException: Undefined variable: viewFile in /Volumes/Storage/WWW/webincms/vendor/codeigniter4/framework/system/Debug/Exceptions.php:308
Stack trace:
#0 /Volumes/Storage/WWW/webincms/vendor/codeigniter4/framework/system/Debug/Exceptions.php(308): CodeIgniter\Debug\Exceptions->errorHandler(8, 'Undefined varia...', '/Volumes/Storag...', 308, Array)
#1 /Volumes/Storage/WWW/webincms/vendor/codeigniter4/framework/system/Debug/Exceptions.php(308): include()
#2 /Volumes/Storage/WWW/webincms/vendor/codeigniter4/framework/system/Debug/Exceptions.php(174): CodeIgniter\Debug\Exceptions->render(Object(CodeIgniter\View\Exceptions\ViewException), 500)
#3 [internal function]: CodeIgniter\Debug\Exceptions->exceptionHandler(Object(CodeIgniter\View\Exceptions\ViewException))
#4 {main}
  thrown
#0 [internal function]: CodeIgniter\Debug\Exceptions->shutdownHandler()
#1 {main}
CRITICAL - 2020-09-01 01:45:31 --> Invalid file: widget/widget_empty.php
#0 /Volumes/Storage/WWW/webincms/vendor/codeigniter4/framework/system/View/View.php(228): CodeIgniter\Exceptions\FrameworkException::forInvalidFile('widget/widget_e...')
#1 /Volumes/Storage/WWW/webincms/vendor/codeigniter4/framework/system/Common.php(1119): CodeIgniter\View\View->render('widget/widget_e...', Array, true)
#2 /Volumes/Storage/WWW/webincms/app/Controllers/Backend/Widget.php(21): view('widget/widget_e...', Array)
#3 /Volumes/Storage/WWW/webincms/vendor/codeigniter4/framework/system/CodeIgniter.php(918): App\Controllers\Backend\Widget->index()
#4 /Volumes/Storage/WWW/webincms/vendor/codeigniter4/framework/system/CodeIgniter.php(404): CodeIgniter\CodeIgniter->runController(Object(App\Controllers\Backend\Widget))
#5 /Volumes/Storage/WWW/webincms/vendor/codeigniter4/framework/system/CodeIgniter.php(312): CodeIgniter\CodeIgniter->handleRequest(NULL, Object(Config\Cache), false)
#6 /Volumes/Storage/WWW/webincms/public/index.php(45): CodeIgniter\CodeIgniter->run()
#7 {main}
CRITICAL - 2020-09-01 01:45:31 --> Uncaught ErrorException: Undefined variable: viewFile in /Volumes/Storage/WWW/webincms/vendor/codeigniter4/framework/system/Debug/Exceptions.php:308
Stack trace:
#0 /Volumes/Storage/WWW/webincms/vendor/codeigniter4/framework/system/Debug/Exceptions.php(308): CodeIgniter\Debug\Exceptions->errorHandler(8, 'Undefined varia...', '/Volumes/Storag...', 308, Array)
#1 /Volumes/Storage/WWW/webincms/vendor/codeigniter4/framework/system/Debug/Exceptions.php(308): include()
#2 /Volumes/Storage/WWW/webincms/vendor/codeigniter4/framework/system/Debug/Exceptions.php(174): CodeIgniter\Debug\Exceptions->render(Object(CodeIgniter\View\Exceptions\ViewException), 500)
#3 [internal function]: CodeIgniter\Debug\Exceptions->exceptionHandler(Object(CodeIgniter\View\Exceptions\ViewException))
#4 {main}
  thrown
#0 [internal function]: CodeIgniter\Debug\Exceptions->shutdownHandler()
#1 {main}
CRITICAL - 2020-09-01 01:45:39 --> Invalid file: widget/widget_empty.php
#0 /Volumes/Storage/WWW/webincms/vendor/codeigniter4/framework/system/View/View.php(228): CodeIgniter\Exceptions\FrameworkException::forInvalidFile('widget/widget_e...')
#1 /Volumes/Storage/WWW/webincms/vendor/codeigniter4/framework/system/Common.php(1119): CodeIgniter\View\View->render('widget/widget_e...', Array, true)
#2 /Volumes/Storage/WWW/webincms/app/Controllers/Backend/Widget.php(21): view('widget/widget_e...', Array)
#3 /Volumes/Storage/WWW/webincms/vendor/codeigniter4/framework/system/CodeIgniter.php(918): App\Controllers\Backend\Widget->index()
#4 /Volumes/Storage/WWW/webincms/vendor/codeigniter4/framework/system/CodeIgniter.php(404): CodeIgniter\CodeIgniter->runController(Object(App\Controllers\Backend\Widget))
#5 /Volumes/Storage/WWW/webincms/vendor/codeigniter4/framework/system/CodeIgniter.php(312): CodeIgniter\CodeIgniter->handleRequest(NULL, Object(Config\Cache), false)
#6 /Volumes/Storage/WWW/webincms/public/index.php(45): CodeIgniter\CodeIgniter->run()
#7 {main}
CRITICAL - 2020-09-01 01:45:39 --> Uncaught ErrorException: Undefined variable: viewFile in /Volumes/Storage/WWW/webincms/vendor/codeigniter4/framework/system/Debug/Exceptions.php:308
Stack trace:
#0 /Volumes/Storage/WWW/webincms/vendor/codeigniter4/framework/system/Debug/Exceptions.php(308): CodeIgniter\Debug\Exceptions->errorHandler(8, 'Undefined varia...', '/Volumes/Storag...', 308, Array)
#1 /Volumes/Storage/WWW/webincms/vendor/codeigniter4/framework/system/Debug/Exceptions.php(308): include()
#2 /Volumes/Storage/WWW/webincms/vendor/codeigniter4/framework/system/Debug/Exceptions.php(174): CodeIgniter\Debug\Exceptions->render(Object(CodeIgniter\View\Exceptions\ViewException), 500)
#3 [internal function]: CodeIgniter\Debug\Exceptions->exceptionHandler(Object(CodeIgniter\View\Exceptions\ViewException))
#4 {main}
  thrown
#0 [internal function]: CodeIgniter\Debug\Exceptions->shutdownHandler()
#1 {main}
CRITICAL - 2020-09-01 01:46:08 --> Invalid file: widget/widget_empty.php
#0 /Volumes/Storage/WWW/webincms/vendor/codeigniter4/framework/system/View/View.php(228): CodeIgniter\Exceptions\FrameworkException::forInvalidFile('widget/widget_e...')
#1 /Volumes/Storage/WWW/webincms/vendor/codeigniter4/framework/system/Common.php(1119): CodeIgniter\View\View->render('widget/widget_e...', Array, true)
#2 /Volumes/Storage/WWW/webincms/app/Controllers/Backend/Widget.php(21): view('widget/widget_e...', Array)
#3 /Volumes/Storage/WWW/webincms/vendor/codeigniter4/framework/system/CodeIgniter.php(918): App\Controllers\Backend\Widget->index()
#4 /Volumes/Storage/WWW/webincms/vendor/codeigniter4/framework/system/CodeIgniter.php(404): CodeIgniter\CodeIgniter->runController(Object(App\Controllers\Backend\Widget))
#5 /Volumes/Storage/WWW/webincms/vendor/codeigniter4/framework/system/CodeIgniter.php(312): CodeIgniter\CodeIgniter->handleRequest(NULL, Object(Config\Cache), false)
#6 /Volumes/Storage/WWW/webincms/public/index.php(45): CodeIgniter\CodeIgniter->run()
#7 {main}
CRITICAL - 2020-09-01 01:46:08 --> Uncaught ErrorException: Undefined variable: viewFile in /Volumes/Storage/WWW/webincms/vendor/codeigniter4/framework/system/Debug/Exceptions.php:308
Stack trace:
#0 /Volumes/Storage/WWW/webincms/vendor/codeigniter4/framework/system/Debug/Exceptions.php(308): CodeIgniter\Debug\Exceptions->errorHandler(8, 'Undefined varia...', '/Volumes/Storag...', 308, Array)
#1 /Volumes/Storage/WWW/webincms/vendor/codeigniter4/framework/system/Debug/Exceptions.php(308): include()
#2 /Volumes/Storage/WWW/webincms/vendor/codeigniter4/framework/system/Debug/Exceptions.php(174): CodeIgniter\Debug\Exceptions->render(Object(CodeIgniter\View\Exceptions\ViewException), 500)
#3 [internal function]: CodeIgniter\Debug\Exceptions->exceptionHandler(Object(CodeIgniter\View\Exceptions\ViewException))
#4 {main}
  thrown
#0 [internal function]: CodeIgniter\Debug\Exceptions->shutdownHandler()
#1 {main}
CRITICAL - 2020-09-01 01:57:52 --> Undefined property: App\Controllers\Backend\Widget::$setting
#0 /Volumes/Storage/WWW/webincms/app/Controllers/Backend/Widget.php(31): CodeIgniter\Debug\Exceptions->errorHandler(8, 'Undefined prope...', '/Volumes/Storag...', 31, Array)
#1 /Volumes/Storage/WWW/webincms/vendor/codeigniter4/framework/system/CodeIgniter.php(918): App\Controllers\Backend\Widget->default('body')
#2 /Volumes/Storage/WWW/webincms/vendor/codeigniter4/framework/system/CodeIgniter.php(404): CodeIgniter\CodeIgniter->runController(Object(App\Controllers\Backend\Widget))
#3 /Volumes/Storage/WWW/webincms/vendor/codeigniter4/framework/system/CodeIgniter.php(312): CodeIgniter\CodeIgniter->handleRequest(NULL, Object(Config\Cache), false)
#4 /Volumes/Storage/WWW/webincms/public/index.php(45): CodeIgniter\CodeIgniter->run()
#5 {main}
CRITICAL - 2020-09-01 01:57:53 --> Uncaught ErrorException: Undefined variable: viewFile in /Volumes/Storage/WWW/webincms/vendor/codeigniter4/framework/system/Debug/Exceptions.php:308
Stack trace:
#0 /Volumes/Storage/WWW/webincms/vendor/codeigniter4/framework/system/Debug/Exceptions.php(308): CodeIgniter\Debug\Exceptions->errorHandler(8, 'Undefined varia...', '/Volumes/Storag...', 308, Array)
#1 /Volumes/Storage/WWW/webincms/vendor/codeigniter4/framework/system/Debug/Exceptions.php(308): include()
#2 /Volumes/Storage/WWW/webincms/vendor/codeigniter4/framework/system/Debug/Exceptions.php(174): CodeIgniter\Debug\Exceptions->render(Object(ErrorException), 500)
#3 [internal function]: CodeIgniter\Debug\Exceptions->exceptionHandler(Object(ErrorException))
#4 {main}
  thrown
#0 [internal function]: CodeIgniter\Debug\Exceptions->shutdownHandler()
#1 {main}
CRITICAL - 2020-09-01 01:58:43 --> Undefined property: App\Controllers\Backend\Widget::$setting
#0 /Volumes/Storage/WWW/webincms/app/Controllers/Backend/Widget.php(34): CodeIgniter\Debug\Exceptions->errorHandler(8, 'Undefined prope...', '/Volumes/Storag...', 34, Array)
#1 /Volumes/Storage/WWW/webincms/vendor/codeigniter4/framework/system/CodeIgniter.php(918): App\Controllers\Backend\Widget->default('body')
#2 /Volumes/Storage/WWW/webincms/vendor/codeigniter4/framework/system/CodeIgniter.php(404): CodeIgniter\CodeIgniter->runController(Object(App\Controllers\Backend\Widget))
#3 /Volumes/Storage/WWW/webincms/vendor/codeigniter4/framework/system/CodeIgniter.php(312): CodeIgniter\CodeIgniter->handleRequest(NULL, Object(Config\Cache), false)
#4 /Volumes/Storage/WWW/webincms/public/index.php(45): CodeIgniter\CodeIgniter->run()
#5 {main}
CRITICAL - 2020-09-01 01:58:43 --> Uncaught ErrorException: Undefined variable: viewFile in /Volumes/Storage/WWW/webincms/vendor/codeigniter4/framework/system/Debug/Exceptions.php:308
Stack trace:
#0 /Volumes/Storage/WWW/webincms/vendor/codeigniter4/framework/system/Debug/Exceptions.php(308): CodeIgniter\Debug\Exceptions->errorHandler(8, 'Undefined varia...', '/Volumes/Storag...', 308, Array)
#1 /Volumes/Storage/WWW/webincms/vendor/codeigniter4/framework/system/Debug/Exceptions.php(308): include()
#2 /Volumes/Storage/WWW/webincms/vendor/codeigniter4/framework/system/Debug/Exceptions.php(174): CodeIgniter\Debug\Exceptions->render(Object(ErrorException), 500)
#3 [internal function]: CodeIgniter\Debug\Exceptions->exceptionHandler(Object(ErrorException))
#4 {main}
  thrown
#0 [internal function]: CodeIgniter\Debug\Exceptions->shutdownHandler()
#1 {main}
CRITICAL - 2020-09-01 08:15:20 --> fclose() expects parameter 1 to be resource, string given
#0 [internal function]: CodeIgniter\Debug\Exceptions->errorHandler(2, 'fclose() expect...', '/Volumes/Storag...', 34, Array)
#1 /Volumes/Storage/WWW/webincms/app/Controllers/Backend/Asset.php(34): fclose('/Volumes/Storag...')
#2 /Volumes/Storage/WWW/webincms/vendor/codeigniter4/framework/system/CodeIgniter.php(918): App\Controllers\Backend\Asset->static('img', 'pexels-athena-2...')
#3 /Volumes/Storage/WWW/webincms/vendor/codeigniter4/framework/system/CodeIgniter.php(404): CodeIgniter\CodeIgniter->runController(Object(App\Controllers\Backend\Asset))
#4 /Volumes/Storage/WWW/webincms/vendor/codeigniter4/framework/system/CodeIgniter.php(312): CodeIgniter\CodeIgniter->handleRequest(NULL, Object(Config\Cache), false)
#5 /Volumes/Storage/WWW/webincms/public/index.php(45): CodeIgniter\CodeIgniter->run()
#6 {main}
CRITICAL - 2020-09-01 08:15:20 --> Uncaught CodeIgniter\Format\Exceptions\FormatException: Failed to parse json string, error: "Type is not supported". in /Volumes/Storage/WWW/webincms/vendor/codeigniter4/framework/system/Format/Exceptions/FormatException.php:9
Stack trace:
#0 /Volumes/Storage/WWW/webincms/vendor/codeigniter4/framework/system/Format/JSONFormatter.php(71): CodeIgniter\Format\Exceptions\FormatException::forInvalidJSON('Type is not sup...')
#1 /Volumes/Storage/WWW/webincms/vendor/codeigniter4/framework/system/API/ResponseTrait.php(414): CodeIgniter\Format\JSONFormatter->format(Array)
#2 /Volumes/Storage/WWW/webincms/vendor/codeigniter4/framework/system/API/ResponseTrait.php(134): CodeIgniter\Debug\Exceptions->format(Array)
#3 /Volumes/Storage/WWW/webincms/vendor/codeigniter4/framework/system/Debug/Exceptions.php(168): CodeIgniter\Debug\Exceptions->respond(Array, 500)
#4 [internal function]: CodeIgniter\Debug\Exceptions->exceptionHandler(Object(ErrorException))
#5 {main}
  thrown
#0 [internal function]: CodeIgniter\Debug\Exceptions->shutdownHandler()
#1 {main}
CRITICAL - 2020-09-01 08:15:24 --> fclose() expects parameter 1 to be resource, string given
#0 [internal function]: CodeIgniter\Debug\Exceptions->errorHandler(2, 'fclose() expect...', '/Volumes/Storag...', 34, Array)
#1 /Volumes/Storage/WWW/webincms/app/Controllers/Backend/Asset.php(34): fclose('/Volumes/Storag...')
#2 /Volumes/Storage/WWW/webincms/vendor/codeigniter4/framework/system/CodeIgniter.php(918): App\Controllers\Backend\Asset->static('img', 'pexels-pixabay-...')
#3 /Volumes/Storage/WWW/webincms/vendor/codeigniter4/framework/system/CodeIgniter.php(404): CodeIgniter\CodeIgniter->runController(Object(App\Controllers\Backend\Asset))
#4 /Volumes/Storage/WWW/webincms/vendor/codeigniter4/framework/system/CodeIgniter.php(312): CodeIgniter\CodeIgniter->handleRequest(NULL, Object(Config\Cache), false)
#5 /Volumes/Storage/WWW/webincms/public/index.php(45): CodeIgniter\CodeIgniter->run()
#6 {main}
CRITICAL - 2020-09-01 08:15:24 --> Uncaught CodeIgniter\Format\Exceptions\FormatException: Failed to parse json string, error: "Type is not supported". in /Volumes/Storage/WWW/webincms/vendor/codeigniter4/framework/system/Format/Exceptions/FormatException.php:9
Stack trace:
#0 /Volumes/Storage/WWW/webincms/vendor/codeigniter4/framework/system/Format/JSONFormatter.php(71): CodeIgniter\Format\Exceptions\FormatException::forInvalidJSON('Type is not sup...')
#1 /Volumes/Storage/WWW/webincms/vendor/codeigniter4/framework/system/API/ResponseTrait.php(414): CodeIgniter\Format\JSONFormatter->format(Array)
#2 /Volumes/Storage/WWW/webincms/vendor/codeigniter4/framework/system/API/ResponseTrait.php(134): CodeIgniter\Debug\Exceptions->format(Array)
#3 /Volumes/Storage/WWW/webincms/vendor/codeigniter4/framework/system/Debug/Exceptions.php(168): CodeIgniter\Debug\Exceptions->respond(Array, 500)
#4 [internal function]: CodeIgniter\Debug\Exceptions->exceptionHandler(Object(ErrorException))
#5 {main}
  thrown
#0 [internal function]: CodeIgniter\Debug\Exceptions->shutdownHandler()
#1 {main}
CRITICAL - 2020-09-01 08:22:11 --> syntax error, unexpected ')'
#0 /Volumes/Storage/WWW/webincms/vendor/codeigniter4/framework/system/Common.php(1119): CodeIgniter\View\View->render('widget/widget', Array, true)
#1 /Volumes/Storage/WWW/webincms/app/Controllers/Backend/Widget.php(42): view('widget/widget', Array)
#2 /Volumes/Storage/WWW/webincms/vendor/codeigniter4/framework/system/CodeIgniter.php(918): App\Controllers\Backend\Widget->index()
#3 /Volumes/Storage/WWW/webincms/vendor/codeigniter4/framework/system/CodeIgniter.php(404): CodeIgniter\CodeIgniter->runController(Object(App\Controllers\Backend\Widget))
#4 /Volumes/Storage/WWW/webincms/vendor/codeigniter4/framework/system/CodeIgniter.php(312): CodeIgniter\CodeIgniter->handleRequest(NULL, Object(Config\Cache), false)
#5 /Volumes/Storage/WWW/webincms/public/index.php(45): CodeIgniter\CodeIgniter->run()
#6 {main}
CRITICAL - 2020-09-01 08:22:11 --> Uncaught ErrorException: Undefined variable: viewFile in /Volumes/Storage/WWW/webincms/vendor/codeigniter4/framework/system/Debug/Exceptions.php:308
Stack trace:
#0 /Volumes/Storage/WWW/webincms/vendor/codeigniter4/framework/system/Debug/Exceptions.php(308): CodeIgniter\Debug\Exceptions->errorHandler(8, 'Undefined varia...', '/Volumes/Storag...', 308, Array)
#1 /Volumes/Storage/WWW/webincms/vendor/codeigniter4/framework/system/Debug/Exceptions.php(308): include()
#2 /Volumes/Storage/WWW/webincms/vendor/codeigniter4/framework/system/Debug/Exceptions.php(174): CodeIgniter\Debug\Exceptions->render(Object(ParseError), 500)
#3 [internal function]: CodeIgniter\Debug\Exceptions->exceptionHandler(Object(ParseError))
#4 {main}
  thrown
#0 [internal function]: CodeIgniter\Debug\Exceptions->shutdownHandler()
#1 {main}
CRITICAL - 2020-09-01 08:28:12 --> Undefined variable: widgets
#0 /Volumes/Storage/WWW/webincms/app/Controllers/Backend/Widget.php(88): CodeIgniter\Debug\Exceptions->errorHandler(8, 'Undefined varia...', '/Volumes/Storag...', 88, Array)
#1 /Volumes/Storage/WWW/webincms/vendor/codeigniter4/framework/system/CodeIgniter.php(918): App\Controllers\Backend\Widget->add()
#2 /Volumes/Storage/WWW/webincms/vendor/codeigniter4/framework/system/CodeIgniter.php(404): CodeIgniter\CodeIgniter->runController(Object(App\Controllers\Backend\Widget))
#3 /Volumes/Storage/WWW/webincms/vendor/codeigniter4/framework/system/CodeIgniter.php(312): CodeIgniter\CodeIgniter->handleRequest(NULL, Object(Config\Cache), false)
#4 /Volumes/Storage/WWW/webincms/public/index.php(45): CodeIgniter\CodeIgniter->run()
#5 {main}
CRITICAL - 2020-09-01 08:28:12 --> Uncaught ErrorException: Undefined variable: viewFile in /Volumes/Storage/WWW/webincms/vendor/codeigniter4/framework/system/Debug/Exceptions.php:308
Stack trace:
#0 /Volumes/Storage/WWW/webincms/vendor/codeigniter4/framework/system/Debug/Exceptions.php(308): CodeIgniter\Debug\Exceptions->errorHandler(8, 'Undefined varia...', '/Volumes/Storag...', 308, Array)
#1 /Volumes/Storage/WWW/webincms/vendor/codeigniter4/framework/system/Debug/Exceptions.php(308): include()
#2 /Volumes/Storage/WWW/webincms/vendor/codeigniter4/framework/system/Debug/Exceptions.php(174): CodeIgniter\Debug\Exceptions->render(Object(ErrorException), 500)
#3 [internal function]: CodeIgniter\Debug\Exceptions->exceptionHandler(Object(ErrorException))
#4 {main}
  thrown
#0 [internal function]: CodeIgniter\Debug\Exceptions->shutdownHandler()
#1 {main}
CRITICAL - 2020-09-01 08:28:36 --> Undefined variable: widgets
#0 /Volumes/Storage/WWW/webincms/app/Controllers/Backend/Widget.php(88): CodeIgniter\Debug\Exceptions->errorHandler(8, 'Undefined varia...', '/Volumes/Storag...', 88, Array)
#1 /Volumes/Storage/WWW/webincms/vendor/codeigniter4/framework/system/CodeIgniter.php(918): App\Controllers\Backend\Widget->add()
#2 /Volumes/Storage/WWW/webincms/vendor/codeigniter4/framework/system/CodeIgniter.php(404): CodeIgniter\CodeIgniter->runController(Object(App\Controllers\Backend\Widget))
#3 /Volumes/Storage/WWW/webincms/vendor/codeigniter4/framework/system/CodeIgniter.php(312): CodeIgniter\CodeIgniter->handleRequest(NULL, Object(Config\Cache), false)
#4 /Volumes/Storage/WWW/webincms/public/index.php(45): CodeIgniter\CodeIgniter->run()
#5 {main}
CRITICAL - 2020-09-01 08:28:36 --> Uncaught ErrorException: Undefined variable: viewFile in /Volumes/Storage/WWW/webincms/vendor/codeigniter4/framework/system/Debug/Exceptions.php:308
Stack trace:
#0 /Volumes/Storage/WWW/webincms/vendor/codeigniter4/framework/system/Debug/Exceptions.php(308): CodeIgniter\Debug\Exceptions->errorHandler(8, 'Undefined varia...', '/Volumes/Storag...', 308, Array)
#1 /Volumes/Storage/WWW/webincms/vendor/codeigniter4/framework/system/Debug/Exceptions.php(308): include()
#2 /Volumes/Storage/WWW/webincms/vendor/codeigniter4/framework/system/Debug/Exceptions.php(174): CodeIgniter\Debug\Exceptions->render(Object(ErrorException), 500)
#3 [internal function]: CodeIgniter\Debug\Exceptions->exceptionHandler(Object(ErrorException))
#4 {main}
  thrown
#0 [internal function]: CodeIgniter\Debug\Exceptions->shutdownHandler()
#1 {main}
CRITICAL - 2020-09-01 10:09:50 --> Undefined index: description
#0 /Volumes/Storage/WWW/webincms/app/Views/widget/edit.php(19): CodeIgniter\Debug\Exceptions->errorHandler(8, 'Undefined index...', '/Volumes/Storag...', 19, Array)
#1 /Volumes/Storage/WWW/webincms/vendor/codeigniter4/framework/system/View/View.php(246): include('/Volumes/Storag...')
#2 /Volumes/Storage/WWW/webincms/vendor/codeigniter4/framework/system/Common.php(1119): CodeIgniter\View\View->render('widget/edit', Array, true)
#3 /Volumes/Storage/WWW/webincms/app/Controllers/Backend/Widget.php(125): view('widget/edit', Array)
#4 /Volumes/Storage/WWW/webincms/vendor/codeigniter4/framework/system/CodeIgniter.php(918): App\Controllers\Backend\Widget->edit('5')
#5 /Volumes/Storage/WWW/webincms/vendor/codeigniter4/framework/system/CodeIgniter.php(404): CodeIgniter\CodeIgniter->runController(Object(App\Controllers\Backend\Widget))
#6 /Volumes/Storage/WWW/webincms/vendor/codeigniter4/framework/system/CodeIgniter.php(312): CodeIgniter\CodeIgniter->handleRequest(NULL, Object(Config\Cache), false)
#7 /Volumes/Storage/WWW/webincms/public/index.php(45): CodeIgniter\CodeIgniter->run()
#8 {main}
CRITICAL - 2020-09-01 10:09:50 --> Uncaught ErrorException: Undefined variable: viewFile in /Volumes/Storage/WWW/webincms/vendor/codeigniter4/framework/system/Debug/Exceptions.php:308
Stack trace:
#0 /Volumes/Storage/WWW/webincms/vendor/codeigniter4/framework/system/Debug/Exceptions.php(308): CodeIgniter\Debug\Exceptions->errorHandler(8, 'Undefined varia...', '/Volumes/Storag...', 308, Array)
#1 /Volumes/Storage/WWW/webincms/vendor/codeigniter4/framework/system/Debug/Exceptions.php(308): include()
#2 /Volumes/Storage/WWW/webincms/vendor/codeigniter4/framework/system/Debug/Exceptions.php(174): CodeIgniter\Debug\Exceptions->render(Object(ErrorException), 500)
#3 [internal function]: CodeIgniter\Debug\Exceptions->exceptionHandler(Object(ErrorException))
#4 {main}
  thrown
#0 [internal function]: CodeIgniter\Debug\Exceptions->shutdownHandler()
#1 {main}
CRITICAL - 2020-09-01 10:14:20 --> Undefined variable: widget
#0 /Volumes/Storage/WWW/webincms/app/Controllers/Backend/Widget.php(122): CodeIgniter\Debug\Exceptions->errorHandler(8, 'Undefined varia...', '/Volumes/Storag...', 122, Array)
#1 /Volumes/Storage/WWW/webincms/vendor/codeigniter4/framework/system/CodeIgniter.php(918): App\Controllers\Backend\Widget->edit('6')
#2 /Volumes/Storage/WWW/webincms/vendor/codeigniter4/framework/system/CodeIgniter.php(404): CodeIgniter\CodeIgniter->runController(Object(App\Controllers\Backend\Widget))
#3 /Volumes/Storage/WWW/webincms/vendor/codeigniter4/framework/system/CodeIgniter.php(312): CodeIgniter\CodeIgniter->handleRequest(NULL, Object(Config\Cache), false)
#4 /Volumes/Storage/WWW/webincms/public/index.php(45): CodeIgniter\CodeIgniter->run()
#5 {main}
CRITICAL - 2020-09-01 10:14:20 --> Uncaught ErrorException: Undefined variable: viewFile in /Volumes/Storage/WWW/webincms/vendor/codeigniter4/framework/system/Debug/Exceptions.php:308
Stack trace:
#0 /Volumes/Storage/WWW/webincms/vendor/codeigniter4/framework/system/Debug/Exceptions.php(308): CodeIgniter\Debug\Exceptions->errorHandler(8, 'Undefined varia...', '/Volumes/Storag...', 308, Array)
#1 /Volumes/Storage/WWW/webincms/vendor/codeigniter4/framework/system/Debug/Exceptions.php(308): include()
#2 /Volumes/Storage/WWW/webincms/vendor/codeigniter4/framework/system/Debug/Exceptions.php(174): CodeIgniter\Debug\Exceptions->render(Object(ErrorException), 500)
#3 [internal function]: CodeIgniter\Debug\Exceptions->exceptionHandler(Object(ErrorException))
#4 {main}
  thrown
#0 [internal function]: CodeIgniter\Debug\Exceptions->shutdownHandler()
#1 {main}
CRITICAL - 2020-09-01 10:15:28 --> Undefined variable: w
#0 /Volumes/Storage/WWW/webincms/app/Controllers/Backend/Widget.php(126): CodeIgniter\Debug\Exceptions->errorHandler(8, 'Undefined varia...', '/Volumes/Storag...', 126, Array)
#1 /Volumes/Storage/WWW/webincms/vendor/codeigniter4/framework/system/CodeIgniter.php(918): App\Controllers\Backend\Widget->edit('6')
#2 /Volumes/Storage/WWW/webincms/vendor/codeigniter4/framework/system/CodeIgniter.php(404): CodeIgniter\CodeIgniter->runController(Object(App\Controllers\Backend\Widget))
#3 /Volumes/Storage/WWW/webincms/vendor/codeigniter4/framework/system/CodeIgniter.php(312): CodeIgniter\CodeIgniter->handleRequest(NULL, Object(Config\Cache), false)
#4 /Volumes/Storage/WWW/webincms/public/index.php(45): CodeIgniter\CodeIgniter->run()
#5 {main}
CRITICAL - 2020-09-01 10:15:28 --> Uncaught ErrorException: Undefined variable: viewFile in /Volumes/Storage/WWW/webincms/vendor/codeigniter4/framework/system/Debug/Exceptions.php:308
Stack trace:
#0 /Volumes/Storage/WWW/webincms/vendor/codeigniter4/framework/system/Debug/Exceptions.php(308): CodeIgniter\Debug\Exceptions->errorHandler(8, 'Undefined varia...', '/Volumes/Storag...', 308, Array)
#1 /Volumes/Storage/WWW/webincms/vendor/codeigniter4/framework/system/Debug/Exceptions.php(308): include()
#2 /Volumes/Storage/WWW/webincms/vendor/codeigniter4/framework/system/Debug/Exceptions.php(174): CodeIgniter\Debug\Exceptions->render(Object(ErrorException), 500)
#3 [internal function]: CodeIgniter\Debug\Exceptions->exceptionHandler(Object(ErrorException))
#4 {main}
  thrown
#0 [internal function]: CodeIgniter\Debug\Exceptions->shutdownHandler()
#1 {main}
CRITICAL - 2020-09-01 10:33:17 --> Undefined variable: detail
#0 /Volumes/Storage/WWW/webincms/app/Views/widget/widget.php(73): CodeIgniter\Debug\Exceptions->errorHandler(8, 'Undefined varia...', '/Volumes/Storag...', 73, Array)
#1 /Volumes/Storage/WWW/webincms/vendor/codeigniter4/framework/system/View/View.php(246): include('/Volumes/Storag...')
#2 /Volumes/Storage/WWW/webincms/vendor/codeigniter4/framework/system/Common.php(1119): CodeIgniter\View\View->render('widget/widget', Array, true)
#3 /Volumes/Storage/WWW/webincms/app/Controllers/Backend/Widget.php(50): view('widget/widget', Array)
#4 /Volumes/Storage/WWW/webincms/vendor/codeigniter4/framework/system/CodeIgniter.php(918): App\Controllers\Backend\Widget->index()
#5 /Volumes/Storage/WWW/webincms/vendor/codeigniter4/framework/system/CodeIgniter.php(404): CodeIgniter\CodeIgniter->runController(Object(App\Controllers\Backend\Widget))
#6 /Volumes/Storage/WWW/webincms/vendor/codeigniter4/framework/system/CodeIgniter.php(312): CodeIgniter\CodeIgniter->handleRequest(NULL, Object(Config\Cache), false)
#7 /Volumes/Storage/WWW/webincms/public/index.php(45): CodeIgniter\CodeIgniter->run()
#8 {main}
CRITICAL - 2020-09-01 10:33:17 --> Uncaught ErrorException: Undefined variable: viewFile in /Volumes/Storage/WWW/webincms/vendor/codeigniter4/framework/system/Debug/Exceptions.php:308
Stack trace:
#0 /Volumes/Storage/WWW/webincms/vendor/codeigniter4/framework/system/Debug/Exceptions.php(308): CodeIgniter\Debug\Exceptions->errorHandler(8, 'Undefined varia...', '/Volumes/Storag...', 308, Array)
#1 /Volumes/Storage/WWW/webincms/vendor/codeigniter4/framework/system/Debug/Exceptions.php(308): include()
#2 /Volumes/Storage/WWW/webincms/vendor/codeigniter4/framework/system/Debug/Exceptions.php(174): CodeIgniter\Debug\Exceptions->render(Object(ErrorException), 500)
#3 [internal function]: CodeIgniter\Debug\Exceptions->exceptionHandler(Object(ErrorException))
#4 {main}
  thrown
#0 [internal function]: CodeIgniter\Debug\Exceptions->shutdownHandler()
#1 {main}
CRITICAL - 2020-09-01 10:37:42 --> Undefined index: widget_id
#0 /Volumes/Storage/WWW/webincms/app/Views/widget/widget.php(46): CodeIgniter\Debug\Exceptions->errorHandler(8, 'Undefined index...', '/Volumes/Storag...', 46, Array)
#1 /Volumes/Storage/WWW/webincms/vendor/codeigniter4/framework/system/View/View.php(246): include('/Volumes/Storag...')
#2 /Volumes/Storage/WWW/webincms/vendor/codeigniter4/framework/system/Common.php(1119): CodeIgniter\View\View->render('widget/widget', Array, true)
#3 /Volumes/Storage/WWW/webincms/app/Controllers/Backend/Widget.php(57): view('widget/widget', Array)
#4 /Volumes/Storage/WWW/webincms/vendor/codeigniter4/framework/system/CodeIgniter.php(918): App\Controllers\Backend\Widget->index()
#5 /Volumes/Storage/WWW/webincms/vendor/codeigniter4/framework/system/CodeIgniter.php(404): CodeIgniter\CodeIgniter->runController(Object(App\Controllers\Backend\Widget))
#6 /Volumes/Storage/WWW/webincms/vendor/codeigniter4/framework/system/CodeIgniter.php(312): CodeIgniter\CodeIgniter->handleRequest(NULL, Object(Config\Cache), false)
#7 /Volumes/Storage/WWW/webincms/public/index.php(45): CodeIgniter\CodeIgniter->run()
#8 {main}
CRITICAL - 2020-09-01 10:37:42 --> Uncaught ErrorException: Undefined variable: viewFile in /Volumes/Storage/WWW/webincms/vendor/codeigniter4/framework/system/Debug/Exceptions.php:308
Stack trace:
#0 /Volumes/Storage/WWW/webincms/vendor/codeigniter4/framework/system/Debug/Exceptions.php(308): CodeIgniter\Debug\Exceptions->errorHandler(8, 'Undefined varia...', '/Volumes/Storag...', 308, Array)
#1 /Volumes/Storage/WWW/webincms/vendor/codeigniter4/framework/system/Debug/Exceptions.php(308): include()
#2 /Volumes/Storage/WWW/webincms/vendor/codeigniter4/framework/system/Debug/Exceptions.php(174): CodeIgniter\Debug\Exceptions->render(Object(ErrorException), 500)
#3 [internal function]: CodeIgniter\Debug\Exceptions->exceptionHandler(Object(ErrorException))
#4 {main}
  thrown
#0 [internal function]: CodeIgniter\Debug\Exceptions->shutdownHandler()
#1 {main}
CRITICAL - 2020-09-01 10:38:16 --> Undefined index: widget_id
#0 /Volumes/Storage/WWW/webincms/app/Views/widget/widget.php(46): CodeIgniter\Debug\Exceptions->errorHandler(8, 'Undefined index...', '/Volumes/Storag...', 46, Array)
#1 /Volumes/Storage/WWW/webincms/vendor/codeigniter4/framework/system/View/View.php(246): include('/Volumes/Storag...')
#2 /Volumes/Storage/WWW/webincms/vendor/codeigniter4/framework/system/Common.php(1119): CodeIgniter\View\View->render('widget/widget', Array, true)
#3 /Volumes/Storage/WWW/webincms/app/Controllers/Backend/Widget.php(57): view('widget/widget', Array)
#4 /Volumes/Storage/WWW/webincms/vendor/codeigniter4/framework/system/CodeIgniter.php(918): App\Controllers\Backend\Widget->index()
#5 /Volumes/Storage/WWW/webincms/vendor/codeigniter4/framework/system/CodeIgniter.php(404): CodeIgniter\CodeIgniter->runController(Object(App\Controllers\Backend\Widget))
#6 /Volumes/Storage/WWW/webincms/vendor/codeigniter4/framework/system/CodeIgniter.php(312): CodeIgniter\CodeIgniter->handleRequest(NULL, Object(Config\Cache), false)
#7 /Volumes/Storage/WWW/webincms/public/index.php(45): CodeIgniter\CodeIgniter->run()
#8 {main}
CRITICAL - 2020-09-01 10:38:16 --> Uncaught ErrorException: Undefined variable: viewFile in /Volumes/Storage/WWW/webincms/vendor/codeigniter4/framework/system/Debug/Exceptions.php:308
Stack trace:
#0 /Volumes/Storage/WWW/webincms/vendor/codeigniter4/framework/system/Debug/Exceptions.php(308): CodeIgniter\Debug\Exceptions->errorHandler(8, 'Undefined varia...', '/Volumes/Storag...', 308, Array)
#1 /Volumes/Storage/WWW/webincms/vendor/codeigniter4/framework/system/Debug/Exceptions.php(308): include()
#2 /Volumes/Storage/WWW/webincms/vendor/codeigniter4/framework/system/Debug/Exceptions.php(174): CodeIgniter\Debug\Exceptions->render(Object(ErrorException), 500)
#3 [internal function]: CodeIgniter\Debug\Exceptions->exceptionHandler(Object(ErrorException))
#4 {main}
  thrown
#0 [internal function]: CodeIgniter\Debug\Exceptions->shutdownHandler()
#1 {main}
CRITICAL - 2020-09-01 10:39:34 --> Undefined index: widget_id
#0 /Volumes/Storage/WWW/webincms/app/Views/widget/widget.php(46): CodeIgniter\Debug\Exceptions->errorHandler(8, 'Undefined index...', '/Volumes/Storag...', 46, Array)
#1 /Volumes/Storage/WWW/webincms/vendor/codeigniter4/framework/system/View/View.php(246): include('/Volumes/Storag...')
#2 /Volumes/Storage/WWW/webincms/vendor/codeigniter4/framework/system/Common.php(1119): CodeIgniter\View\View->render('widget/widget', Array, true)
#3 /Volumes/Storage/WWW/webincms/app/Controllers/Backend/Widget.php(57): view('widget/widget', Array)
#4 /Volumes/Storage/WWW/webincms/vendor/codeigniter4/framework/system/CodeIgniter.php(918): App\Controllers\Backend\Widget->index()
#5 /Volumes/Storage/WWW/webincms/vendor/codeigniter4/framework/system/CodeIgniter.php(404): CodeIgniter\CodeIgniter->runController(Object(App\Controllers\Backend\Widget))
#6 /Volumes/Storage/WWW/webincms/vendor/codeigniter4/framework/system/CodeIgniter.php(312): CodeIgniter\CodeIgniter->handleRequest(NULL, Object(Config\Cache), false)
#7 /Volumes/Storage/WWW/webincms/public/index.php(45): CodeIgniter\CodeIgniter->run()
#8 {main}
CRITICAL - 2020-09-01 10:39:34 --> Uncaught ErrorException: Undefined variable: viewFile in /Volumes/Storage/WWW/webincms/vendor/codeigniter4/framework/system/Debug/Exceptions.php:308
Stack trace:
#0 /Volumes/Storage/WWW/webincms/vendor/codeigniter4/framework/system/Debug/Exceptions.php(308): CodeIgniter\Debug\Exceptions->errorHandler(8, 'Undefined varia...', '/Volumes/Storag...', 308, Array)
#1 /Volumes/Storage/WWW/webincms/vendor/codeigniter4/framework/system/Debug/Exceptions.php(308): include()
#2 /Volumes/Storage/WWW/webincms/vendor/codeigniter4/framework/system/Debug/Exceptions.php(174): CodeIgniter\Debug\Exceptions->render(Object(ErrorException), 500)
#3 [internal function]: CodeIgniter\Debug\Exceptions->exceptionHandler(Object(ErrorException))
#4 {main}
  thrown
#0 [internal function]: CodeIgniter\Debug\Exceptions->shutdownHandler()
#1 {main}
CRITICAL - 2020-09-01 10:39:45 --> Undefined index: widget_id
#0 /Volumes/Storage/WWW/webincms/app/Views/widget/widget.php(46): CodeIgniter\Debug\Exceptions->errorHandler(8, 'Undefined index...', '/Volumes/Storag...', 46, Array)
#1 /Volumes/Storage/WWW/webincms/vendor/codeigniter4/framework/system/View/View.php(246): include('/Volumes/Storag...')
#2 /Volumes/Storage/WWW/webincms/vendor/codeigniter4/framework/system/Common.php(1119): CodeIgniter\View\View->render('widget/widget', Array, true)
#3 /Volumes/Storage/WWW/webincms/app/Controllers/Backend/Widget.php(57): view('widget/widget', Array)
#4 /Volumes/Storage/WWW/webincms/vendor/codeigniter4/framework/system/CodeIgniter.php(918): App\Controllers\Backend\Widget->index()
#5 /Volumes/Storage/WWW/webincms/vendor/codeigniter4/framework/system/CodeIgniter.php(404): CodeIgniter\CodeIgniter->runController(Object(App\Controllers\Backend\Widget))
#6 /Volumes/Storage/WWW/webincms/vendor/codeigniter4/framework/system/CodeIgniter.php(312): CodeIgniter\CodeIgniter->handleRequest(NULL, Object(Config\Cache), false)
#7 /Volumes/Storage/WWW/webincms/public/index.php(45): CodeIgniter\CodeIgniter->run()
#8 {main}
CRITICAL - 2020-09-01 10:39:45 --> Uncaught ErrorException: Undefined variable: viewFile in /Volumes/Storage/WWW/webincms/vendor/codeigniter4/framework/system/Debug/Exceptions.php:308
Stack trace:
#0 /Volumes/Storage/WWW/webincms/vendor/codeigniter4/framework/system/Debug/Exceptions.php(308): CodeIgniter\Debug\Exceptions->errorHandler(8, 'Undefined varia...', '/Volumes/Storag...', 308, Array)
#1 /Volumes/Storage/WWW/webincms/vendor/codeigniter4/framework/system/Debug/Exceptions.php(308): include()
#2 /Volumes/Storage/WWW/webincms/vendor/codeigniter4/framework/system/Debug/Exceptions.php(174): CodeIgniter\Debug\Exceptions->render(Object(ErrorException), 500)
#3 [internal function]: CodeIgniter\Debug\Exceptions->exceptionHandler(Object(ErrorException))
#4 {main}
  thrown
#0 [internal function]: CodeIgniter\Debug\Exceptions->shutdownHandler()
#1 {main}
CRITICAL - 2020-09-01 10:39:56 --> Undefined index: value
#0 /Volumes/Storage/WWW/webincms/app/Views/widget/widget.php(63): CodeIgniter\Debug\Exceptions->errorHandler(8, 'Undefined index...', '/Volumes/Storag...', 63, Array)
#1 /Volumes/Storage/WWW/webincms/vendor/codeigniter4/framework/system/View/View.php(246): include('/Volumes/Storag...')
#2 /Volumes/Storage/WWW/webincms/vendor/codeigniter4/framework/system/Common.php(1119): CodeIgniter\View\View->render('widget/widget', Array, true)
#3 /Volumes/Storage/WWW/webincms/app/Controllers/Backend/Widget.php(57): view('widget/widget', Array)
#4 /Volumes/Storage/WWW/webincms/vendor/codeigniter4/framework/system/CodeIgniter.php(918): App\Controllers\Backend\Widget->index()
#5 /Volumes/Storage/WWW/webincms/vendor/codeigniter4/framework/system/CodeIgniter.php(404): CodeIgniter\CodeIgniter->runController(Object(App\Controllers\Backend\Widget))
#6 /Volumes/Storage/WWW/webincms/vendor/codeigniter4/framework/system/CodeIgniter.php(312): CodeIgniter\CodeIgniter->handleRequest(NULL, Object(Config\Cache), false)
#7 /Volumes/Storage/WWW/webincms/public/index.php(45): CodeIgniter\CodeIgniter->run()
#8 {main}
CRITICAL - 2020-09-01 10:39:56 --> Uncaught ErrorException: Undefined variable: viewFile in /Volumes/Storage/WWW/webincms/vendor/codeigniter4/framework/system/Debug/Exceptions.php:308
Stack trace:
#0 /Volumes/Storage/WWW/webincms/vendor/codeigniter4/framework/system/Debug/Exceptions.php(308): CodeIgniter\Debug\Exceptions->errorHandler(8, 'Undefined varia...', '/Volumes/Storag...', 308, Array)
#1 /Volumes/Storage/WWW/webincms/vendor/codeigniter4/framework/system/Debug/Exceptions.php(308): include()
#2 /Volumes/Storage/WWW/webincms/vendor/codeigniter4/framework/system/Debug/Exceptions.php(174): CodeIgniter\Debug\Exceptions->render(Object(ErrorException), 500)
#3 [internal function]: CodeIgniter\Debug\Exceptions->exceptionHandler(Object(ErrorException))
#4 {main}
  thrown
#0 [internal function]: CodeIgniter\Debug\Exceptions->shutdownHandler()
#1 {main}
CRITICAL - 2020-09-01 10:40:06 --> Undefined index: value
#0 /Volumes/Storage/WWW/webincms/app/Views/widget/widget.php(63): CodeIgniter\Debug\Exceptions->errorHandler(8, 'Undefined index...', '/Volumes/Storag...', 63, Array)
#1 /Volumes/Storage/WWW/webincms/vendor/codeigniter4/framework/system/View/View.php(246): include('/Volumes/Storag...')
#2 /Volumes/Storage/WWW/webincms/vendor/codeigniter4/framework/system/Common.php(1119): CodeIgniter\View\View->render('widget/widget', Array, true)
#3 /Volumes/Storage/WWW/webincms/app/Controllers/Backend/Widget.php(57): view('widget/widget', Array)
#4 /Volumes/Storage/WWW/webincms/vendor/codeigniter4/framework/system/CodeIgniter.php(918): App\Controllers\Backend\Widget->index()
#5 /Volumes/Storage/WWW/webincms/vendor/codeigniter4/framework/system/CodeIgniter.php(404): CodeIgniter\CodeIgniter->runController(Object(App\Controllers\Backend\Widget))
#6 /Volumes/Storage/WWW/webincms/vendor/codeigniter4/framework/system/CodeIgniter.php(312): CodeIgniter\CodeIgniter->handleRequest(NULL, Object(Config\Cache), false)
#7 /Volumes/Storage/WWW/webincms/public/index.php(45): CodeIgniter\CodeIgniter->run()
#8 {main}
CRITICAL - 2020-09-01 10:40:06 --> Uncaught ErrorException: Undefined variable: viewFile in /Volumes/Storage/WWW/webincms/vendor/codeigniter4/framework/system/Debug/Exceptions.php:308
Stack trace:
#0 /Volumes/Storage/WWW/webincms/vendor/codeigniter4/framework/system/Debug/Exceptions.php(308): CodeIgniter\Debug\Exceptions->errorHandler(8, 'Undefined varia...', '/Volumes/Storag...', 308, Array)
#1 /Volumes/Storage/WWW/webincms/vendor/codeigniter4/framework/system/Debug/Exceptions.php(308): include()
#2 /Volumes/Storage/WWW/webincms/vendor/codeigniter4/framework/system/Debug/Exceptions.php(174): CodeIgniter\Debug\Exceptions->render(Object(ErrorException), 500)
#3 [internal function]: CodeIgniter\Debug\Exceptions->exceptionHandler(Object(ErrorException))
#4 {main}
  thrown
#0 [internal function]: CodeIgniter\Debug\Exceptions->shutdownHandler()
#1 {main}
CRITICAL - 2020-09-01 10:40:21 --> Undefined variable: detail
#0 /Volumes/Storage/WWW/webincms/app/Views/widget/widget.php(63): CodeIgniter\Debug\Exceptions->errorHandler(8, 'Undefined varia...', '/Volumes/Storag...', 63, Array)
#1 /Volumes/Storage/WWW/webincms/vendor/codeigniter4/framework/system/View/View.php(246): include('/Volumes/Storag...')
#2 /Volumes/Storage/WWW/webincms/vendor/codeigniter4/framework/system/Common.php(1119): CodeIgniter\View\View->render('widget/widget', Array, true)
#3 /Volumes/Storage/WWW/webincms/app/Controllers/Backend/Widget.php(57): view('widget/widget', Array)
#4 /Volumes/Storage/WWW/webincms/vendor/codeigniter4/framework/system/CodeIgniter.php(918): App\Controllers\Backend\Widget->index()
#5 /Volumes/Storage/WWW/webincms/vendor/codeigniter4/framework/system/CodeIgniter.php(404): CodeIgniter\CodeIgniter->runController(Object(App\Controllers\Backend\Widget))
#6 /Volumes/Storage/WWW/webincms/vendor/codeigniter4/framework/system/CodeIgniter.php(312): CodeIgniter\CodeIgniter->handleRequest(NULL, Object(Config\Cache), false)
#7 /Volumes/Storage/WWW/webincms/public/index.php(45): CodeIgniter\CodeIgniter->run()
#8 {main}
CRITICAL - 2020-09-01 10:40:21 --> Uncaught ErrorException: Undefined variable: viewFile in /Volumes/Storage/WWW/webincms/vendor/codeigniter4/framework/system/Debug/Exceptions.php:308
Stack trace:
#0 /Volumes/Storage/WWW/webincms/vendor/codeigniter4/framework/system/Debug/Exceptions.php(308): CodeIgniter\Debug\Exceptions->errorHandler(8, 'Undefined varia...', '/Volumes/Storag...', 308, Array)
#1 /Volumes/Storage/WWW/webincms/vendor/codeigniter4/framework/system/Debug/Exceptions.php(308): include()
#2 /Volumes/Storage/WWW/webincms/vendor/codeigniter4/framework/system/Debug/Exceptions.php(174): CodeIgniter\Debug\Exceptions->render(Object(ErrorException), 500)
#3 [internal function]: CodeIgniter\Debug\Exceptions->exceptionHandler(Object(ErrorException))
#4 {main}
  thrown
#0 [internal function]: CodeIgniter\Debug\Exceptions->shutdownHandler()
#1 {main}
CRITICAL - 2020-09-01 10:40:34 --> Undefined variable: detail
#0 /Volumes/Storage/WWW/webincms/app/Views/widget/widget.php(63): CodeIgniter\Debug\Exceptions->errorHandler(8, 'Undefined varia...', '/Volumes/Storag...', 63, Array)
#1 /Volumes/Storage/WWW/webincms/vendor/codeigniter4/framework/system/View/View.php(246): include('/Volumes/Storag...')
#2 /Volumes/Storage/WWW/webincms/vendor/codeigniter4/framework/system/Common.php(1119): CodeIgniter\View\View->render('widget/widget', Array, true)
#3 /Volumes/Storage/WWW/webincms/app/Controllers/Backend/Widget.php(57): view('widget/widget', Array)
#4 /Volumes/Storage/WWW/webincms/vendor/codeigniter4/framework/system/CodeIgniter.php(918): App\Controllers\Backend\Widget->index()
#5 /Volumes/Storage/WWW/webincms/vendor/codeigniter4/framework/system/CodeIgniter.php(404): CodeIgniter\CodeIgniter->runController(Object(App\Controllers\Backend\Widget))
#6 /Volumes/Storage/WWW/webincms/vendor/codeigniter4/framework/system/CodeIgniter.php(312): CodeIgniter\CodeIgniter->handleRequest(NULL, Object(Config\Cache), false)
#7 /Volumes/Storage/WWW/webincms/public/index.php(45): CodeIgniter\CodeIgniter->run()
#8 {main}
CRITICAL - 2020-09-01 10:40:34 --> Uncaught ErrorException: Undefined variable: viewFile in /Volumes/Storage/WWW/webincms/vendor/codeigniter4/framework/system/Debug/Exceptions.php:308
Stack trace:
#0 /Volumes/Storage/WWW/webincms/vendor/codeigniter4/framework/system/Debug/Exceptions.php(308): CodeIgniter\Debug\Exceptions->errorHandler(8, 'Undefined varia...', '/Volumes/Storag...', 308, Array)
#1 /Volumes/Storage/WWW/webincms/vendor/codeigniter4/framework/system/Debug/Exceptions.php(308): include()
#2 /Volumes/Storage/WWW/webincms/vendor/codeigniter4/framework/system/Debug/Exceptions.php(174): CodeIgniter\Debug\Exceptions->render(Object(ErrorException), 500)
#3 [internal function]: CodeIgniter\Debug\Exceptions->exceptionHandler(Object(ErrorException))
#4 {main}
  thrown
#0 [internal function]: CodeIgniter\Debug\Exceptions->shutdownHandler()
#1 {main}
CRITICAL - 2020-09-01 10:40:41 --> Undefined variable: detail
#0 /Volumes/Storage/WWW/webincms/app/Views/widget/widget.php(63): CodeIgniter\Debug\Exceptions->errorHandler(8, 'Undefined varia...', '/Volumes/Storag...', 63, Array)
#1 /Volumes/Storage/WWW/webincms/vendor/codeigniter4/framework/system/View/View.php(246): include('/Volumes/Storag...')
#2 /Volumes/Storage/WWW/webincms/vendor/codeigniter4/framework/system/Common.php(1119): CodeIgniter\View\View->render('widget/widget', Array, true)
#3 /Volumes/Storage/WWW/webincms/app/Controllers/Backend/Widget.php(57): view('widget/widget', Array)
#4 /Volumes/Storage/WWW/webincms/vendor/codeigniter4/framework/system/CodeIgniter.php(918): App\Controllers\Backend\Widget->index()
#5 /Volumes/Storage/WWW/webincms/vendor/codeigniter4/framework/system/CodeIgniter.php(404): CodeIgniter\CodeIgniter->runController(Object(App\Controllers\Backend\Widget))
#6 /Volumes/Storage/WWW/webincms/vendor/codeigniter4/framework/system/CodeIgniter.php(312): CodeIgniter\CodeIgniter->handleRequest(NULL, Object(Config\Cache), false)
#7 /Volumes/Storage/WWW/webincms/public/index.php(45): CodeIgniter\CodeIgniter->run()
#8 {main}
CRITICAL - 2020-09-01 10:40:41 --> Uncaught ErrorException: Undefined variable: viewFile in /Volumes/Storage/WWW/webincms/vendor/codeigniter4/framework/system/Debug/Exceptions.php:308
Stack trace:
#0 /Volumes/Storage/WWW/webincms/vendor/codeigniter4/framework/system/Debug/Exceptions.php(308): CodeIgniter\Debug\Exceptions->errorHandler(8, 'Undefined varia...', '/Volumes/Storag...', 308, Array)
#1 /Volumes/Storage/WWW/webincms/vendor/codeigniter4/framework/system/Debug/Exceptions.php(308): include()
#2 /Volumes/Storage/WWW/webincms/vendor/codeigniter4/framework/system/Debug/Exceptions.php(174): CodeIgniter\Debug\Exceptions->render(Object(ErrorException), 500)
#3 [internal function]: CodeIgniter\Debug\Exceptions->exceptionHandler(Object(ErrorException))
#4 {main}
  thrown
#0 [internal function]: CodeIgniter\Debug\Exceptions->shutdownHandler()
#1 {main}
CRITICAL - 2020-09-01 10:41:01 --> Undefined variable: detail
#0 /Volumes/Storage/WWW/webincms/app/Views/widget/widget.php(63): CodeIgniter\Debug\Exceptions->errorHandler(8, 'Undefined varia...', '/Volumes/Storag...', 63, Array)
#1 /Volumes/Storage/WWW/webincms/vendor/codeigniter4/framework/system/View/View.php(246): include('/Volumes/Storag...')
#2 /Volumes/Storage/WWW/webincms/vendor/codeigniter4/framework/system/Common.php(1119): CodeIgniter\View\View->render('widget/widget', Array, true)
#3 /Volumes/Storage/WWW/webincms/app/Controllers/Backend/Widget.php(57): view('widget/widget', Array)
#4 /Volumes/Storage/WWW/webincms/vendor/codeigniter4/framework/system/CodeIgniter.php(918): App\Controllers\Backend\Widget->index()
#5 /Volumes/Storage/WWW/webincms/vendor/codeigniter4/framework/system/CodeIgniter.php(404): CodeIgniter\CodeIgniter->runController(Object(App\Controllers\Backend\Widget))
#6 /Volumes/Storage/WWW/webincms/vendor/codeigniter4/framework/system/CodeIgniter.php(312): CodeIgniter\CodeIgniter->handleRequest(NULL, Object(Config\Cache), false)
#7 /Volumes/Storage/WWW/webincms/public/index.php(45): CodeIgniter\CodeIgniter->run()
#8 {main}
CRITICAL - 2020-09-01 10:41:01 --> Uncaught ErrorException: Undefined variable: viewFile in /Volumes/Storage/WWW/webincms/vendor/codeigniter4/framework/system/Debug/Exceptions.php:308
Stack trace:
#0 /Volumes/Storage/WWW/webincms/vendor/codeigniter4/framework/system/Debug/Exceptions.php(308): CodeIgniter\Debug\Exceptions->errorHandler(8, 'Undefined varia...', '/Volumes/Storag...', 308, Array)
#1 /Volumes/Storage/WWW/webincms/vendor/codeigniter4/framework/system/Debug/Exceptions.php(308): include()
#2 /Volumes/Storage/WWW/webincms/vendor/codeigniter4/framework/system/Debug/Exceptions.php(174): CodeIgniter\Debug\Exceptions->render(Object(ErrorException), 500)
#3 [internal function]: CodeIgniter\Debug\Exceptions->exceptionHandler(Object(ErrorException))
#4 {main}
  thrown
#0 [internal function]: CodeIgniter\Debug\Exceptions->shutdownHandler()
#1 {main}
CRITICAL - 2020-09-01 10:41:19 --> Undefined variable: detail
#0 /Volumes/Storage/WWW/webincms/app/Views/widget/widget.php(63): CodeIgniter\Debug\Exceptions->errorHandler(8, 'Undefined varia...', '/Volumes/Storag...', 63, Array)
#1 /Volumes/Storage/WWW/webincms/vendor/codeigniter4/framework/system/View/View.php(246): include('/Volumes/Storag...')
#2 /Volumes/Storage/WWW/webincms/vendor/codeigniter4/framework/system/Common.php(1119): CodeIgniter\View\View->render('widget/widget', Array, true)
#3 /Volumes/Storage/WWW/webincms/app/Controllers/Backend/Widget.php(44): view('widget/widget', Array)
#4 /Volumes/Storage/WWW/webincms/vendor/codeigniter4/framework/system/CodeIgniter.php(918): App\Controllers\Backend\Widget->index()
#5 /Volumes/Storage/WWW/webincms/vendor/codeigniter4/framework/system/CodeIgniter.php(404): CodeIgniter\CodeIgniter->runController(Object(App\Controllers\Backend\Widget))
#6 /Volumes/Storage/WWW/webincms/vendor/codeigniter4/framework/system/CodeIgniter.php(312): CodeIgniter\CodeIgniter->handleRequest(NULL, Object(Config\Cache), false)
#7 /Volumes/Storage/WWW/webincms/public/index.php(45): CodeIgniter\CodeIgniter->run()
#8 {main}
CRITICAL - 2020-09-01 10:41:19 --> Uncaught ErrorException: Undefined variable: viewFile in /Volumes/Storage/WWW/webincms/vendor/codeigniter4/framework/system/Debug/Exceptions.php:308
Stack trace:
#0 /Volumes/Storage/WWW/webincms/vendor/codeigniter4/framework/system/Debug/Exceptions.php(308): CodeIgniter\Debug\Exceptions->errorHandler(8, 'Undefined varia...', '/Volumes/Storag...', 308, Array)
#1 /Volumes/Storage/WWW/webincms/vendor/codeigniter4/framework/system/Debug/Exceptions.php(308): include()
#2 /Volumes/Storage/WWW/webincms/vendor/codeigniter4/framework/system/Debug/Exceptions.php(174): CodeIgniter\Debug\Exceptions->render(Object(ErrorException), 500)
#3 [internal function]: CodeIgniter\Debug\Exceptions->exceptionHandler(Object(ErrorException))
#4 {main}
  thrown
#0 [internal function]: CodeIgniter\Debug\Exceptions->shutdownHandler()
#1 {main}
CRITICAL - 2020-09-01 10:42:15 --> Undefined index: widget_id
#0 /Volumes/Storage/WWW/webincms/app/Views/widget/widget.php(46): CodeIgniter\Debug\Exceptions->errorHandler(8, 'Undefined index...', '/Volumes/Storag...', 46, Array)
#1 /Volumes/Storage/WWW/webincms/vendor/codeigniter4/framework/system/View/View.php(246): include('/Volumes/Storag...')
#2 /Volumes/Storage/WWW/webincms/vendor/codeigniter4/framework/system/Common.php(1119): CodeIgniter\View\View->render('widget/widget', Array, true)
#3 /Volumes/Storage/WWW/webincms/app/Controllers/Backend/Widget.php(57): view('widget/widget', Array)
#4 /Volumes/Storage/WWW/webincms/vendor/codeigniter4/framework/system/CodeIgniter.php(918): App\Controllers\Backend\Widget->index()
#5 /Volumes/Storage/WWW/webincms/vendor/codeigniter4/framework/system/CodeIgniter.php(404): CodeIgniter\CodeIgniter->runController(Object(App\Controllers\Backend\Widget))
#6 /Volumes/Storage/WWW/webincms/vendor/codeigniter4/framework/system/CodeIgniter.php(312): CodeIgniter\CodeIgniter->handleRequest(NULL, Object(Config\Cache), false)
#7 /Volumes/Storage/WWW/webincms/public/index.php(45): CodeIgniter\CodeIgniter->run()
#8 {main}
CRITICAL - 2020-09-01 10:42:15 --> Uncaught ErrorException: Undefined variable: viewFile in /Volumes/Storage/WWW/webincms/vendor/codeigniter4/framework/system/Debug/Exceptions.php:308
Stack trace:
#0 /Volumes/Storage/WWW/webincms/vendor/codeigniter4/framework/system/Debug/Exceptions.php(308): CodeIgniter\Debug\Exceptions->errorHandler(8, 'Undefined varia...', '/Volumes/Storag...', 308, Array)
#1 /Volumes/Storage/WWW/webincms/vendor/codeigniter4/framework/system/Debug/Exceptions.php(308): include()
#2 /Volumes/Storage/WWW/webincms/vendor/codeigniter4/framework/system/Debug/Exceptions.php(174): CodeIgniter\Debug\Exceptions->render(Object(ErrorException), 500)
#3 [internal function]: CodeIgniter\Debug\Exceptions->exceptionHandler(Object(ErrorException))
#4 {main}
  thrown
#0 [internal function]: CodeIgniter\Debug\Exceptions->shutdownHandler()
#1 {main}
CRITICAL - 2020-09-01 10:42:25 --> Undefined index: widget_id
#0 /Volumes/Storage/WWW/webincms/app/Views/widget/widget.php(46): CodeIgniter\Debug\Exceptions->errorHandler(8, 'Undefined index...', '/Volumes/Storag...', 46, Array)
#1 /Volumes/Storage/WWW/webincms/vendor/codeigniter4/framework/system/View/View.php(246): include('/Volumes/Storag...')
#2 /Volumes/Storage/WWW/webincms/vendor/codeigniter4/framework/system/Common.php(1119): CodeIgniter\View\View->render('widget/widget', Array, true)
#3 /Volumes/Storage/WWW/webincms/app/Controllers/Backend/Widget.php(57): view('widget/widget', Array)
#4 /Volumes/Storage/WWW/webincms/vendor/codeigniter4/framework/system/CodeIgniter.php(918): App\Controllers\Backend\Widget->index()
#5 /Volumes/Storage/WWW/webincms/vendor/codeigniter4/framework/system/CodeIgniter.php(404): CodeIgniter\CodeIgniter->runController(Object(App\Controllers\Backend\Widget))
#6 /Volumes/Storage/WWW/webincms/vendor/codeigniter4/framework/system/CodeIgniter.php(312): CodeIgniter\CodeIgniter->handleRequest(NULL, Object(Config\Cache), false)
#7 /Volumes/Storage/WWW/webincms/public/index.php(45): CodeIgniter\CodeIgniter->run()
#8 {main}
CRITICAL - 2020-09-01 10:42:25 --> Uncaught ErrorException: Undefined variable: viewFile in /Volumes/Storage/WWW/webincms/vendor/codeigniter4/framework/system/Debug/Exceptions.php:308
Stack trace:
#0 /Volumes/Storage/WWW/webincms/vendor/codeigniter4/framework/system/Debug/Exceptions.php(308): CodeIgniter\Debug\Exceptions->errorHandler(8, 'Undefined varia...', '/Volumes/Storag...', 308, Array)
#1 /Volumes/Storage/WWW/webincms/vendor/codeigniter4/framework/system/Debug/Exceptions.php(308): include()
#2 /Volumes/Storage/WWW/webincms/vendor/codeigniter4/framework/system/Debug/Exceptions.php(174): CodeIgniter\Debug\Exceptions->render(Object(ErrorException), 500)
#3 [internal function]: CodeIgniter\Debug\Exceptions->exceptionHandler(Object(ErrorException))
#4 {main}
  thrown
#0 [internal function]: CodeIgniter\Debug\Exceptions->shutdownHandler()
#1 {main}
CRITICAL - 2020-09-01 10:42:46 --> Undefined variable: key
#0 /Volumes/Storage/WWW/webincms/app/Controllers/Backend/Widget.php(52): CodeIgniter\Debug\Exceptions->errorHandler(8, 'Undefined varia...', '/Volumes/Storag...', 52, Array)
#1 /Volumes/Storage/WWW/webincms/vendor/codeigniter4/framework/system/CodeIgniter.php(918): App\Controllers\Backend\Widget->index()
#2 /Volumes/Storage/WWW/webincms/vendor/codeigniter4/framework/system/CodeIgniter.php(404): CodeIgniter\CodeIgniter->runController(Object(App\Controllers\Backend\Widget))
#3 /Volumes/Storage/WWW/webincms/vendor/codeigniter4/framework/system/CodeIgniter.php(312): CodeIgniter\CodeIgniter->handleRequest(NULL, Object(Config\Cache), false)
#4 /Volumes/Storage/WWW/webincms/public/index.php(45): CodeIgniter\CodeIgniter->run()
#5 {main}
CRITICAL - 2020-09-01 10:42:46 --> Uncaught ErrorException: Undefined variable: viewFile in /Volumes/Storage/WWW/webincms/vendor/codeigniter4/framework/system/Debug/Exceptions.php:308
Stack trace:
#0 /Volumes/Storage/WWW/webincms/vendor/codeigniter4/framework/system/Debug/Exceptions.php(308): CodeIgniter\Debug\Exceptions->errorHandler(8, 'Undefined varia...', '/Volumes/Storag...', 308, Array)
#1 /Volumes/Storage/WWW/webincms/vendor/codeigniter4/framework/system/Debug/Exceptions.php(308): include()
#2 /Volumes/Storage/WWW/webincms/vendor/codeigniter4/framework/system/Debug/Exceptions.php(174): CodeIgniter\Debug\Exceptions->render(Object(ErrorException), 500)
#3 [internal function]: CodeIgniter\Debug\Exceptions->exceptionHandler(Object(ErrorException))
#4 {main}
  thrown
#0 [internal function]: CodeIgniter\Debug\Exceptions->shutdownHandler()
#1 {main}
CRITICAL - 2020-09-01 10:43:20 --> Undefined index: widget_id
#0 /Volumes/Storage/WWW/webincms/app/Views/widget/widget.php(46): CodeIgniter\Debug\Exceptions->errorHandler(8, 'Undefined index...', '/Volumes/Storag...', 46, Array)
#1 /Volumes/Storage/WWW/webincms/vendor/codeigniter4/framework/system/View/View.php(246): include('/Volumes/Storag...')
#2 /Volumes/Storage/WWW/webincms/vendor/codeigniter4/framework/system/Common.php(1119): CodeIgniter\View\View->render('widget/widget', Array, true)
#3 /Volumes/Storage/WWW/webincms/app/Controllers/Backend/Widget.php(57): view('widget/widget', Array)
#4 /Volumes/Storage/WWW/webincms/vendor/codeigniter4/framework/system/CodeIgniter.php(918): App\Controllers\Backend\Widget->index()
#5 /Volumes/Storage/WWW/webincms/vendor/codeigniter4/framework/system/CodeIgniter.php(404): CodeIgniter\CodeIgniter->runController(Object(App\Controllers\Backend\Widget))
#6 /Volumes/Storage/WWW/webincms/vendor/codeigniter4/framework/system/CodeIgniter.php(312): CodeIgniter\CodeIgniter->handleRequest(NULL, Object(Config\Cache), false)
#7 /Volumes/Storage/WWW/webincms/public/index.php(45): CodeIgniter\CodeIgniter->run()
#8 {main}
CRITICAL - 2020-09-01 10:43:20 --> Uncaught ErrorException: Undefined variable: viewFile in /Volumes/Storage/WWW/webincms/vendor/codeigniter4/framework/system/Debug/Exceptions.php:308
Stack trace:
#0 /Volumes/Storage/WWW/webincms/vendor/codeigniter4/framework/system/Debug/Exceptions.php(308): CodeIgniter\Debug\Exceptions->errorHandler(8, 'Undefined varia...', '/Volumes/Storag...', 308, Array)
#1 /Volumes/Storage/WWW/webincms/vendor/codeigniter4/framework/system/Debug/Exceptions.php(308): include()
#2 /Volumes/Storage/WWW/webincms/vendor/codeigniter4/framework/system/Debug/Exceptions.php(174): CodeIgniter\Debug\Exceptions->render(Object(ErrorException), 500)
#3 [internal function]: CodeIgniter\Debug\Exceptions->exceptionHandler(Object(ErrorException))
#4 {main}
  thrown
#0 [internal function]: CodeIgniter\Debug\Exceptions->shutdownHandler()
#1 {main}
CRITICAL - 2020-09-01 10:52:08 --> fclose() expects parameter 1 to be resource, string given
#0 [internal function]: CodeIgniter\Debug\Exceptions->errorHandler(2, 'fclose() expect...', '/Volumes/Storag...', 34, Array)
#1 /Volumes/Storage/WWW/webincms/app/Controllers/Backend/Asset.php(34): fclose('/Volumes/Storag...')
#2 /Volumes/Storage/WWW/webincms/vendor/codeigniter4/framework/system/CodeIgniter.php(918): App\Controllers\Backend\Asset->static('img', 'pexels-pixabay-...')
#3 /Volumes/Storage/WWW/webincms/vendor/codeigniter4/framework/system/CodeIgniter.php(404): CodeIgniter\CodeIgniter->runController(Object(App\Controllers\Backend\Asset))
#4 /Volumes/Storage/WWW/webincms/vendor/codeigniter4/framework/system/CodeIgniter.php(312): CodeIgniter\CodeIgniter->handleRequest(NULL, Object(Config\Cache), false)
#5 /Volumes/Storage/WWW/webincms/public/index.php(45): CodeIgniter\CodeIgniter->run()
#6 {main}
CRITICAL - 2020-09-01 10:52:09 --> Uncaught CodeIgniter\Format\Exceptions\FormatException: Failed to parse json string, error: "Type is not supported". in /Volumes/Storage/WWW/webincms/vendor/codeigniter4/framework/system/Format/Exceptions/FormatException.php:9
Stack trace:
#0 /Volumes/Storage/WWW/webincms/vendor/codeigniter4/framework/system/Format/JSONFormatter.php(71): CodeIgniter\Format\Exceptions\FormatException::forInvalidJSON('Type is not sup...')
#1 /Volumes/Storage/WWW/webincms/vendor/codeigniter4/framework/system/API/ResponseTrait.php(414): CodeIgniter\Format\JSONFormatter->format(Array)
#2 /Volumes/Storage/WWW/webincms/vendor/codeigniter4/framework/system/API/ResponseTrait.php(134): CodeIgniter\Debug\Exceptions->format(Array)
#3 /Volumes/Storage/WWW/webincms/vendor/codeigniter4/framework/system/Debug/Exceptions.php(168): CodeIgniter\Debug\Exceptions->respond(Array, 500)
#4 [internal function]: CodeIgniter\Debug\Exceptions->exceptionHandler(Object(ErrorException))
#5 {main}
  thrown
#0 [internal function]: CodeIgniter\Debug\Exceptions->shutdownHandler()
#1 {main}
CRITICAL - 2020-09-01 10:52:15 --> fclose() expects parameter 1 to be resource, string given
#0 [internal function]: CodeIgniter\Debug\Exceptions->errorHandler(2, 'fclose() expect...', '/Volumes/Storag...', 34, Array)
#1 /Volumes/Storage/WWW/webincms/app/Controllers/Backend/Asset.php(34): fclose('/Volumes/Storag...')
#2 /Volumes/Storage/WWW/webincms/vendor/codeigniter4/framework/system/CodeIgniter.php(918): App\Controllers\Backend\Asset->static('img', 'pexels-pixabay-...')
#3 /Volumes/Storage/WWW/webincms/vendor/codeigniter4/framework/system/CodeIgniter.php(404): CodeIgniter\CodeIgniter->runController(Object(App\Controllers\Backend\Asset))
#4 /Volumes/Storage/WWW/webincms/vendor/codeigniter4/framework/system/CodeIgniter.php(312): CodeIgniter\CodeIgniter->handleRequest(NULL, Object(Config\Cache), false)
#5 /Volumes/Storage/WWW/webincms/public/index.php(45): CodeIgniter\CodeIgniter->run()
#6 {main}
CRITICAL - 2020-09-01 10:52:15 --> Uncaught CodeIgniter\Format\Exceptions\FormatException: Failed to parse json string, error: "Type is not supported". in /Volumes/Storage/WWW/webincms/vendor/codeigniter4/framework/system/Format/Exceptions/FormatException.php:9
Stack trace:
#0 /Volumes/Storage/WWW/webincms/vendor/codeigniter4/framework/system/Format/JSONFormatter.php(71): CodeIgniter\Format\Exceptions\FormatException::forInvalidJSON('Type is not sup...')
#1 /Volumes/Storage/WWW/webincms/vendor/codeigniter4/framework/system/API/ResponseTrait.php(414): CodeIgniter\Format\JSONFormatter->format(Array)
#2 /Volumes/Storage/WWW/webincms/vendor/codeigniter4/framework/system/API/ResponseTrait.php(134): CodeIgniter\Debug\Exceptions->format(Array)
#3 /Volumes/Storage/WWW/webincms/vendor/codeigniter4/framework/system/Debug/Exceptions.php(168): CodeIgniter\Debug\Exceptions->respond(Array, 500)
#4 [internal function]: CodeIgniter\Debug\Exceptions->exceptionHandler(Object(ErrorException))
#5 {main}
  thrown
#0 [internal function]: CodeIgniter\Debug\Exceptions->shutdownHandler()
#1 {main}
CRITICAL - 2020-09-01 10:57:51 --> fclose() expects parameter 1 to be resource, string given
#0 [internal function]: CodeIgniter\Debug\Exceptions->errorHandler(2, 'fclose() expect...', '/Volumes/Storag...', 50, Array)
#1 /Volumes/Storage/WWW/webincms/app/Controllers/Frontend/Asset.php(50): fclose('/Volumes/Storag...')
#2 /Volumes/Storage/WWW/webincms/vendor/codeigniter4/framework/system/CodeIgniter.php(918): App\Controllers\Frontend\Asset->preview('default')
#3 /Volumes/Storage/WWW/webincms/vendor/codeigniter4/framework/system/CodeIgniter.php(404): CodeIgniter\CodeIgniter->runController(Object(App\Controllers\Frontend\Asset))
#4 /Volumes/Storage/WWW/webincms/vendor/codeigniter4/framework/system/CodeIgniter.php(312): CodeIgniter\CodeIgniter->handleRequest(NULL, Object(Config\Cache), false)
#5 /Volumes/Storage/WWW/webincms/public/index.php(45): CodeIgniter\CodeIgniter->run()
#6 {main}
CRITICAL - 2020-09-01 10:57:51 --> Uncaught CodeIgniter\Format\Exceptions\FormatException: Failed to parse json string, error: "Type is not supported". in /Volumes/Storage/WWW/webincms/vendor/codeigniter4/framework/system/Format/Exceptions/FormatException.php:9
Stack trace:
#0 /Volumes/Storage/WWW/webincms/vendor/codeigniter4/framework/system/Format/JSONFormatter.php(71): CodeIgniter\Format\Exceptions\FormatException::forInvalidJSON('Type is not sup...')
#1 /Volumes/Storage/WWW/webincms/vendor/codeigniter4/framework/system/API/ResponseTrait.php(414): CodeIgniter\Format\JSONFormatter->format(Array)
#2 /Volumes/Storage/WWW/webincms/vendor/codeigniter4/framework/system/API/ResponseTrait.php(134): CodeIgniter\Debug\Exceptions->format(Array)
#3 /Volumes/Storage/WWW/webincms/vendor/codeigniter4/framework/system/Debug/Exceptions.php(168): CodeIgniter\Debug\Exceptions->respond(Array, 500)
#4 [internal function]: CodeIgniter\Debug\Exceptions->exceptionHandler(Object(ErrorException))
#5 {main}
  thrown
#0 [internal function]: CodeIgniter\Debug\Exceptions->shutdownHandler()
#1 {main}
CRITICAL - 2020-09-01 10:57:54 --> fclose() expects parameter 1 to be resource, string given
#0 [internal function]: CodeIgniter\Debug\Exceptions->errorHandler(2, 'fclose() expect...', '/Volumes/Storag...', 50, Array)
#1 /Volumes/Storage/WWW/webincms/app/Controllers/Frontend/Asset.php(50): fclose('/Volumes/Storag...')
#2 /Volumes/Storage/WWW/webincms/vendor/codeigniter4/framework/system/CodeIgniter.php(918): App\Controllers\Frontend\Asset->preview('default')
#3 /Volumes/Storage/WWW/webincms/vendor/codeigniter4/framework/system/CodeIgniter.php(404): CodeIgniter\CodeIgniter->runController(Object(App\Controllers\Frontend\Asset))
#4 /Volumes/Storage/WWW/webincms/vendor/codeigniter4/framework/system/CodeIgniter.php(312): CodeIgniter\CodeIgniter->handleRequest(NULL, Object(Config\Cache), false)
#5 /Volumes/Storage/WWW/webincms/public/index.php(45): CodeIgniter\CodeIgniter->run()
#6 {main}
CRITICAL - 2020-09-01 10:57:54 --> Uncaught CodeIgniter\Format\Exceptions\FormatException: Failed to parse json string, error: "Type is not supported". in /Volumes/Storage/WWW/webincms/vendor/codeigniter4/framework/system/Format/Exceptions/FormatException.php:9
Stack trace:
#0 /Volumes/Storage/WWW/webincms/vendor/codeigniter4/framework/system/Format/JSONFormatter.php(71): CodeIgniter\Format\Exceptions\FormatException::forInvalidJSON('Type is not sup...')
#1 /Volumes/Storage/WWW/webincms/vendor/codeigniter4/framework/system/API/ResponseTrait.php(414): CodeIgniter\Format\JSONFormatter->format(Array)
#2 /Volumes/Storage/WWW/webincms/vendor/codeigniter4/framework/system/API/ResponseTrait.php(134): CodeIgniter\Debug\Exceptions->format(Array)
#3 /Volumes/Storage/WWW/webincms/vendor/codeigniter4/framework/system/Debug/Exceptions.php(168): CodeIgniter\Debug\Exceptions->respond(Array, 500)
#4 [internal function]: CodeIgniter\Debug\Exceptions->exceptionHandler(Object(ErrorException))
#5 {main}
  thrown
#0 [internal function]: CodeIgniter\Debug\Exceptions->shutdownHandler()
#1 {main}
