CRITICAL - 2020-08-24 01:42:30 --> fclose() expects parameter 1 to be resource, string given
#0 [internal function]: CodeIgniter\Debug\Exceptions->errorHandler(2, 'fclose() expect...', '/Volumes/Storag...', 34, Array)
#1 /Volumes/Storage/WWW/webincms/app/Controllers/Backend/Asset.php(34): fclose('/Volumes/Storag...')
#2 /Volumes/Storage/WWW/webincms/vendor/codeigniter4/framework/system/CodeIgniter.php(918): App\Controllers\Backend\Asset->static('img', 'pexels-athena-2...')
#3 /Volumes/Storage/WWW/webincms/vendor/codeigniter4/framework/system/CodeIgniter.php(404): CodeIgniter\CodeIgniter->runController(Object(App\Controllers\Backend\Asset))
#4 /Volumes/Storage/WWW/webincms/vendor/codeigniter4/framework/system/CodeIgniter.php(312): CodeIgniter\CodeIgniter->handleRequest(NULL, Object(Config\Cache), false)
#5 /Volumes/Storage/WWW/webincms/public/index.php(45): CodeIgniter\CodeIgniter->run()
#6 {main}
CRITICAL - 2020-08-24 01:42:31 --> Uncaught CodeIgniter\Format\Exceptions\FormatException: Failed to parse json string, error: "Type is not supported". in /Volumes/Storage/WWW/webincms/vendor/codeigniter4/framework/system/Format/Exceptions/FormatException.php:9
Stack trace:
#0 /Volumes/Storage/WWW/webincms/vendor/codeigniter4/framework/system/Format/JSONFormatter.php(71): CodeIgniter\Format\Exceptions\FormatException::forInvalidJSON('Type is not sup...')
#1 /Volumes/Storage/WWW/webincms/vendor/codeigniter4/framework/system/API/ResponseTrait.php(414): CodeIgniter\Format\JSONFormatter->format(Array)
#2 /Volumes/Storage/WWW/webincms/vendor/codeigniter4/framework/system/API/ResponseTrait.php(134): CodeIgniter\Debug\Exceptions->format(Array)
#3 /Volumes/Storage/WWW/webincms/vendor/codeigniter4/framework/system/Debug/Exceptions.php(168): CodeIgniter\Debug\Exceptions->respond(Array, 500)
#4 [internal function]: CodeIgniter\Debug\Exceptions->exceptionHandler(Object(ErrorException))
#5 {main}
  thrown
#0 [internal function]: CodeIgniter\Debug\Exceptions->shutdownHandler()
#1 {main}
CRITICAL - 2020-08-24 01:42:35 --> fclose() expects parameter 1 to be resource, string given
#0 [internal function]: CodeIgniter\Debug\Exceptions->errorHandler(2, 'fclose() expect...', '/Volumes/Storag...', 34, Array)
#1 /Volumes/Storage/WWW/webincms/app/Controllers/Backend/Asset.php(34): fclose('/Volumes/Storag...')
#2 /Volumes/Storage/WWW/webincms/vendor/codeigniter4/framework/system/CodeIgniter.php(918): App\Controllers\Backend\Asset->static('img', 'pexels-pixabay-...')
#3 /Volumes/Storage/WWW/webincms/vendor/codeigniter4/framework/system/CodeIgniter.php(404): CodeIgniter\CodeIgniter->runController(Object(App\Controllers\Backend\Asset))
#4 /Volumes/Storage/WWW/webincms/vendor/codeigniter4/framework/system/CodeIgniter.php(312): CodeIgniter\CodeIgniter->handleRequest(NULL, Object(Config\Cache), false)
#5 /Volumes/Storage/WWW/webincms/public/index.php(45): CodeIgniter\CodeIgniter->run()
#6 {main}
CRITICAL - 2020-08-24 01:42:35 --> Uncaught CodeIgniter\Format\Exceptions\FormatException: Failed to parse json string, error: "Type is not supported". in /Volumes/Storage/WWW/webincms/vendor/codeigniter4/framework/system/Format/Exceptions/FormatException.php:9
Stack trace:
#0 /Volumes/Storage/WWW/webincms/vendor/codeigniter4/framework/system/Format/JSONFormatter.php(71): CodeIgniter\Format\Exceptions\FormatException::forInvalidJSON('Type is not sup...')
#1 /Volumes/Storage/WWW/webincms/vendor/codeigniter4/framework/system/API/ResponseTrait.php(414): CodeIgniter\Format\JSONFormatter->format(Array)
#2 /Volumes/Storage/WWW/webincms/vendor/codeigniter4/framework/system/API/ResponseTrait.php(134): CodeIgniter\Debug\Exceptions->format(Array)
#3 /Volumes/Storage/WWW/webincms/vendor/codeigniter4/framework/system/Debug/Exceptions.php(168): CodeIgniter\Debug\Exceptions->respond(Array, 500)
#4 [internal function]: CodeIgniter\Debug\Exceptions->exceptionHandler(Object(ErrorException))
#5 {main}
  thrown
#0 [internal function]: CodeIgniter\Debug\Exceptions->shutdownHandler()
#1 {main}
CRITICAL - 2020-08-24 01:46:03 --> fclose() expects parameter 1 to be resource, string given
#0 [internal function]: CodeIgniter\Debug\Exceptions->errorHandler(2, 'fclose() expect...', '/Volumes/Storag...', 34, Array)
#1 /Volumes/Storage/WWW/webincms/app/Controllers/Backend/Asset.php(34): fclose('/Volumes/Storag...')
#2 /Volumes/Storage/WWW/webincms/vendor/codeigniter4/framework/system/CodeIgniter.php(918): App\Controllers\Backend\Asset->static('img', 'pexels-pixabay-...')
#3 /Volumes/Storage/WWW/webincms/vendor/codeigniter4/framework/system/CodeIgniter.php(404): CodeIgniter\CodeIgniter->runController(Object(App\Controllers\Backend\Asset))
#4 /Volumes/Storage/WWW/webincms/vendor/codeigniter4/framework/system/CodeIgniter.php(312): CodeIgniter\CodeIgniter->handleRequest(NULL, Object(Config\Cache), false)
#5 /Volumes/Storage/WWW/webincms/public/index.php(45): CodeIgniter\CodeIgniter->run()
#6 {main}
CRITICAL - 2020-08-24 01:46:04 --> Uncaught CodeIgniter\Format\Exceptions\FormatException: Failed to parse json string, error: "Type is not supported". in /Volumes/Storage/WWW/webincms/vendor/codeigniter4/framework/system/Format/Exceptions/FormatException.php:9
Stack trace:
#0 /Volumes/Storage/WWW/webincms/vendor/codeigniter4/framework/system/Format/JSONFormatter.php(71): CodeIgniter\Format\Exceptions\FormatException::forInvalidJSON('Type is not sup...')
#1 /Volumes/Storage/WWW/webincms/vendor/codeigniter4/framework/system/API/ResponseTrait.php(414): CodeIgniter\Format\JSONFormatter->format(Array)
#2 /Volumes/Storage/WWW/webincms/vendor/codeigniter4/framework/system/API/ResponseTrait.php(134): CodeIgniter\Debug\Exceptions->format(Array)
#3 /Volumes/Storage/WWW/webincms/vendor/codeigniter4/framework/system/Debug/Exceptions.php(168): CodeIgniter\Debug\Exceptions->respond(Array, 500)
#4 [internal function]: CodeIgniter\Debug\Exceptions->exceptionHandler(Object(ErrorException))
#5 {main}
  thrown
#0 [internal function]: CodeIgniter\Debug\Exceptions->shutdownHandler()
#1 {main}
CRITICAL - 2020-08-24 01:46:15 --> Call to a member function move() on string
#0 /Volumes/Storage/WWW/webincms/vendor/codeigniter4/framework/system/CodeIgniter.php(918): App\Controllers\Backend\Files->upload()
#1 /Volumes/Storage/WWW/webincms/vendor/codeigniter4/framework/system/CodeIgniter.php(404): CodeIgniter\CodeIgniter->runController(Object(App\Controllers\Backend\Files))
#2 /Volumes/Storage/WWW/webincms/vendor/codeigniter4/framework/system/CodeIgniter.php(312): CodeIgniter\CodeIgniter->handleRequest(NULL, Object(Config\Cache), false)
#3 /Volumes/Storage/WWW/webincms/public/index.php(45): CodeIgniter\CodeIgniter->run()
#4 {main}
CRITICAL - 2020-08-24 01:46:15 --> Uncaught ErrorException: Undefined variable: viewFile in /Volumes/Storage/WWW/webincms/vendor/codeigniter4/framework/system/Debug/Exceptions.php:308
Stack trace:
#0 /Volumes/Storage/WWW/webincms/vendor/codeigniter4/framework/system/Debug/Exceptions.php(308): CodeIgniter\Debug\Exceptions->errorHandler(8, 'Undefined varia...', '/Volumes/Storag...', 308, Array)
#1 /Volumes/Storage/WWW/webincms/vendor/codeigniter4/framework/system/Debug/Exceptions.php(308): include()
#2 /Volumes/Storage/WWW/webincms/vendor/codeigniter4/framework/system/Debug/Exceptions.php(174): CodeIgniter\Debug\Exceptions->render(Object(Error), 500)
#3 [internal function]: CodeIgniter\Debug\Exceptions->exceptionHandler(Object(Error))
#4 {main}
  thrown
#0 [internal function]: CodeIgniter\Debug\Exceptions->shutdownHandler()
#1 {main}
CRITICAL - 2020-08-24 01:49:02 --> Call to a member function move() on string
#0 /Volumes/Storage/WWW/webincms/vendor/codeigniter4/framework/system/CodeIgniter.php(918): App\Controllers\Backend\Files->upload()
#1 /Volumes/Storage/WWW/webincms/vendor/codeigniter4/framework/system/CodeIgniter.php(404): CodeIgniter\CodeIgniter->runController(Object(App\Controllers\Backend\Files))
#2 /Volumes/Storage/WWW/webincms/vendor/codeigniter4/framework/system/CodeIgniter.php(312): CodeIgniter\CodeIgniter->handleRequest(NULL, Object(Config\Cache), false)
#3 /Volumes/Storage/WWW/webincms/public/index.php(45): CodeIgniter\CodeIgniter->run()
#4 {main}
CRITICAL - 2020-08-24 01:49:03 --> Uncaught ErrorException: Undefined variable: viewFile in /Volumes/Storage/WWW/webincms/vendor/codeigniter4/framework/system/Debug/Exceptions.php:308
Stack trace:
#0 /Volumes/Storage/WWW/webincms/vendor/codeigniter4/framework/system/Debug/Exceptions.php(308): CodeIgniter\Debug\Exceptions->errorHandler(8, 'Undefined varia...', '/Volumes/Storag...', 308, Array)
#1 /Volumes/Storage/WWW/webincms/vendor/codeigniter4/framework/system/Debug/Exceptions.php(308): include()
#2 /Volumes/Storage/WWW/webincms/vendor/codeigniter4/framework/system/Debug/Exceptions.php(174): CodeIgniter\Debug\Exceptions->render(Object(Error), 500)
#3 [internal function]: CodeIgniter\Debug\Exceptions->exceptionHandler(Object(Error))
#4 {main}
  thrown
#0 [internal function]: CodeIgniter\Debug\Exceptions->shutdownHandler()
#1 {main}
CRITICAL - 2020-08-24 01:49:10 --> Call to a member function move() on string
#0 /Volumes/Storage/WWW/webincms/vendor/codeigniter4/framework/system/CodeIgniter.php(918): App\Controllers\Backend\Files->upload()
#1 /Volumes/Storage/WWW/webincms/vendor/codeigniter4/framework/system/CodeIgniter.php(404): CodeIgniter\CodeIgniter->runController(Object(App\Controllers\Backend\Files))
#2 /Volumes/Storage/WWW/webincms/vendor/codeigniter4/framework/system/CodeIgniter.php(312): CodeIgniter\CodeIgniter->handleRequest(NULL, Object(Config\Cache), false)
#3 /Volumes/Storage/WWW/webincms/public/index.php(45): CodeIgniter\CodeIgniter->run()
#4 {main}
CRITICAL - 2020-08-24 01:49:10 --> Uncaught ErrorException: Undefined variable: viewFile in /Volumes/Storage/WWW/webincms/vendor/codeigniter4/framework/system/Debug/Exceptions.php:308
Stack trace:
#0 /Volumes/Storage/WWW/webincms/vendor/codeigniter4/framework/system/Debug/Exceptions.php(308): CodeIgniter\Debug\Exceptions->errorHandler(8, 'Undefined varia...', '/Volumes/Storag...', 308, Array)
#1 /Volumes/Storage/WWW/webincms/vendor/codeigniter4/framework/system/Debug/Exceptions.php(308): include()
#2 /Volumes/Storage/WWW/webincms/vendor/codeigniter4/framework/system/Debug/Exceptions.php(174): CodeIgniter\Debug\Exceptions->render(Object(Error), 500)
#3 [internal function]: CodeIgniter\Debug\Exceptions->exceptionHandler(Object(Error))
#4 {main}
  thrown
#0 [internal function]: CodeIgniter\Debug\Exceptions->shutdownHandler()
#1 {main}
CRITICAL - 2020-08-24 01:50:11 --> fclose() expects parameter 1 to be resource, string given
#0 [internal function]: CodeIgniter\Debug\Exceptions->errorHandler(2, 'fclose() expect...', '/Volumes/Storag...', 34, Array)
#1 /Volumes/Storage/WWW/webincms/app/Controllers/Backend/Asset.php(34): fclose('/Volumes/Storag...')
#2 /Volumes/Storage/WWW/webincms/vendor/codeigniter4/framework/system/CodeIgniter.php(918): App\Controllers\Backend\Asset->static('img', 'pexels-pixabay-...')
#3 /Volumes/Storage/WWW/webincms/vendor/codeigniter4/framework/system/CodeIgniter.php(404): CodeIgniter\CodeIgniter->runController(Object(App\Controllers\Backend\Asset))
#4 /Volumes/Storage/WWW/webincms/vendor/codeigniter4/framework/system/CodeIgniter.php(312): CodeIgniter\CodeIgniter->handleRequest(NULL, Object(Config\Cache), false)
#5 /Volumes/Storage/WWW/webincms/public/index.php(45): CodeIgniter\CodeIgniter->run()
#6 {main}
CRITICAL - 2020-08-24 01:50:11 --> Uncaught CodeIgniter\Format\Exceptions\FormatException: Failed to parse json string, error: "Type is not supported". in /Volumes/Storage/WWW/webincms/vendor/codeigniter4/framework/system/Format/Exceptions/FormatException.php:9
Stack trace:
#0 /Volumes/Storage/WWW/webincms/vendor/codeigniter4/framework/system/Format/JSONFormatter.php(71): CodeIgniter\Format\Exceptions\FormatException::forInvalidJSON('Type is not sup...')
#1 /Volumes/Storage/WWW/webincms/vendor/codeigniter4/framework/system/API/ResponseTrait.php(414): CodeIgniter\Format\JSONFormatter->format(Array)
#2 /Volumes/Storage/WWW/webincms/vendor/codeigniter4/framework/system/API/ResponseTrait.php(134): CodeIgniter\Debug\Exceptions->format(Array)
#3 /Volumes/Storage/WWW/webincms/vendor/codeigniter4/framework/system/Debug/Exceptions.php(168): CodeIgniter\Debug\Exceptions->respond(Array, 500)
#4 [internal function]: CodeIgniter\Debug\Exceptions->exceptionHandler(Object(ErrorException))
#5 {main}
  thrown
#0 [internal function]: CodeIgniter\Debug\Exceptions->shutdownHandler()
#1 {main}
CRITICAL - 2020-08-24 01:50:12 --> fclose() expects parameter 1 to be resource, string given
#0 [internal function]: CodeIgniter\Debug\Exceptions->errorHandler(2, 'fclose() expect...', '/Volumes/Storag...', 34, Array)
#1 /Volumes/Storage/WWW/webincms/app/Controllers/Backend/Asset.php(34): fclose('/Volumes/Storag...')
#2 /Volumes/Storage/WWW/webincms/vendor/codeigniter4/framework/system/CodeIgniter.php(918): App\Controllers\Backend\Asset->static('img', 'pexels-pixabay-...')
#3 /Volumes/Storage/WWW/webincms/vendor/codeigniter4/framework/system/CodeIgniter.php(404): CodeIgniter\CodeIgniter->runController(Object(App\Controllers\Backend\Asset))
#4 /Volumes/Storage/WWW/webincms/vendor/codeigniter4/framework/system/CodeIgniter.php(312): CodeIgniter\CodeIgniter->handleRequest(NULL, Object(Config\Cache), false)
#5 /Volumes/Storage/WWW/webincms/public/index.php(45): CodeIgniter\CodeIgniter->run()
#6 {main}
CRITICAL - 2020-08-24 01:50:13 --> Uncaught CodeIgniter\Format\Exceptions\FormatException: Failed to parse json string, error: "Type is not supported". in /Volumes/Storage/WWW/webincms/vendor/codeigniter4/framework/system/Format/Exceptions/FormatException.php:9
Stack trace:
#0 /Volumes/Storage/WWW/webincms/vendor/codeigniter4/framework/system/Format/JSONFormatter.php(71): CodeIgniter\Format\Exceptions\FormatException::forInvalidJSON('Type is not sup...')
#1 /Volumes/Storage/WWW/webincms/vendor/codeigniter4/framework/system/API/ResponseTrait.php(414): CodeIgniter\Format\JSONFormatter->format(Array)
#2 /Volumes/Storage/WWW/webincms/vendor/codeigniter4/framework/system/API/ResponseTrait.php(134): CodeIgniter\Debug\Exceptions->format(Array)
#3 /Volumes/Storage/WWW/webincms/vendor/codeigniter4/framework/system/Debug/Exceptions.php(168): CodeIgniter\Debug\Exceptions->respond(Array, 500)
#4 [internal function]: CodeIgniter\Debug\Exceptions->exceptionHandler(Object(ErrorException))
#5 {main}
  thrown
#0 [internal function]: CodeIgniter\Debug\Exceptions->shutdownHandler()
#1 {main}
CRITICAL - 2020-08-24 01:50:39 --> fclose() expects parameter 1 to be resource, string given
#0 [internal function]: CodeIgniter\Debug\Exceptions->errorHandler(2, 'fclose() expect...', '/Volumes/Storag...', 34, Array)
#1 /Volumes/Storage/WWW/webincms/app/Controllers/Backend/Asset.php(34): fclose('/Volumes/Storag...')
#2 /Volumes/Storage/WWW/webincms/vendor/codeigniter4/framework/system/CodeIgniter.php(918): App\Controllers\Backend\Asset->static('img', 'pexels-pixabay-...')
#3 /Volumes/Storage/WWW/webincms/vendor/codeigniter4/framework/system/CodeIgniter.php(404): CodeIgniter\CodeIgniter->runController(Object(App\Controllers\Backend\Asset))
#4 /Volumes/Storage/WWW/webincms/vendor/codeigniter4/framework/system/CodeIgniter.php(312): CodeIgniter\CodeIgniter->handleRequest(NULL, Object(Config\Cache), false)
#5 /Volumes/Storage/WWW/webincms/public/index.php(45): CodeIgniter\CodeIgniter->run()
#6 {main}
CRITICAL - 2020-08-24 01:50:39 --> Uncaught CodeIgniter\Format\Exceptions\FormatException: Failed to parse json string, error: "Type is not supported". in /Volumes/Storage/WWW/webincms/vendor/codeigniter4/framework/system/Format/Exceptions/FormatException.php:9
Stack trace:
#0 /Volumes/Storage/WWW/webincms/vendor/codeigniter4/framework/system/Format/JSONFormatter.php(71): CodeIgniter\Format\Exceptions\FormatException::forInvalidJSON('Type is not sup...')
#1 /Volumes/Storage/WWW/webincms/vendor/codeigniter4/framework/system/API/ResponseTrait.php(414): CodeIgniter\Format\JSONFormatter->format(Array)
#2 /Volumes/Storage/WWW/webincms/vendor/codeigniter4/framework/system/API/ResponseTrait.php(134): CodeIgniter\Debug\Exceptions->format(Array)
#3 /Volumes/Storage/WWW/webincms/vendor/codeigniter4/framework/system/Debug/Exceptions.php(168): CodeIgniter\Debug\Exceptions->respond(Array, 500)
#4 [internal function]: CodeIgniter\Debug\Exceptions->exceptionHandler(Object(ErrorException))
#5 {main}
  thrown
#0 [internal function]: CodeIgniter\Debug\Exceptions->shutdownHandler()
#1 {main}
CRITICAL - 2020-08-24 01:50:58 --> fclose() expects parameter 1 to be resource, string given
#0 [internal function]: CodeIgniter\Debug\Exceptions->errorHandler(2, 'fclose() expect...', '/Volumes/Storag...', 34, Array)
#1 /Volumes/Storage/WWW/webincms/app/Controllers/Backend/Asset.php(34): fclose('/Volumes/Storag...')
#2 /Volumes/Storage/WWW/webincms/vendor/codeigniter4/framework/system/CodeIgniter.php(918): App\Controllers\Backend\Asset->static('img', 'pexels-pixabay-...')
#3 /Volumes/Storage/WWW/webincms/vendor/codeigniter4/framework/system/CodeIgniter.php(404): CodeIgniter\CodeIgniter->runController(Object(App\Controllers\Backend\Asset))
#4 /Volumes/Storage/WWW/webincms/vendor/codeigniter4/framework/system/CodeIgniter.php(312): CodeIgniter\CodeIgniter->handleRequest(NULL, Object(Config\Cache), false)
#5 /Volumes/Storage/WWW/webincms/public/index.php(45): CodeIgniter\CodeIgniter->run()
#6 {main}
CRITICAL - 2020-08-24 01:50:58 --> Uncaught CodeIgniter\Format\Exceptions\FormatException: Failed to parse json string, error: "Type is not supported". in /Volumes/Storage/WWW/webincms/vendor/codeigniter4/framework/system/Format/Exceptions/FormatException.php:9
Stack trace:
#0 /Volumes/Storage/WWW/webincms/vendor/codeigniter4/framework/system/Format/JSONFormatter.php(71): CodeIgniter\Format\Exceptions\FormatException::forInvalidJSON('Type is not sup...')
#1 /Volumes/Storage/WWW/webincms/vendor/codeigniter4/framework/system/API/ResponseTrait.php(414): CodeIgniter\Format\JSONFormatter->format(Array)
#2 /Volumes/Storage/WWW/webincms/vendor/codeigniter4/framework/system/API/ResponseTrait.php(134): CodeIgniter\Debug\Exceptions->format(Array)
#3 /Volumes/Storage/WWW/webincms/vendor/codeigniter4/framework/system/Debug/Exceptions.php(168): CodeIgniter\Debug\Exceptions->respond(Array, 500)
#4 [internal function]: CodeIgniter\Debug\Exceptions->exceptionHandler(Object(ErrorException))
#5 {main}
  thrown
#0 [internal function]: CodeIgniter\Debug\Exceptions->shutdownHandler()
#1 {main}
CRITICAL - 2020-08-24 01:51:03 --> fclose() expects parameter 1 to be resource, string given
#0 [internal function]: CodeIgniter\Debug\Exceptions->errorHandler(2, 'fclose() expect...', '/Volumes/Storag...', 34, Array)
#1 /Volumes/Storage/WWW/webincms/app/Controllers/Backend/Asset.php(34): fclose('/Volumes/Storag...')
#2 /Volumes/Storage/WWW/webincms/vendor/codeigniter4/framework/system/CodeIgniter.php(918): App\Controllers\Backend\Asset->static('img', 'pexels-pixabay-...')
#3 /Volumes/Storage/WWW/webincms/vendor/codeigniter4/framework/system/CodeIgniter.php(404): CodeIgniter\CodeIgniter->runController(Object(App\Controllers\Backend\Asset))
#4 /Volumes/Storage/WWW/webincms/vendor/codeigniter4/framework/system/CodeIgniter.php(312): CodeIgniter\CodeIgniter->handleRequest(NULL, Object(Config\Cache), false)
#5 /Volumes/Storage/WWW/webincms/public/index.php(45): CodeIgniter\CodeIgniter->run()
#6 {main}
CRITICAL - 2020-08-24 01:51:03 --> Uncaught CodeIgniter\Format\Exceptions\FormatException: Failed to parse json string, error: "Type is not supported". in /Volumes/Storage/WWW/webincms/vendor/codeigniter4/framework/system/Format/Exceptions/FormatException.php:9
Stack trace:
#0 /Volumes/Storage/WWW/webincms/vendor/codeigniter4/framework/system/Format/JSONFormatter.php(71): CodeIgniter\Format\Exceptions\FormatException::forInvalidJSON('Type is not sup...')
#1 /Volumes/Storage/WWW/webincms/vendor/codeigniter4/framework/system/API/ResponseTrait.php(414): CodeIgniter\Format\JSONFormatter->format(Array)
#2 /Volumes/Storage/WWW/webincms/vendor/codeigniter4/framework/system/API/ResponseTrait.php(134): CodeIgniter\Debug\Exceptions->format(Array)
#3 /Volumes/Storage/WWW/webincms/vendor/codeigniter4/framework/system/Debug/Exceptions.php(168): CodeIgniter\Debug\Exceptions->respond(Array, 500)
#4 [internal function]: CodeIgniter\Debug\Exceptions->exceptionHandler(Object(ErrorException))
#5 {main}
  thrown
#0 [internal function]: CodeIgniter\Debug\Exceptions->shutdownHandler()
#1 {main}
CRITICAL - 2020-08-24 04:29:35 --> fclose() expects parameter 1 to be resource, string given
#0 [internal function]: CodeIgniter\Debug\Exceptions->errorHandler(2, 'fclose() expect...', '/Volumes/Storag...', 34, Array)
#1 /Volumes/Storage/WWW/webincms/app/Controllers/Backend/Asset.php(34): fclose('/Volumes/Storag...')
#2 /Volumes/Storage/WWW/webincms/vendor/codeigniter4/framework/system/CodeIgniter.php(918): App\Controllers\Backend\Asset->static('img', 'pexels-athena-2...')
#3 /Volumes/Storage/WWW/webincms/vendor/codeigniter4/framework/system/CodeIgniter.php(404): CodeIgniter\CodeIgniter->runController(Object(App\Controllers\Backend\Asset))
#4 /Volumes/Storage/WWW/webincms/vendor/codeigniter4/framework/system/CodeIgniter.php(312): CodeIgniter\CodeIgniter->handleRequest(NULL, Object(Config\Cache), false)
#5 /Volumes/Storage/WWW/webincms/public/index.php(45): CodeIgniter\CodeIgniter->run()
#6 {main}
CRITICAL - 2020-08-24 04:29:35 --> Uncaught CodeIgniter\Format\Exceptions\FormatException: Failed to parse json string, error: "Type is not supported". in /Volumes/Storage/WWW/webincms/vendor/codeigniter4/framework/system/Format/Exceptions/FormatException.php:9
Stack trace:
#0 /Volumes/Storage/WWW/webincms/vendor/codeigniter4/framework/system/Format/JSONFormatter.php(71): CodeIgniter\Format\Exceptions\FormatException::forInvalidJSON('Type is not sup...')
#1 /Volumes/Storage/WWW/webincms/vendor/codeigniter4/framework/system/API/ResponseTrait.php(414): CodeIgniter\Format\JSONFormatter->format(Array)
#2 /Volumes/Storage/WWW/webincms/vendor/codeigniter4/framework/system/API/ResponseTrait.php(134): CodeIgniter\Debug\Exceptions->format(Array)
#3 /Volumes/Storage/WWW/webincms/vendor/codeigniter4/framework/system/Debug/Exceptions.php(168): CodeIgniter\Debug\Exceptions->respond(Array, 500)
#4 [internal function]: CodeIgniter\Debug\Exceptions->exceptionHandler(Object(ErrorException))
#5 {main}
  thrown
#0 [internal function]: CodeIgniter\Debug\Exceptions->shutdownHandler()
#1 {main}
CRITICAL - 2020-08-24 04:29:42 --> fclose() expects parameter 1 to be resource, string given
#0 [internal function]: CodeIgniter\Debug\Exceptions->errorHandler(2, 'fclose() expect...', '/Volumes/Storag...', 34, Array)
#1 /Volumes/Storage/WWW/webincms/app/Controllers/Backend/Asset.php(34): fclose('/Volumes/Storag...')
#2 /Volumes/Storage/WWW/webincms/vendor/codeigniter4/framework/system/CodeIgniter.php(918): App\Controllers\Backend\Asset->static('img', 'pexels-pixabay-...')
#3 /Volumes/Storage/WWW/webincms/vendor/codeigniter4/framework/system/CodeIgniter.php(404): CodeIgniter\CodeIgniter->runController(Object(App\Controllers\Backend\Asset))
#4 /Volumes/Storage/WWW/webincms/vendor/codeigniter4/framework/system/CodeIgniter.php(312): CodeIgniter\CodeIgniter->handleRequest(NULL, Object(Config\Cache), false)
#5 /Volumes/Storage/WWW/webincms/public/index.php(45): CodeIgniter\CodeIgniter->run()
#6 {main}
CRITICAL - 2020-08-24 04:29:42 --> Uncaught CodeIgniter\Format\Exceptions\FormatException: Failed to parse json string, error: "Type is not supported". in /Volumes/Storage/WWW/webincms/vendor/codeigniter4/framework/system/Format/Exceptions/FormatException.php:9
Stack trace:
#0 /Volumes/Storage/WWW/webincms/vendor/codeigniter4/framework/system/Format/JSONFormatter.php(71): CodeIgniter\Format\Exceptions\FormatException::forInvalidJSON('Type is not sup...')
#1 /Volumes/Storage/WWW/webincms/vendor/codeigniter4/framework/system/API/ResponseTrait.php(414): CodeIgniter\Format\JSONFormatter->format(Array)
#2 /Volumes/Storage/WWW/webincms/vendor/codeigniter4/framework/system/API/ResponseTrait.php(134): CodeIgniter\Debug\Exceptions->format(Array)
#3 /Volumes/Storage/WWW/webincms/vendor/codeigniter4/framework/system/Debug/Exceptions.php(168): CodeIgniter\Debug\Exceptions->respond(Array, 500)
#4 [internal function]: CodeIgniter\Debug\Exceptions->exceptionHandler(Object(ErrorException))
#5 {main}
  thrown
#0 [internal function]: CodeIgniter\Debug\Exceptions->shutdownHandler()
#1 {main}
CRITICAL - 2020-08-24 04:30:41 --> fclose() expects parameter 1 to be resource, string given
#0 [internal function]: CodeIgniter\Debug\Exceptions->errorHandler(2, 'fclose() expect...', '/Volumes/Storag...', 34, Array)
#1 /Volumes/Storage/WWW/webincms/app/Controllers/Backend/Asset.php(34): fclose('/Volumes/Storag...')
#2 /Volumes/Storage/WWW/webincms/vendor/codeigniter4/framework/system/CodeIgniter.php(918): App\Controllers\Backend\Asset->static('img', 'pexels-pixabay-...')
#3 /Volumes/Storage/WWW/webincms/vendor/codeigniter4/framework/system/CodeIgniter.php(404): CodeIgniter\CodeIgniter->runController(Object(App\Controllers\Backend\Asset))
#4 /Volumes/Storage/WWW/webincms/vendor/codeigniter4/framework/system/CodeIgniter.php(312): CodeIgniter\CodeIgniter->handleRequest(NULL, Object(Config\Cache), false)
#5 /Volumes/Storage/WWW/webincms/public/index.php(45): CodeIgniter\CodeIgniter->run()
#6 {main}
CRITICAL - 2020-08-24 04:30:41 --> Uncaught CodeIgniter\Format\Exceptions\FormatException: Failed to parse json string, error: "Type is not supported". in /Volumes/Storage/WWW/webincms/vendor/codeigniter4/framework/system/Format/Exceptions/FormatException.php:9
Stack trace:
#0 /Volumes/Storage/WWW/webincms/vendor/codeigniter4/framework/system/Format/JSONFormatter.php(71): CodeIgniter\Format\Exceptions\FormatException::forInvalidJSON('Type is not sup...')
#1 /Volumes/Storage/WWW/webincms/vendor/codeigniter4/framework/system/API/ResponseTrait.php(414): CodeIgniter\Format\JSONFormatter->format(Array)
#2 /Volumes/Storage/WWW/webincms/vendor/codeigniter4/framework/system/API/ResponseTrait.php(134): CodeIgniter\Debug\Exceptions->format(Array)
#3 /Volumes/Storage/WWW/webincms/vendor/codeigniter4/framework/system/Debug/Exceptions.php(168): CodeIgniter\Debug\Exceptions->respond(Array, 500)
#4 [internal function]: CodeIgniter\Debug\Exceptions->exceptionHandler(Object(ErrorException))
#5 {main}
  thrown
#0 [internal function]: CodeIgniter\Debug\Exceptions->shutdownHandler()
#1 {main}
CRITICAL - 2020-08-24 04:38:17 --> Undefined property: App\Controllers\Backend\Files::$files
#0 /Volumes/Storage/WWW/webincms/app/Controllers/Backend/Files.php(15): CodeIgniter\Debug\Exceptions->errorHandler(8, 'Undefined prope...', '/Volumes/Storag...', 15, Array)
#1 /Volumes/Storage/WWW/webincms/vendor/codeigniter4/framework/system/CodeIgniter.php(918): App\Controllers\Backend\Files->index()
#2 /Volumes/Storage/WWW/webincms/vendor/codeigniter4/framework/system/CodeIgniter.php(404): CodeIgniter\CodeIgniter->runController(Object(App\Controllers\Backend\Files))
#3 /Volumes/Storage/WWW/webincms/vendor/codeigniter4/framework/system/CodeIgniter.php(312): CodeIgniter\CodeIgniter->handleRequest(NULL, Object(Config\Cache), false)
#4 /Volumes/Storage/WWW/webincms/public/index.php(45): CodeIgniter\CodeIgniter->run()
#5 {main}
CRITICAL - 2020-08-24 04:38:17 --> Uncaught ErrorException: Undefined variable: viewFile in /Volumes/Storage/WWW/webincms/vendor/codeigniter4/framework/system/Debug/Exceptions.php:308
Stack trace:
#0 /Volumes/Storage/WWW/webincms/vendor/codeigniter4/framework/system/Debug/Exceptions.php(308): CodeIgniter\Debug\Exceptions->errorHandler(8, 'Undefined varia...', '/Volumes/Storag...', 308, Array)
#1 /Volumes/Storage/WWW/webincms/vendor/codeigniter4/framework/system/Debug/Exceptions.php(308): include()
#2 /Volumes/Storage/WWW/webincms/vendor/codeigniter4/framework/system/Debug/Exceptions.php(174): CodeIgniter\Debug\Exceptions->render(Object(ErrorException), 500)
#3 [internal function]: CodeIgniter\Debug\Exceptions->exceptionHandler(Object(ErrorException))
#4 {main}
  thrown
#0 [internal function]: CodeIgniter\Debug\Exceptions->shutdownHandler()
#1 {main}
CRITICAL - 2020-08-24 04:38:39 --> Undefined property: App\Controllers\Backend\Files::$files
#0 /Volumes/Storage/WWW/webincms/app/Controllers/Backend/Files.php(15): CodeIgniter\Debug\Exceptions->errorHandler(8, 'Undefined prope...', '/Volumes/Storag...', 15, Array)
#1 /Volumes/Storage/WWW/webincms/vendor/codeigniter4/framework/system/CodeIgniter.php(918): App\Controllers\Backend\Files->index()
#2 /Volumes/Storage/WWW/webincms/vendor/codeigniter4/framework/system/CodeIgniter.php(404): CodeIgniter\CodeIgniter->runController(Object(App\Controllers\Backend\Files))
#3 /Volumes/Storage/WWW/webincms/vendor/codeigniter4/framework/system/CodeIgniter.php(312): CodeIgniter\CodeIgniter->handleRequest(NULL, Object(Config\Cache), false)
#4 /Volumes/Storage/WWW/webincms/public/index.php(45): CodeIgniter\CodeIgniter->run()
#5 {main}
CRITICAL - 2020-08-24 04:38:39 --> Uncaught ErrorException: Undefined variable: viewFile in /Volumes/Storage/WWW/webincms/vendor/codeigniter4/framework/system/Debug/Exceptions.php:308
Stack trace:
#0 /Volumes/Storage/WWW/webincms/vendor/codeigniter4/framework/system/Debug/Exceptions.php(308): CodeIgniter\Debug\Exceptions->errorHandler(8, 'Undefined varia...', '/Volumes/Storag...', 308, Array)
#1 /Volumes/Storage/WWW/webincms/vendor/codeigniter4/framework/system/Debug/Exceptions.php(308): include()
#2 /Volumes/Storage/WWW/webincms/vendor/codeigniter4/framework/system/Debug/Exceptions.php(174): CodeIgniter\Debug\Exceptions->render(Object(ErrorException), 500)
#3 [internal function]: CodeIgniter\Debug\Exceptions->exceptionHandler(Object(ErrorException))
#4 {main}
  thrown
#0 [internal function]: CodeIgniter\Debug\Exceptions->shutdownHandler()
#1 {main}
CRITICAL - 2020-08-24 20:45:18 --> fclose() expects parameter 1 to be resource, string given
#0 [internal function]: CodeIgniter\Debug\Exceptions->errorHandler(2, 'fclose() expect...', '/Volumes/Storag...', 34, Array)
#1 /Volumes/Storage/WWW/webincms/app/Controllers/Backend/Asset.php(34): fclose('/Volumes/Storag...')
#2 /Volumes/Storage/WWW/webincms/vendor/codeigniter4/framework/system/CodeIgniter.php(918): App\Controllers\Backend\Asset->static('img', 'pexels-athena-2...')
#3 /Volumes/Storage/WWW/webincms/vendor/codeigniter4/framework/system/CodeIgniter.php(404): CodeIgniter\CodeIgniter->runController(Object(App\Controllers\Backend\Asset))
#4 /Volumes/Storage/WWW/webincms/vendor/codeigniter4/framework/system/CodeIgniter.php(312): CodeIgniter\CodeIgniter->handleRequest(NULL, Object(Config\Cache), false)
#5 /Volumes/Storage/WWW/webincms/public/index.php(45): CodeIgniter\CodeIgniter->run()
#6 {main}
CRITICAL - 2020-08-24 20:45:20 --> Uncaught CodeIgniter\Format\Exceptions\FormatException: Failed to parse json string, error: "Type is not supported". in /Volumes/Storage/WWW/webincms/vendor/codeigniter4/framework/system/Format/Exceptions/FormatException.php:9
Stack trace:
#0 /Volumes/Storage/WWW/webincms/vendor/codeigniter4/framework/system/Format/JSONFormatter.php(71): CodeIgniter\Format\Exceptions\FormatException::forInvalidJSON('Type is not sup...')
#1 /Volumes/Storage/WWW/webincms/vendor/codeigniter4/framework/system/API/ResponseTrait.php(414): CodeIgniter\Format\JSONFormatter->format(Array)
#2 /Volumes/Storage/WWW/webincms/vendor/codeigniter4/framework/system/API/ResponseTrait.php(134): CodeIgniter\Debug\Exceptions->format(Array)
#3 /Volumes/Storage/WWW/webincms/vendor/codeigniter4/framework/system/Debug/Exceptions.php(168): CodeIgniter\Debug\Exceptions->respond(Array, 500)
#4 [internal function]: CodeIgniter\Debug\Exceptions->exceptionHandler(Object(ErrorException))
#5 {main}
  thrown
#0 [internal function]: CodeIgniter\Debug\Exceptions->shutdownHandler()
#1 {main}
CRITICAL - 2020-08-24 20:46:17 --> fclose() expects parameter 1 to be resource, string given
#0 [internal function]: CodeIgniter\Debug\Exceptions->errorHandler(2, 'fclose() expect...', '/Volumes/Storag...', 34, Array)
#1 /Volumes/Storage/WWW/webincms/app/Controllers/Backend/Asset.php(34): fclose('/Volumes/Storag...')
#2 /Volumes/Storage/WWW/webincms/vendor/codeigniter4/framework/system/CodeIgniter.php(918): App\Controllers\Backend\Asset->static('img', 'pexels-pixabay-...')
#3 /Volumes/Storage/WWW/webincms/vendor/codeigniter4/framework/system/CodeIgniter.php(404): CodeIgniter\CodeIgniter->runController(Object(App\Controllers\Backend\Asset))
#4 /Volumes/Storage/WWW/webincms/vendor/codeigniter4/framework/system/CodeIgniter.php(312): CodeIgniter\CodeIgniter->handleRequest(NULL, Object(Config\Cache), false)
#5 /Volumes/Storage/WWW/webincms/public/index.php(45): CodeIgniter\CodeIgniter->run()
#6 {main}
CRITICAL - 2020-08-24 20:46:18 --> Uncaught CodeIgniter\Format\Exceptions\FormatException: Failed to parse json string, error: "Type is not supported". in /Volumes/Storage/WWW/webincms/vendor/codeigniter4/framework/system/Format/Exceptions/FormatException.php:9
Stack trace:
#0 /Volumes/Storage/WWW/webincms/vendor/codeigniter4/framework/system/Format/JSONFormatter.php(71): CodeIgniter\Format\Exceptions\FormatException::forInvalidJSON('Type is not sup...')
#1 /Volumes/Storage/WWW/webincms/vendor/codeigniter4/framework/system/API/ResponseTrait.php(414): CodeIgniter\Format\JSONFormatter->format(Array)
#2 /Volumes/Storage/WWW/webincms/vendor/codeigniter4/framework/system/API/ResponseTrait.php(134): CodeIgniter\Debug\Exceptions->format(Array)
#3 /Volumes/Storage/WWW/webincms/vendor/codeigniter4/framework/system/Debug/Exceptions.php(168): CodeIgniter\Debug\Exceptions->respond(Array, 500)
#4 [internal function]: CodeIgniter\Debug\Exceptions->exceptionHandler(Object(ErrorException))
#5 {main}
  thrown
#0 [internal function]: CodeIgniter\Debug\Exceptions->shutdownHandler()
#1 {main}
CRITICAL - 2020-08-24 20:46:24 --> Undefined property: App\Controllers\Backend\Files::$files
#0 /Volumes/Storage/WWW/webincms/app/Controllers/Backend/Files.php(15): CodeIgniter\Debug\Exceptions->errorHandler(8, 'Undefined prope...', '/Volumes/Storag...', 15, Array)
#1 /Volumes/Storage/WWW/webincms/vendor/codeigniter4/framework/system/CodeIgniter.php(918): App\Controllers\Backend\Files->index()
#2 /Volumes/Storage/WWW/webincms/vendor/codeigniter4/framework/system/CodeIgniter.php(404): CodeIgniter\CodeIgniter->runController(Object(App\Controllers\Backend\Files))
#3 /Volumes/Storage/WWW/webincms/vendor/codeigniter4/framework/system/CodeIgniter.php(312): CodeIgniter\CodeIgniter->handleRequest(NULL, Object(Config\Cache), false)
#4 /Volumes/Storage/WWW/webincms/public/index.php(45): CodeIgniter\CodeIgniter->run()
#5 {main}
CRITICAL - 2020-08-24 20:46:24 --> Uncaught ErrorException: Undefined variable: viewFile in /Volumes/Storage/WWW/webincms/vendor/codeigniter4/framework/system/Debug/Exceptions.php:308
Stack trace:
#0 /Volumes/Storage/WWW/webincms/vendor/codeigniter4/framework/system/Debug/Exceptions.php(308): CodeIgniter\Debug\Exceptions->errorHandler(8, 'Undefined varia...', '/Volumes/Storag...', 308, Array)
#1 /Volumes/Storage/WWW/webincms/vendor/codeigniter4/framework/system/Debug/Exceptions.php(308): include()
#2 /Volumes/Storage/WWW/webincms/vendor/codeigniter4/framework/system/Debug/Exceptions.php(174): CodeIgniter\Debug\Exceptions->render(Object(ErrorException), 500)
#3 [internal function]: CodeIgniter\Debug\Exceptions->exceptionHandler(Object(ErrorException))
#4 {main}
  thrown
#0 [internal function]: CodeIgniter\Debug\Exceptions->shutdownHandler()
#1 {main}
CRITICAL - 2020-08-24 20:47:04 --> Undefined property: App\Controllers\Backend\Files::$files
#0 /Volumes/Storage/WWW/webincms/app/Controllers/Backend/Files.php(15): CodeIgniter\Debug\Exceptions->errorHandler(8, 'Undefined prope...', '/Volumes/Storag...', 15, Array)
#1 /Volumes/Storage/WWW/webincms/vendor/codeigniter4/framework/system/CodeIgniter.php(918): App\Controllers\Backend\Files->index()
#2 /Volumes/Storage/WWW/webincms/vendor/codeigniter4/framework/system/CodeIgniter.php(404): CodeIgniter\CodeIgniter->runController(Object(App\Controllers\Backend\Files))
#3 /Volumes/Storage/WWW/webincms/vendor/codeigniter4/framework/system/CodeIgniter.php(312): CodeIgniter\CodeIgniter->handleRequest(NULL, Object(Config\Cache), false)
#4 /Volumes/Storage/WWW/webincms/public/index.php(45): CodeIgniter\CodeIgniter->run()
#5 {main}
CRITICAL - 2020-08-24 20:47:04 --> Uncaught ErrorException: Undefined variable: viewFile in /Volumes/Storage/WWW/webincms/vendor/codeigniter4/framework/system/Debug/Exceptions.php:308
Stack trace:
#0 /Volumes/Storage/WWW/webincms/vendor/codeigniter4/framework/system/Debug/Exceptions.php(308): CodeIgniter\Debug\Exceptions->errorHandler(8, 'Undefined varia...', '/Volumes/Storag...', 308, Array)
#1 /Volumes/Storage/WWW/webincms/vendor/codeigniter4/framework/system/Debug/Exceptions.php(308): include()
#2 /Volumes/Storage/WWW/webincms/vendor/codeigniter4/framework/system/Debug/Exceptions.php(174): CodeIgniter\Debug\Exceptions->render(Object(ErrorException), 500)
#3 [internal function]: CodeIgniter\Debug\Exceptions->exceptionHandler(Object(ErrorException))
#4 {main}
  thrown
#0 [internal function]: CodeIgniter\Debug\Exceptions->shutdownHandler()
#1 {main}
CRITICAL - 2020-08-24 20:47:38 --> Undefined property: App\Controllers\Backend\Files::$files
#0 /Volumes/Storage/WWW/webincms/app/Controllers/Backend/Files.php(15): CodeIgniter\Debug\Exceptions->errorHandler(8, 'Undefined prope...', '/Volumes/Storag...', 15, Array)
#1 /Volumes/Storage/WWW/webincms/vendor/codeigniter4/framework/system/CodeIgniter.php(918): App\Controllers\Backend\Files->index()
#2 /Volumes/Storage/WWW/webincms/vendor/codeigniter4/framework/system/CodeIgniter.php(404): CodeIgniter\CodeIgniter->runController(Object(App\Controllers\Backend\Files))
#3 /Volumes/Storage/WWW/webincms/vendor/codeigniter4/framework/system/CodeIgniter.php(312): CodeIgniter\CodeIgniter->handleRequest(NULL, Object(Config\Cache), false)
#4 /Volumes/Storage/WWW/webincms/public/index.php(45): CodeIgniter\CodeIgniter->run()
#5 {main}
CRITICAL - 2020-08-24 20:47:38 --> Uncaught ErrorException: Undefined variable: viewFile in /Volumes/Storage/WWW/webincms/vendor/codeigniter4/framework/system/Debug/Exceptions.php:308
Stack trace:
#0 /Volumes/Storage/WWW/webincms/vendor/codeigniter4/framework/system/Debug/Exceptions.php(308): CodeIgniter\Debug\Exceptions->errorHandler(8, 'Undefined varia...', '/Volumes/Storag...', 308, Array)
#1 /Volumes/Storage/WWW/webincms/vendor/codeigniter4/framework/system/Debug/Exceptions.php(308): include()
#2 /Volumes/Storage/WWW/webincms/vendor/codeigniter4/framework/system/Debug/Exceptions.php(174): CodeIgniter\Debug\Exceptions->render(Object(ErrorException), 500)
#3 [internal function]: CodeIgniter\Debug\Exceptions->exceptionHandler(Object(ErrorException))
#4 {main}
  thrown
#0 [internal function]: CodeIgniter\Debug\Exceptions->shutdownHandler()
#1 {main}
